
ROM used:   355/8192 (4%)
            355/8192 (4%) including unused fragments

            0.1 Average locations per line
            1.3 Average locations per statement

RAM used:   14/368 (4%) at main() level
            44/368 (12%) worst case

Stack used: 2 worst case (2 in main + 0 for interrupts)
Stack size: 8

Lines Stmts  %   Files
----- ----- ---  -----
   44    21   8  main.c
   10     0   0  main.h
  768     0   0  ..\..\Program Files (x86)\PICC\Devices\16F887.h
 2229   257  92  ..\..\Program Files (x86)\PICC\Drivers\math.h
----- -----
 3051   278 Total

Page ROM  %  RAM   Vol Diff  Functions:
---- --- --- ---   --- ----  ----------
 Inline         1             @delay_ms1
0     14   4    0             @const762
0    106  30   17   152  4.7  tachSo
0     79  22   13             @DIV3232
0     70  20    1   344  5.3  hienthi
0     82  23    0   167  3.5  MAIN
 Inline         0             @cinit1

Program metrics:
    Functions               3
    Statements              278
    Comments                390
    Volume (V)              874
    Difficulty (D)          13.0
    Effort to implement (E) 11320
    Time to implement (T)   10 minutes
    Est Delivered Bugs (B)  0
    Cyclomatic Complexity   3
    Maintainability (MI)    22

 Segment     Used  Free
-----------  ----  ----
00000-00003     4  0  
00004-007FF   351  1693  
00800-00FFF     0  2048  
01000-017FF     0  2048  
01800-01FFF     0  2048  



