

Microchip MPLAB XC8 Assembler V2.36 build 20220127204148 
                                                                                               Fri Apr 01 20:57:34 2022

Microchip MPLAB XC8 C Compiler v2.36 (Free license) build 20220127204148 Og1 
     1                           	processor	16F1509
     2                           	pagewidth 120
     3                           	opt	flic
     4                           	psect	idataBANK0,global,class=CODE,delta=2,noexec
     5                           	psect	cinit,global,class=CODE,merge=1,delta=2
     6                           	psect	bssBANK0,global,class=BANK0,space=1,delta=1,noexec
     7                           	psect	dataBANK0,global,class=BANK0,space=1,delta=1,noexec
     8                           	psect	inittext,global,class=CODE,delta=2
     9                           	psect	cstackCOMMON,global,class=COMMON,space=1,delta=1,noexec
    10                           	psect	cstackBANK0,global,class=BANK0,space=1,delta=1,noexec
    11                           	psect	maintext,global,class=CODE,merge=1,split=1,delta=2
    12                           	psect	text1,local,class=CODE,merge=1,delta=2
    13                           	psect	text2,local,class=CODE,merge=1,delta=2
    14                           	psect	text3,local,class=CODE,merge=1,delta=2
    15                           	psect	text4,local,class=CODE,merge=1,delta=2,group=1
    16                           	psect	text5,local,class=CODE,merge=1,delta=2,group=1
    17                           	psect	idloc,global,abs,ovrld,class=IDLOC,space=5,delta=2,noexec
    18                           	psect	config,global,abs,ovrld,class=CONFIG,space=4,delta=2,noexec
    19                           	dabs	1,0x7E,2
    20  0000                     
    21                           ; Version 2.40
    22                           ; Generated 17/11/2021 GMT
    23                           ; 
    24                           ; Copyright © 2021, Microchip Technology Inc. and its subsidiaries ("Microchip")
    25                           ; All rights reserved.
    26                           ; 
    27                           ; This software is developed by Microchip Technology Inc. and its subsidiaries ("Microch
      +                          ip").
    28                           ; 
    29                           ; Redistribution and use in source and binary forms, with or without modification, are
    30                           ; permitted provided that the following conditions are met:
    31                           ; 
    32                           ;     1. Redistributions of source code must retain the above copyright notice, this lis
      +                          t of
    33                           ;        conditions and the following disclaimer.
    34                           ; 
    35                           ;     2. Redistributions in binary form must reproduce the above copyright notice, this 
      +                          list
    36                           ;        of conditions and the following disclaimer in the documentation and/or other
    37                           ;        materials provided with the distribution. Publication is not required when
    38                           ;        this file is used in an embedded application.
    39                           ; 
    40                           ;     3. Microchip's name may not be used to endorse or promote products derived from th
      +                          is
    41                           ;        software without specific prior written permission.
    42                           ; 
    43                           ; THIS SOFTWARE IS PROVIDED BY MICROCHIP "AS IS" AND ANY EXPRESS OR IMPLIED WARRANTIES,
    44                           ; INCLUDING, BUT NOT LIMITED TO, THE IMPLIED WARRANTIES OF MERCHANTABILITY AND FITNESS F
      +                          OR
    45                           ; PURPOSE ARE DISCLAIMED.  IN NO EVENT SHALL MICROCHIP BE LIABLE FOR ANY DIRECT, INDIREC
      +                          T,
    46                           ; INCIDENTAL, SPECIAL, EXEMPLARY, OR CONSEQUENTIAL DAMAGES (INCLUDING BUT NOT LIMITED TO
    47                           ; PROCUREMENT OF SUBSTITUTE GOODS OR SERVICES; LOSS OF USE, DATA OR PROFITS; OR BUSINESS
    48                           ; INTERRUPTION) HOWSOEVER CAUSED AND ON ANY THEORY OF LIABILITY, WHETHER IN CONTRACT, ST
      +                          RICT
    49                           ; LIABILITY, OR TORT (INCLUDING NEGLIGENCE OR OTHERWISE) ARISING IN ANY WAY OUT OF THE U
      +                          SE OF
    50                           ; THIS SOFTWARE, EVEN IF ADVISED OF THE POSSIBILITY OF SUCH DAMAGE.
    51                           ; 
    52                           ; 
    53                           ; Code-generator required, PIC16F1509 Definitions
    54                           ; 
    55                           ; SFR Addresses
    56  0000                     	;# 
    57  0001                     	;# 
    58  0002                     	;# 
    59  0003                     	;# 
    60  0004                     	;# 
    61  0005                     	;# 
    62  0006                     	;# 
    63  0007                     	;# 
    64  0008                     	;# 
    65  0009                     	;# 
    66  000A                     	;# 
    67  000B                     	;# 
    68  000C                     	;# 
    69  000D                     	;# 
    70  000E                     	;# 
    71  0011                     	;# 
    72  0012                     	;# 
    73  0013                     	;# 
    74  0015                     	;# 
    75  0016                     	;# 
    76  0016                     	;# 
    77  0017                     	;# 
    78  0018                     	;# 
    79  0019                     	;# 
    80  001A                     	;# 
    81  001B                     	;# 
    82  001C                     	;# 
    83  008C                     	;# 
    84  008D                     	;# 
    85  008E                     	;# 
    86  0091                     	;# 
    87  0092                     	;# 
    88  0093                     	;# 
    89  0095                     	;# 
    90  0096                     	;# 
    91  0097                     	;# 
    92  0099                     	;# 
    93  009A                     	;# 
    94  009B                     	;# 
    95  009B                     	;# 
    96  009C                     	;# 
    97  009D                     	;# 
    98  009E                     	;# 
    99  009F                     	;# 
   100  010C                     	;# 
   101  010D                     	;# 
   102  010E                     	;# 
   103  0111                     	;# 
   104  0112                     	;# 
   105  0113                     	;# 
   106  0114                     	;# 
   107  0115                     	;# 
   108  0116                     	;# 
   109  0117                     	;# 
   110  0118                     	;# 
   111  0119                     	;# 
   112  011D                     	;# 
   113  018C                     	;# 
   114  018D                     	;# 
   115  018E                     	;# 
   116  0191                     	;# 
   117  0191                     	;# 
   118  0192                     	;# 
   119  0193                     	;# 
   120  0193                     	;# 
   121  0194                     	;# 
   122  0195                     	;# 
   123  0196                     	;# 
   124  0197                     	;# 
   125  0199                     	;# 
   126  019A                     	;# 
   127  019B                     	;# 
   128  019B                     	;# 
   129  019C                     	;# 
   130  019D                     	;# 
   131  019E                     	;# 
   132  019F                     	;# 
   133  020C                     	;# 
   134  020D                     	;# 
   135  0211                     	;# 
   136  0211                     	;# 
   137  0212                     	;# 
   138  0212                     	;# 
   139  0213                     	;# 
   140  0213                     	;# 
   141  0214                     	;# 
   142  0214                     	;# 
   143  0215                     	;# 
   144  0215                     	;# 
   145  0215                     	;# 
   146  0216                     	;# 
   147  0216                     	;# 
   148  0217                     	;# 
   149  0217                     	;# 
   150  0391                     	;# 
   151  0392                     	;# 
   152  0393                     	;# 
   153  0394                     	;# 
   154  0395                     	;# 
   155  0396                     	;# 
   156  0498                     	;# 
   157  0498                     	;# 
   158  0499                     	;# 
   159  049A                     	;# 
   160  049B                     	;# 
   161  049B                     	;# 
   162  049C                     	;# 
   163  049D                     	;# 
   164  049E                     	;# 
   165  049F                     	;# 
   166  0611                     	;# 
   167  0612                     	;# 
   168  0613                     	;# 
   169  0613                     	;# 
   170  0614                     	;# 
   171  0615                     	;# 
   172  0616                     	;# 
   173  0616                     	;# 
   174  0617                     	;# 
   175  0618                     	;# 
   176  0619                     	;# 
   177  0619                     	;# 
   178  061A                     	;# 
   179  061B                     	;# 
   180  061C                     	;# 
   181  061C                     	;# 
   182  0691                     	;# 
   183  0692                     	;# 
   184  0693                     	;# 
   185  0694                     	;# 
   186  0695                     	;# 
   187  0F0F                     	;# 
   188  0F10                     	;# 
   189  0F11                     	;# 
   190  0F12                     	;# 
   191  0F13                     	;# 
   192  0F14                     	;# 
   193  0F15                     	;# 
   194  0F16                     	;# 
   195  0F17                     	;# 
   196  0F18                     	;# 
   197  0F19                     	;# 
   198  0F1A                     	;# 
   199  0F1B                     	;# 
   200  0F1C                     	;# 
   201  0F1D                     	;# 
   202  0F1E                     	;# 
   203  0F1F                     	;# 
   204  0F20                     	;# 
   205  0F21                     	;# 
   206  0F22                     	;# 
   207  0F23                     	;# 
   208  0F24                     	;# 
   209  0F25                     	;# 
   210  0F26                     	;# 
   211  0F27                     	;# 
   212  0F28                     	;# 
   213  0F29                     	;# 
   214  0F2A                     	;# 
   215  0F2B                     	;# 
   216  0F2C                     	;# 
   217  0F2D                     	;# 
   218  0F2E                     	;# 
   219  0F2F                     	;# 
   220  0F8C                     	;# 
   221  0F8D                     	;# 
   222  0F91                     	;# 
   223  0F95                     	;# 
   224  0F96                     	;# 
   225  0F97                     	;# 
   226  0F9C                     	;# 
   227  0F9D                     	;# 
   228  0F9E                     	;# 
   229  0FE3                     	;# 
   230  0FE4                     	;# 
   231  0FE5                     	;# 
   232  0FE6                     	;# 
   233  0FE7                     	;# 
   234  0FE8                     	;# 
   235  0FE9                     	;# 
   236  0FEA                     	;# 
   237  0FEB                     	;# 
   238  0FED                     	;# 
   239  0FEE                     	;# 
   240  0FEF                     	;# 
   241                           
   242                           	psect	idataBANK0
   243  0693                     __pidataBANK0:
   244                           
   245                           ;initializer for _maLed
   246  0693  3440               	retlw	64
   247  0694  3479               	retlw	121
   248  0695  3424               	retlw	36
   249  0696  3430               	retlw	48
   250  0697  3419               	retlw	25
   251  0698  3412               	retlw	18
   252  0699  3402               	retlw	2
   253  069A  3478               	retlw	120
   254  069B  3400               	retlw	0
   255  069C  3410               	retlw	16
   256  000E                     _PORTCbits	set	14
   257  008E                     _TRISC	set	142
   258  010E                     _LATCbits	set	270
   259                           
   260                           	psect	cinit
   261  07F0                     start_initialization:	
   262                           ; #config settings
   263                           
   264  07F0                     __initialization:
   265                           
   266                           ; Initialize objects allocated to BANK0
   267  07F0  3093               	movlw	low __pidataBANK0
   268  07F1  0084               	movwf	4
   269  07F2  3086               	movlw	(high __pidataBANK0)| (0+128)
   270  07F3  0085               	movwf	5
   271  07F4  3020               	movlw	low __pdataBANK0
   272  07F5  0086               	movwf	6
   273  07F6  3000               	movlw	high __pdataBANK0
   274  07F7  0087               	movwf	7
   275  07F8  300A               	movlw	10
   276  07F9  3186  2683  3187   	fcall	init_ram
   277                           
   278                           ; Clear objects allocated to BANK0
   279  07FC  01AF               	clrf	__pbssBANK0& (0+127)
   280  07FD                     end_of_initialization:	
   281                           ;End of C runtime variable initialization code
   282                           
   283  07FD                     __end_of__initialization:
   284  07FD  0020               	movlb	0
   285  07FE  3187  2F86         	ljmp	_main	;jump to C main() function
   286                           
   287                           	psect	bssBANK0
   288  002F                     __pbssBANK0:
   289  002F                     _i:
   290  002F                     	ds	1
   291                           
   292                           	psect	dataBANK0
   293  0020                     __pdataBANK0:
   294  0020                     _maLed:
   295  0020                     	ds	10
   296                           
   297                           	psect	inittext
   298  0683                     init_ram:
   299  0683  00FE               	movwf	btemp
   300  0684                     initloop:
   301  0684  0012               	moviw fsr0++
   302  0685  001E               	movwi fsr1++
   303  0686  0BFE               	decfsz	btemp,f
   304  0687  2E84               	goto	initloop
   305  0688  3400               	retlw	0
   306                           
   307                           	psect	cstackCOMMON
   308  0070                     __pcstackCOMMON:
   309  0070                     ?_laybit7:
   310  0070                     ??_laybit7:	
   311                           ; 1 bytes @ 0x0
   312                           
   313  0070                     ?_xuat_1byte:	
   314                           ; 1 bytes @ 0x0
   315                           
   316  0070                     ?_main:	
   317                           ; 1 bytes @ 0x0
   318                           
   319  0070                     ?___lwdiv:	
   320                           ; 1 bytes @ 0x0
   321                           
   322  0070                     laybit7@x:	
   323                           ; 2 bytes @ 0x0
   324                           
   325  0070                     ___lwdiv@divisor:	
   326                           ; 1 bytes @ 0x0
   327                           
   328                           
   329                           ; 2 bytes @ 0x0
   330  0070                     	ds	1
   331  0071                     ??_xuat_1byte:
   332                           
   333                           ; 1 bytes @ 0x1
   334  0071                     	ds	1
   335  0072                     xuat_1byte@xuatbyte:
   336  0072                     ___lwdiv@dividend:	
   337                           ; 1 bytes @ 0x2
   338                           
   339                           
   340                           ; 2 bytes @ 0x2
   341  0072                     	ds	1
   342  0073                     xuat_1byte@xuat:
   343                           
   344                           ; 1 bytes @ 0x3
   345  0073                     	ds	1
   346  0074                     ??___lwdiv:
   347  0074                     xuat_1byte@b:	
   348                           ; 1 bytes @ 0x4
   349                           
   350                           
   351                           ; 1 bytes @ 0x4
   352  0074                     	ds	1
   353  0075                     xuat_1byte@i:
   354  0075                     ___lwdiv@quotient:	
   355                           ; 1 bytes @ 0x5
   356                           
   357                           
   358                           ; 2 bytes @ 0x5
   359  0075                     	ds	2
   360  0077                     ___lwdiv@counter:
   361                           
   362                           ; 1 bytes @ 0x7
   363  0077                     	ds	1
   364  0078                     ?___lwmod:
   365  0078                     ___lwmod@divisor:	
   366                           ; 2 bytes @ 0x8
   367                           
   368                           
   369                           ; 2 bytes @ 0x8
   370  0078                     	ds	2
   371  007A                     ___lwmod@dividend:
   372                           
   373                           ; 2 bytes @ 0xA
   374  007A                     	ds	2
   375  007C                     ??___lwmod:
   376                           
   377                           ; 1 bytes @ 0xC
   378  007C                     	ds	1
   379  007D                     ___lwmod@counter:
   380                           
   381                           ; 1 bytes @ 0xD
   382  007D                     	ds	1
   383  007E                     ??_hienthi:
   384                           
   385                           	psect	cstackBANK0
   386  002A                     __pcstackBANK0:	
   387                           ; 1 bytes @ 0xE
   388                           
   389  002A                     ?_hienthi:
   390  002A                     hienthi@n:	
   391                           ; 1 bytes @ 0x0
   392                           
   393                           
   394                           ; 2 bytes @ 0x0
   395  002A                     	ds	2
   396  002C                     ??_main:
   397                           
   398                           ; 1 bytes @ 0x2
   399  002C                     	ds	2
   400  002E                     main@n:
   401                           
   402                           ; 1 bytes @ 0x4
   403  002E                     	ds	1
   404                           
   405                           	psect	maintext
   406  0786                     __pmaintext:	
   407 ;;
   408 ;;Main: autosize = 0, tempsize = 2, incstack = 0, save=0
   409 ;;
   410 ;; *************** function _main *****************
   411 ;; Defined at:
   412 ;;		line 64 in file "newmain.c"
   413 ;; Parameters:    Size  Location     Type
   414 ;;		None
   415 ;; Auto vars:     Size  Location     Type
   416 ;;  n               1    4[BANK0 ] unsigned char 
   417 ;; Return value:  Size  Location     Type
   418 ;;                  1    wreg      void 
   419 ;; Registers used:
   420 ;;		wreg, fsr1l, fsr1h, status,2, status,0, pclath, cstack
   421 ;; Tracked objects:
   422 ;;		On entry : B1F/0
   423 ;;		On exit  : 0/0
   424 ;;		Unchanged: 0/0
   425 ;; Data sizes:     COMMON   BANK0   BANK1   BANK2   BANK3   BANK4   BANK5   BANK6
   426 ;;      Params:         0       0       0       0       0       0       0       0
   427 ;;      Locals:         0       1       0       0       0       0       0       0
   428 ;;      Temps:          0       2       0       0       0       0       0       0
   429 ;;      Totals:         0       3       0       0       0       0       0       0
   430 ;;Total ram usage:        3 bytes
   431 ;; Hardware stack levels required when called: 3
   432 ;; This function calls:
   433 ;;		_hienthi
   434 ;; This function is called by:
   435 ;;		Startup code after reset
   436 ;; This function uses a non-reentrant model
   437 ;;
   438                           
   439  0786                     _main:	
   440                           ;psect for function _main
   441                           
   442  0786                     l800:	
   443                           ;incstack = 0
   444                           ; Regs used in _main: [wreg+fsr1l+fsr1h+status,2+status,0+pclath+cstack]
   445                           
   446                           
   447                           ;newmain.c: 65:     TRISC = 0b01110000;
   448  0786  3070               	movlw	112
   449  0787  0021               	movlb	1	; select bank1
   450  0788  008E               	movwf	14	;volatile
   451  0789                     l802:
   452                           
   453                           ;newmain.c: 66:     LATCbits.LATC3 = 0;
   454  0789  0022               	movlb	2	; select bank2
   455  078A  118E               	bcf	14,3	;volatile
   456  078B                     l804:
   457                           
   458                           ;newmain.c: 67:     hienthi(0);
   459  078B  3000               	movlw	0
   460  078C  0020               	movlb	0	; select bank0
   461  078D  00AA               	movwf	hienthi@n
   462  078E  00AB               	movwf	hienthi@n+1
   463  078F  3187  273B  3187   	fcall	_hienthi
   464  0792                     l806:
   465                           
   466                           ;newmain.c: 69:     {;newmain.c: 71:         if(PORTCbits.RC5 == 1)
   467  0792  0020               	movlb	0	; select bank0
   468  0793  1E8E               	btfss	14,5	;volatile
   469  0794  2F96               	goto	u441
   470  0795  2F97               	goto	u440
   471  0796                     u441:
   472  0796  2FAA               	goto	l33
   473  0797                     u440:
   474  0797                     l808:
   475                           
   476                           ;newmain.c: 72:         {;newmain.c: 73:             LATCbits.LATC3 = 0;
   477  0797  0022               	movlb	2	; select bank2
   478  0798  118E               	bcf	14,3	;volatile
   479  0799                     l810:
   480                           
   481                           ;newmain.c: 75:             hienthi(i);
   482  0799  3000               	movlw	0
   483  079A  0020               	movlb	0	; select bank0
   484  079B  00AA               	movwf	hienthi@n
   485  079C  00AB               	movwf	hienthi@n+1
   486  079D  3187  273B  3187   	fcall	_hienthi
   487  07A0                     l812:
   488                           
   489                           ;newmain.c: 76:             if(PORTCbits.RC4 == 0 && PORTCbits.RC6 == 0 )
   490  07A0  0020               	movlb	0	; select bank0
   491  07A1  1A0E               	btfsc	14,4	;volatile
   492  07A2  2FA4               	goto	u451
   493  07A3  2FA5               	goto	u450
   494  07A4                     u451:
   495  07A4  2F92               	goto	l806
   496  07A5                     u450:
   497  07A5                     l814:
   498  07A5  1B0E               	btfsc	14,6	;volatile
   499  07A6  2FA8               	goto	u461
   500  07A7  2FA9               	goto	u460
   501  07A8                     u461:
   502  07A8  2F92               	goto	l806
   503  07A9                     u460:
   504  07A9  2F99               	goto	l810
   505  07AA                     l33:	
   506                           ;newmain.c: 79:         else if(PORTCbits.RC5 == 0)
   507                           
   508  07AA  1A8E               	btfsc	14,5	;volatile
   509  07AB  2FAD               	goto	u471
   510  07AC  2FAE               	goto	u470
   511  07AD                     u471:
   512  07AD  2F92               	goto	l806
   513  07AE                     u470:
   514  07AE                     l818:
   515                           
   516                           ;newmain.c: 80:         {;newmain.c: 81:             LATCbits.LATC3 = 1;
   517  07AE  0022               	movlb	2	; select bank2
   518  07AF  158E               	bsf	14,3	;volatile
   519                           
   520                           ;newmain.c: 82:             if(PORTCbits.RC6 == 0)
   521  07B0  0020               	movlb	0	; select bank0
   522  07B1  1B0E               	btfsc	14,6	;volatile
   523  07B2  2FB4               	goto	u481
   524  07B3  2FB5               	goto	u480
   525  07B4                     u481:
   526  07B4  2FE6               	goto	l38
   527  07B5                     u480:
   528  07B5                     l820:
   529                           
   530                           ;newmain.c: 83:             {;newmain.c: 84:                 _delay((unsigned long)((5)*
      +                          (8000000/4000.0)));
   531  07B5  300D               	movlw	13
   532  07B6  0020               	movlb	0	; select bank0
   533  07B7  00AC               	movwf	??_main
   534  07B8  30FB               	movlw	251
   535  07B9                     u537:
   536  07B9  0B89               	decfsz	9,f
   537  07BA  2FB9               	goto	u537
   538  07BB  0BAC               	decfsz	??_main,f
   539  07BC  2FB9               	goto	u537
   540  07BD  3200               	nop2
   541  07BE                     l822:
   542                           
   543                           ;newmain.c: 85:                 if(PORTCbits.RC6 == 0)
   544  07BE  0020               	movlb	0	; select bank0
   545  07BF  1B0E               	btfsc	14,6	;volatile
   546  07C0  2FC2               	goto	u491
   547  07C1  2FC3               	goto	u490
   548  07C2                     u491:
   549  07C2  2FE6               	goto	l38
   550  07C3                     u490:
   551  07C3                     l40:
   552  07C3  1F0E               	btfss	14,6	;volatile
   553  07C4  2FC6               	goto	u501
   554  07C5  2FC7               	goto	u500
   555  07C6                     u501:
   556  07C6  2FC3               	goto	l40
   557  07C7                     u500:
   558  07C7                     l826:
   559                           
   560                           ;newmain.c: 88:                     for(unsigned char n = 0; n <= 10; n++)
   561  07C7  01AE               	clrf	main@n
   562  07C8                     l832:
   563                           
   564                           ;newmain.c: 89:                     {;newmain.c: 90:                         hienthi(i);
   565  07C8  3000               	movlw	0
   566  07C9  00AA               	movwf	hienthi@n
   567  07CA  00AB               	movwf	hienthi@n+1
   568  07CB  3187  273B  3187   	fcall	_hienthi
   569  07CE                     l834:
   570                           
   571                           ;newmain.c: 91:                         _delay((unsigned long)((100)*(8000000/4000.0)));
   572  07CE  3002               	movlw	2
   573  07CF  0020               	movlb	0	; select bank0
   574  07D0  00AD               	movwf	??_main+1
   575  07D1  3004               	movlw	4
   576  07D2  00AC               	movwf	??_main
   577  07D3  30BA               	movlw	186
   578  07D4                     u547:
   579  07D4  0B89               	decfsz	9,f
   580  07D5  2FD4               	goto	u547
   581  07D6  0BAC               	decfsz	??_main,f
   582  07D7  2FD4               	goto	u547
   583  07D8  0BAD               	decfsz	??_main+1,f
   584  07D9  2FD4               	goto	u547
   585  07DA  0000               	nop
   586  07DB                     l836:
   587                           
   588                           ;newmain.c: 92:                     }
   589  07DB  3001               	movlw	1
   590  07DC  0020               	movlb	0	; select bank0
   591  07DD  00AC               	movwf	??_main
   592  07DE  082C               	movf	??_main,w
   593  07DF  07AE               	addwf	main@n,f
   594  07E0                     l838:
   595  07E0  300B               	movlw	11
   596  07E1  022E               	subwf	main@n,w
   597  07E2  1C03               	skipc
   598  07E3  2FE5               	goto	u511
   599  07E4  2FE6               	goto	u510
   600  07E5                     u511:
   601  07E5  2FC8               	goto	l832
   602  07E6                     u510:
   603  07E6                     l38:	
   604                           ;newmain.c: 94:             }
   605                           
   606                           
   607                           ;newmain.c: 95:             LATCbits.LATC3 = 0;
   608  07E6  0022               	movlb	2	; select bank2
   609  07E7  118E               	bcf	14,3	;volatile
   610  07E8                     l45:	
   611                           ;newmain.c: 96:             while(PORTCbits.RC4 == 1);
   612                           
   613  07E8  0020               	movlb	0	; select bank0
   614  07E9  1A0E               	btfsc	14,4	;volatile
   615  07EA  2FEC               	goto	u521
   616  07EB  2FED               	goto	u520
   617  07EC                     u521:
   618  07EC  2FE8               	goto	l45
   619  07ED                     u520:
   620  07ED  2F92               	goto	l806
   621  07EE  3180  2802         	ljmp	start
   622  07F0                     __end_of_main:
   623                           
   624                           	psect	text1
   625  073B                     __ptext1:	
   626 ;; *************** function _hienthi *****************
   627 ;; Defined at:
   628 ;;		line 56 in file "newmain.c"
   629 ;; Parameters:    Size  Location     Type
   630 ;;  n               2    0[BANK0 ] unsigned int 
   631 ;; Auto vars:     Size  Location     Type
   632 ;;		None
   633 ;; Return value:  Size  Location     Type
   634 ;;                  1    wreg      void 
   635 ;; Registers used:
   636 ;;		wreg, fsr1l, fsr1h, status,2, status,0, pclath, cstack
   637 ;; Tracked objects:
   638 ;;		On entry : 0/0
   639 ;;		On exit  : 0/0
   640 ;;		Unchanged: 0/0
   641 ;; Data sizes:     COMMON   BANK0   BANK1   BANK2   BANK3   BANK4   BANK5   BANK6
   642 ;;      Params:         0       2       0       0       0       0       0       0
   643 ;;      Locals:         0       0       0       0       0       0       0       0
   644 ;;      Temps:          0       0       0       0       0       0       0       0
   645 ;;      Totals:         0       2       0       0       0       0       0       0
   646 ;;Total ram usage:        2 bytes
   647 ;; Hardware stack levels used: 1
   648 ;; Hardware stack levels required when called: 2
   649 ;; This function calls:
   650 ;;		___lwdiv
   651 ;;		___lwmod
   652 ;;		_xuat_1byte
   653 ;; This function is called by:
   654 ;;		_main
   655 ;; This function uses a non-reentrant model
   656 ;;
   657                           
   658  073B                     _hienthi:	
   659                           ;psect for function _hienthi
   660                           
   661  073B                     l794:	
   662                           ;incstack = 0
   663                           ; Regs used in _hienthi: [wreg+fsr1l+fsr1h+status,2+status,0+pclath+cstack]
   664                           
   665                           
   666                           ;newmain.c: 56: void hienthi(unsigned int n);newmain.c: 57: {;newmain.c: 58:     xuat_1b
      +                          yte(maLed[n % 10]);
   667  073B  300A               	movlw	10
   668  073C  00F8               	movwf	___lwmod@divisor
   669  073D  3000               	movlw	0
   670  073E  00F9               	movwf	___lwmod@divisor+1
   671  073F  0020               	movlb	0	; select bank0
   672  0740  082B               	movf	hienthi@n+1,w
   673  0741  00FB               	movwf	___lwmod@dividend+1
   674  0742  082A               	movf	hienthi@n,w
   675  0743  00FA               	movwf	___lwmod@dividend
   676  0744  3186  26CB  3187   	fcall	___lwmod
   677  0747  0878               	movf	?___lwmod,w
   678  0748  3E20               	addlw	(low (_maLed| 0))& (0+255)
   679  0749  0086               	movwf	6
   680  074A  0187               	clrf	7
   681  074B  0801               	movf	1,w
   682  074C  3186  269D  3187   	fcall	_xuat_1byte
   683                           
   684                           ;newmain.c: 59:     xuat_1byte(maLed[(n / 10) % 10]);
   685  074F  300A               	movlw	10
   686  0750  00F8               	movwf	___lwmod@divisor
   687  0751  3000               	movlw	0
   688  0752  00F9               	movwf	___lwmod@divisor+1
   689  0753  300A               	movlw	10
   690  0754  00F0               	movwf	___lwdiv@divisor
   691  0755  3000               	movlw	0
   692  0756  00F1               	movwf	___lwdiv@divisor+1
   693  0757  0020               	movlb	0	; select bank0
   694  0758  082B               	movf	hienthi@n+1,w
   695  0759  00F3               	movwf	___lwdiv@dividend+1
   696  075A  082A               	movf	hienthi@n,w
   697  075B  00F2               	movwf	___lwdiv@dividend
   698  075C  3186  26FF  3187   	fcall	___lwdiv
   699  075F  0871               	movf	?___lwdiv+1,w
   700  0760  00FB               	movwf	___lwmod@dividend+1
   701  0761  0870               	movf	?___lwdiv,w
   702  0762  00FA               	movwf	___lwmod@dividend
   703  0763  3186  26CB  3187   	fcall	___lwmod
   704  0766  0878               	movf	?___lwmod,w
   705  0767  3E20               	addlw	(low (_maLed| 0))& (0+255)
   706  0768  0086               	movwf	6
   707  0769  0187               	clrf	7
   708  076A  0801               	movf	1,w
   709  076B  3186  269D  3187   	fcall	_xuat_1byte
   710                           
   711                           ;newmain.c: 60:     xuat_1byte(maLed[n / 100]);
   712  076E  3064               	movlw	100
   713  076F  00F0               	movwf	___lwdiv@divisor
   714  0770  3000               	movlw	0
   715  0771  00F1               	movwf	___lwdiv@divisor+1
   716  0772  0020               	movlb	0	; select bank0
   717  0773  082B               	movf	hienthi@n+1,w
   718  0774  00F3               	movwf	___lwdiv@dividend+1
   719  0775  082A               	movf	hienthi@n,w
   720  0776  00F2               	movwf	___lwdiv@dividend
   721  0777  3186  26FF  3187   	fcall	___lwdiv
   722  077A  0870               	movf	?___lwdiv,w
   723  077B  3E20               	addlw	(low (_maLed| 0))& (0+255)
   724  077C  0086               	movwf	6
   725  077D  0187               	clrf	7
   726  077E  0801               	movf	1,w
   727  077F  3186  269D  3187   	fcall	_xuat_1byte
   728  0782                     l796:
   729                           
   730                           ;newmain.c: 61:     LATCbits.LATC2 = 0; LATCbits.LATC2 = 1;
   731  0782  0022               	movlb	2	; select bank2
   732  0783  110E               	bcf	14,2	;volatile
   733  0784                     l798:
   734  0784  150E               	bsf	14,2	;volatile
   735  0785                     l27:
   736  0785  0008               	return
   737  0786                     __end_of_hienthi:
   738                           
   739                           	psect	text2
   740  069D                     __ptext2:	
   741 ;; *************** function _xuat_1byte *****************
   742 ;; Defined at:
   743 ;;		line 41 in file "newmain.c"
   744 ;; Parameters:    Size  Location     Type
   745 ;;  xuatbyte        1    wreg     unsigned char 
   746 ;; Auto vars:     Size  Location     Type
   747 ;;  xuatbyte        1    2[COMMON] unsigned char 
   748 ;;  i               1    5[COMMON] unsigned char 
   749 ;;  b               1    4[COMMON] unsigned char 
   750 ;;  xuat            1    3[COMMON] unsigned char 
   751 ;; Return value:  Size  Location     Type
   752 ;;                  1    wreg      void 
   753 ;; Registers used:
   754 ;;		wreg, status,2, status,0, pclath, cstack
   755 ;; Tracked objects:
   756 ;;		On entry : 0/0
   757 ;;		On exit  : 0/0
   758 ;;		Unchanged: 0/0
   759 ;; Data sizes:     COMMON   BANK0   BANK1   BANK2   BANK3   BANK4   BANK5   BANK6
   760 ;;      Params:         0       0       0       0       0       0       0       0
   761 ;;      Locals:         4       0       0       0       0       0       0       0
   762 ;;      Temps:          1       0       0       0       0       0       0       0
   763 ;;      Totals:         5       0       0       0       0       0       0       0
   764 ;;Total ram usage:        5 bytes
   765 ;; Hardware stack levels used: 1
   766 ;; Hardware stack levels required when called: 1
   767 ;; This function calls:
   768 ;;		_laybit7
   769 ;; This function is called by:
   770 ;;		_hienthi
   771 ;; This function uses a non-reentrant model
   772 ;;
   773                           
   774  069D                     _xuat_1byte:	
   775                           ;psect for function _xuat_1byte
   776                           
   777                           
   778                           ;incstack = 0
   779                           ; Regs used in _xuat_1byte: [wreg+status,2+status,0+pclath+cstack]
   780                           ;xuat_1byte@xuatbyte stored from wreg
   781  069D  00F2               	movwf	xuat_1byte@xuatbyte
   782  069E                     l720:
   783                           
   784                           ;newmain.c: 41: void xuat_1byte(unsigned char xuatbyte);newmain.c: 42: {;newmain.c: 43: 
      +                              unsigned char b = 0x80, xuat;
   785  069E  3080               	movlw	128
   786  069F  00F1               	movwf	??_xuat_1byte
   787  06A0  0871               	movf	??_xuat_1byte,w
   788  06A1  00F4               	movwf	xuat_1byte@b
   789  06A2                     l722:
   790                           
   791                           ;newmain.c: 44:     for(unsigned char i = 0; i < 8; i++)
   792  06A2  01F5               	clrf	xuat_1byte@i
   793  06A3                     l20:
   794                           
   795                           ;newmain.c: 45:     {;newmain.c: 46:         if(PORTCbits.RC6 == 0)
   796  06A3  0020               	movlb	0	; select bank0
   797  06A4  1B0E               	btfsc	14,6	;volatile
   798  06A5  2EA7               	goto	u281
   799  06A6  2EA8               	goto	u280
   800  06A7                     u281:
   801  06A7  2EA9               	goto	l22
   802  06A8                     u280:
   803  06A8  2ECA               	goto	l23
   804  06A9                     l22:
   805                           
   806                           ;newmain.c: 48:         if(PORTCbits.RC4 == 0)
   807  06A9  1A0E               	btfsc	14,4	;volatile
   808  06AA  2EAC               	goto	u291
   809  06AB  2EAD               	goto	u290
   810  06AC                     u291:
   811  06AC  2EAE               	goto	l732
   812  06AD                     u290:
   813  06AD  2ECA               	goto	l23
   814  06AE                     l732:
   815                           
   816                           ;newmain.c: 50:         xuat = laybit7(xuatbyte & b);
   817  06AE  0872               	movf	xuat_1byte@xuatbyte,w
   818  06AF  0574               	andwf	xuat_1byte@b,w
   819  06B0  3186  2689  3186   	fcall	_laybit7
   820  06B3  00F1               	movwf	??_xuat_1byte
   821  06B4  0871               	movf	??_xuat_1byte,w
   822  06B5  00F3               	movwf	xuat_1byte@xuat
   823  06B6                     l734:
   824                           
   825                           ;newmain.c: 51:         LATCbits.LATC1 = xuat;
   826  06B6  0C73               	rrf	xuat_1byte@xuat,w
   827  06B7  0022               	movlb	2	; select bank2
   828  06B8  1C03               	skipc
   829  06B9  108E               	bcf	14,1	;volatile
   830  06BA  1803               	skipnc
   831  06BB  148E               	bsf	14,1	;volatile
   832  06BC                     l736:
   833                           
   834                           ;newmain.c: 52:         LATCbits.LATC0 = 0; LATCbits.LATC0 = 1;
   835  06BC  100E               	bcf	14,0	;volatile
   836  06BD                     l738:
   837  06BD  140E               	bsf	14,0	;volatile
   838  06BE                     l740:
   839                           
   840                           ;newmain.c: 53:         b >>= 1;
   841  06BE  1003               	clrc
   842  06BF  0CF4               	rrf	xuat_1byte@b,f
   843  06C0                     l742:
   844                           
   845                           ;newmain.c: 54:     }
   846  06C0  3001               	movlw	1
   847  06C1  00F1               	movwf	??_xuat_1byte
   848  06C2  0871               	movf	??_xuat_1byte,w
   849  06C3  07F5               	addwf	xuat_1byte@i,f
   850  06C4                     l744:
   851  06C4  3008               	movlw	8
   852  06C5  0275               	subwf	xuat_1byte@i,w
   853  06C6  1C03               	skipc
   854  06C7  2EC9               	goto	u301
   855  06C8  2ECA               	goto	u300
   856  06C9                     u301:
   857  06C9  2EA3               	goto	l20
   858  06CA                     u300:
   859  06CA                     l23:
   860  06CA  0008               	return
   861  06CB                     __end_of_xuat_1byte:
   862                           
   863                           	psect	text3
   864  0689                     __ptext3:	
   865 ;; *************** function _laybit7 *****************
   866 ;; Defined at:
   867 ;;		line 34 in file "newmain.c"
   868 ;; Parameters:    Size  Location     Type
   869 ;;  x               1    wreg     unsigned char 
   870 ;; Auto vars:     Size  Location     Type
   871 ;;  x               1    0[COMMON] unsigned char 
   872 ;; Return value:  Size  Location     Type
   873 ;;                  1    wreg      unsigned char 
   874 ;; Registers used:
   875 ;;		wreg, status,2, status,0
   876 ;; Tracked objects:
   877 ;;		On entry : 0/0
   878 ;;		On exit  : 0/0
   879 ;;		Unchanged: 0/0
   880 ;; Data sizes:     COMMON   BANK0   BANK1   BANK2   BANK3   BANK4   BANK5   BANK6
   881 ;;      Params:         0       0       0       0       0       0       0       0
   882 ;;      Locals:         1       0       0       0       0       0       0       0
   883 ;;      Temps:          0       0       0       0       0       0       0       0
   884 ;;      Totals:         1       0       0       0       0       0       0       0
   885 ;;Total ram usage:        1 bytes
   886 ;; Hardware stack levels used: 1
   887 ;; This function calls:
   888 ;;		Nothing
   889 ;; This function is called by:
   890 ;;		_xuat_1byte
   891 ;; This function uses a non-reentrant model
   892 ;;
   893                           
   894  0689                     _laybit7:	
   895                           ;psect for function _laybit7
   896                           
   897                           
   898                           ;incstack = 0
   899                           ; Regs used in _laybit7: [wreg+status,2+status,0]
   900                           ;laybit7@x stored from wreg
   901  0689  00F0               	movwf	laybit7@x
   902  068A                     l708:
   903                           
   904                           ;newmain.c: 34: char laybit7(unsigned char x);newmain.c: 35: {;newmain.c: 36:     if(x =
      +                          = 0)
   905  068A  0870               	movf	laybit7@x,w
   906  068B  1D03               	btfss	3,2
   907  068C  2E8E               	goto	u271
   908  068D  2E8F               	goto	u270
   909  068E                     u271:
   910  068E  2E91               	goto	l716
   911  068F                     u270:
   912  068F                     l710:
   913                           
   914                           ;newmain.c: 37:         return 0;
   915  068F  3000               	movlw	0
   916  0690  2E92               	goto	l16
   917  0691                     l716:
   918                           
   919                           ;newmain.c: 39:         return 1;
   920  0691  3001               	movlw	1
   921  0692                     l16:
   922  0692  0008               	return
   923  0693                     __end_of_laybit7:
   924                           
   925                           	psect	text4
   926  06CB                     __ptext4:	
   927 ;; *************** function ___lwmod *****************
   928 ;; Defined at:
   929 ;;		line 5 in file "C:\Program Files\Microchip\xc8\v2.36\pic\sources\c99\common\lwmod.c"
   930 ;; Parameters:    Size  Location     Type
   931 ;;  divisor         2    8[COMMON] unsigned int 
   932 ;;  dividend        2   10[COMMON] unsigned int 
   933 ;; Auto vars:     Size  Location     Type
   934 ;;  counter         1   13[COMMON] unsigned char 
   935 ;; Return value:  Size  Location     Type
   936 ;;                  2    8[COMMON] unsigned int 
   937 ;; Registers used:
   938 ;;		wreg, status,2, status,0
   939 ;; Tracked objects:
   940 ;;		On entry : 0/0
   941 ;;		On exit  : 0/0
   942 ;;		Unchanged: 0/0
   943 ;; Data sizes:     COMMON   BANK0   BANK1   BANK2   BANK3   BANK4   BANK5   BANK6
   944 ;;      Params:         4       0       0       0       0       0       0       0
   945 ;;      Locals:         1       0       0       0       0       0       0       0
   946 ;;      Temps:          1       0       0       0       0       0       0       0
   947 ;;      Totals:         6       0       0       0       0       0       0       0
   948 ;;Total ram usage:        6 bytes
   949 ;; Hardware stack levels used: 1
   950 ;; This function calls:
   951 ;;		Nothing
   952 ;; This function is called by:
   953 ;;		_hienthi
   954 ;; This function uses a non-reentrant model
   955 ;;
   956                           
   957  06CB                     ___lwmod:	
   958                           ;psect for function ___lwmod
   959                           
   960  06CB                     l772:	
   961                           ;incstack = 0
   962                           ; Regs used in ___lwmod: [wreg+status,2+status,0]
   963                           
   964  06CB  0878               	movf	___lwmod@divisor,w
   965  06CC  0479               	iorwf	___lwmod@divisor+1,w
   966  06CD  1903               	btfsc	3,2
   967  06CE  2ED0               	goto	u381
   968  06CF  2ED1               	goto	u380
   969  06D0                     u381:
   970  06D0  2EFA               	goto	l790
   971  06D1                     u380:
   972  06D1                     l774:
   973  06D1  01FD               	clrf	___lwmod@counter
   974  06D2  0AFD               	incf	___lwmod@counter,f
   975  06D3  2EDD               	goto	l780
   976  06D4                     l776:
   977  06D4  3001               	movlw	1
   978  06D5                     u395:
   979  06D5  35F8               	lslf	___lwmod@divisor,f
   980  06D6  0DF9               	rlf	___lwmod@divisor+1,f
   981  06D7  0B89               	decfsz	9,f
   982  06D8  2ED5               	goto	u395
   983  06D9                     l778:
   984  06D9  3001               	movlw	1
   985  06DA  00FC               	movwf	??___lwmod
   986  06DB  087C               	movf	??___lwmod,w
   987  06DC  07FD               	addwf	___lwmod@counter,f
   988  06DD                     l780:
   989  06DD  1FF9               	btfss	___lwmod@divisor+1,7
   990  06DE  2EE0               	goto	u401
   991  06DF  2EE1               	goto	u400
   992  06E0                     u401:
   993  06E0  2ED4               	goto	l776
   994  06E1                     u400:
   995  06E1                     l782:
   996  06E1  0879               	movf	___lwmod@divisor+1,w
   997  06E2  027B               	subwf	___lwmod@dividend+1,w
   998  06E3  1D03               	skipz
   999  06E4  2EE7               	goto	u415
  1000  06E5  0878               	movf	___lwmod@divisor,w
  1001  06E6  027A               	subwf	___lwmod@dividend,w
  1002  06E7                     u415:
  1003  06E7  1C03               	skipc
  1004  06E8  2EEA               	goto	u411
  1005  06E9  2EEB               	goto	u410
  1006  06EA                     u411:
  1007  06EA  2EEF               	goto	l786
  1008  06EB                     u410:
  1009  06EB                     l784:
  1010  06EB  0878               	movf	___lwmod@divisor,w
  1011  06EC  02FA               	subwf	___lwmod@dividend,f
  1012  06ED  0879               	movf	___lwmod@divisor+1,w
  1013  06EE  3BFB               	subwfb	___lwmod@dividend+1,f
  1014  06EF                     l786:
  1015  06EF  3001               	movlw	1
  1016  06F0                     u425:
  1017  06F0  36F9               	lsrf	___lwmod@divisor+1,f
  1018  06F1  0CF8               	rrf	___lwmod@divisor,f
  1019  06F2  0B89               	decfsz	9,f
  1020  06F3  2EF0               	goto	u425
  1021  06F4                     l788:
  1022  06F4  3001               	movlw	1
  1023  06F5  02FD               	subwf	___lwmod@counter,f
  1024  06F6  1D03               	btfss	3,2
  1025  06F7  2EF9               	goto	u431
  1026  06F8  2EFA               	goto	u430
  1027  06F9                     u431:
  1028  06F9  2EE1               	goto	l782
  1029  06FA                     u430:
  1030  06FA                     l790:
  1031  06FA  087B               	movf	___lwmod@dividend+1,w
  1032  06FB  00F9               	movwf	?___lwmod+1
  1033  06FC  087A               	movf	___lwmod@dividend,w
  1034  06FD  00F8               	movwf	?___lwmod
  1035  06FE                     l408:
  1036  06FE  0008               	return
  1037  06FF                     __end_of___lwmod:
  1038                           
  1039                           	psect	text5
  1040  06FF                     __ptext5:	
  1041 ;; *************** function ___lwdiv *****************
  1042 ;; Defined at:
  1043 ;;		line 5 in file "C:\Program Files\Microchip\xc8\v2.36\pic\sources\c99\common\lwdiv.c"
  1044 ;; Parameters:    Size  Location     Type
  1045 ;;  divisor         2    0[COMMON] unsigned int 
  1046 ;;  dividend        2    2[COMMON] unsigned int 
  1047 ;; Auto vars:     Size  Location     Type
  1048 ;;  quotient        2    5[COMMON] unsigned int 
  1049 ;;  counter         1    7[COMMON] unsigned char 
  1050 ;; Return value:  Size  Location     Type
  1051 ;;                  2    0[COMMON] unsigned int 
  1052 ;; Registers used:
  1053 ;;		wreg, status,2, status,0
  1054 ;; Tracked objects:
  1055 ;;		On entry : 0/0
  1056 ;;		On exit  : 0/0
  1057 ;;		Unchanged: 0/0
  1058 ;; Data sizes:     COMMON   BANK0   BANK1   BANK2   BANK3   BANK4   BANK5   BANK6
  1059 ;;      Params:         4       0       0       0       0       0       0       0
  1060 ;;      Locals:         3       0       0       0       0       0       0       0
  1061 ;;      Temps:          1       0       0       0       0       0       0       0
  1062 ;;      Totals:         8       0       0       0       0       0       0       0
  1063 ;;Total ram usage:        8 bytes
  1064 ;; Hardware stack levels used: 1
  1065 ;; This function calls:
  1066 ;;		Nothing
  1067 ;; This function is called by:
  1068 ;;		_hienthi
  1069 ;; This function uses a non-reentrant model
  1070 ;;
  1071                           
  1072  06FF                     ___lwdiv:	
  1073                           ;psect for function ___lwdiv
  1074                           
  1075  06FF                     l746:	
  1076                           ;incstack = 0
  1077                           ; Regs used in ___lwdiv: [wreg+status,2+status,0]
  1078                           
  1079  06FF  01F5               	clrf	___lwdiv@quotient
  1080  0700  01F6               	clrf	___lwdiv@quotient+1
  1081  0701                     l748:
  1082  0701  0870               	movf	___lwdiv@divisor,w
  1083  0702  0471               	iorwf	___lwdiv@divisor+1,w
  1084  0703  1903               	btfsc	3,2
  1085  0704  2F06               	goto	u311
  1086  0705  2F07               	goto	u310
  1087  0706                     u311:
  1088  0706  2F36               	goto	l768
  1089  0707                     u310:
  1090  0707                     l750:
  1091  0707  01F7               	clrf	___lwdiv@counter
  1092  0708  0AF7               	incf	___lwdiv@counter,f
  1093  0709  2F13               	goto	l756
  1094  070A                     l752:
  1095  070A  3001               	movlw	1
  1096  070B                     u325:
  1097  070B  35F0               	lslf	___lwdiv@divisor,f
  1098  070C  0DF1               	rlf	___lwdiv@divisor+1,f
  1099  070D  0B89               	decfsz	9,f
  1100  070E  2F0B               	goto	u325
  1101  070F                     l754:
  1102  070F  3001               	movlw	1
  1103  0710  00F4               	movwf	??___lwdiv
  1104  0711  0874               	movf	??___lwdiv,w
  1105  0712  07F7               	addwf	___lwdiv@counter,f
  1106  0713                     l756:
  1107  0713  1FF1               	btfss	___lwdiv@divisor+1,7
  1108  0714  2F16               	goto	u331
  1109  0715  2F17               	goto	u330
  1110  0716                     u331:
  1111  0716  2F0A               	goto	l752
  1112  0717                     u330:
  1113  0717                     l758:
  1114  0717  3001               	movlw	1
  1115  0718                     u345:
  1116  0718  35F5               	lslf	___lwdiv@quotient,f
  1117  0719  0DF6               	rlf	___lwdiv@quotient+1,f
  1118  071A  0B89               	decfsz	9,f
  1119  071B  2F18               	goto	u345
  1120  071C  0871               	movf	___lwdiv@divisor+1,w
  1121  071D  0273               	subwf	___lwdiv@dividend+1,w
  1122  071E  1D03               	skipz
  1123  071F  2F22               	goto	u355
  1124  0720  0870               	movf	___lwdiv@divisor,w
  1125  0721  0272               	subwf	___lwdiv@dividend,w
  1126  0722                     u355:
  1127  0722  1C03               	skipc
  1128  0723  2F25               	goto	u351
  1129  0724  2F26               	goto	u350
  1130  0725                     u351:
  1131  0725  2F2B               	goto	l764
  1132  0726                     u350:
  1133  0726                     l760:
  1134  0726  0870               	movf	___lwdiv@divisor,w
  1135  0727  02F2               	subwf	___lwdiv@dividend,f
  1136  0728  0871               	movf	___lwdiv@divisor+1,w
  1137  0729  3BF3               	subwfb	___lwdiv@dividend+1,f
  1138  072A                     l762:
  1139  072A  1475               	bsf	___lwdiv@quotient,0
  1140  072B                     l764:
  1141  072B  3001               	movlw	1
  1142  072C                     u365:
  1143  072C  36F1               	lsrf	___lwdiv@divisor+1,f
  1144  072D  0CF0               	rrf	___lwdiv@divisor,f
  1145  072E  0B89               	decfsz	9,f
  1146  072F  2F2C               	goto	u365
  1147  0730                     l766:
  1148  0730  3001               	movlw	1
  1149  0731  02F7               	subwf	___lwdiv@counter,f
  1150  0732  1D03               	btfss	3,2
  1151  0733  2F35               	goto	u371
  1152  0734  2F36               	goto	u370
  1153  0735                     u371:
  1154  0735  2F17               	goto	l758
  1155  0736                     u370:
  1156  0736                     l768:
  1157  0736  0876               	movf	___lwdiv@quotient+1,w
  1158  0737  00F1               	movwf	?___lwdiv+1
  1159  0738  0875               	movf	___lwdiv@quotient,w
  1160  0739  00F0               	movwf	?___lwdiv
  1161  073A                     l398:
  1162  073A  0008               	return
  1163  073B                     __end_of___lwdiv:
  1164  007E                     btemp	set	126	;btemp
  1165  007E                     wtemp0	set	126
  1166                           
  1167                           	psect	idloc
  1168                           
  1169                           ;Config register IDLOC0 @ 0x8000
  1170                           ;	unspecified, using default values
  1171  8000                     	org	32768
  1172  8000  3FFF               	dw	16383
  1173                           
  1174                           ;Config register IDLOC1 @ 0x8001
  1175                           ;	unspecified, using default values
  1176  8001                     	org	32769
  1177  8001  3FFF               	dw	16383
  1178                           
  1179                           ;Config register IDLOC2 @ 0x8002
  1180                           ;	unspecified, using default values
  1181  8002                     	org	32770
  1182  8002  3FFF               	dw	16383
  1183                           
  1184                           ;Config register IDLOC3 @ 0x8003
  1185                           ;	unspecified, using default values
  1186  8003                     	org	32771
  1187  8003  3FFF               	dw	16383
  1188                           
  1189                           	psect	config
  1190                           
  1191                           ;Config register CONFIG1 @ 0x8007
  1192                           ;	Oscillator Selection Bits
  1193                           ;	FOSC = INTOSC, INTOSC oscillator: I/O function on CLKIN pin
  1194                           ;	Watchdog Timer Enable
  1195                           ;	WDTE = OFF, WDT disabled
  1196                           ;	Power-up Timer Enable
  1197                           ;	PWRTE = OFF, PWRT disabled
  1198                           ;	MCLR Pin Function Select
  1199                           ;	MCLRE = OFF, MCLR/VPP pin function is digital input
  1200                           ;	Flash Program Memory Code Protection
  1201                           ;	CP = OFF, Program memory code protection is disabled
  1202                           ;	Brown-out Reset Enable
  1203                           ;	BOREN = OFF, Brown-out Reset disabled
  1204                           ;	Clock Out Enable
  1205                           ;	CLKOUTEN = OFF, CLKOUT function is disabled. I/O or oscillator function on the CLKOUT 
      +                          pin
  1206                           ;	Internal/External Switchover Mode
  1207                           ;	IESO = OFF, Internal/External Switchover Mode is disabled
  1208                           ;	Fail-Safe Clock Monitor Enable
  1209                           ;	FCMEN = OFF, Fail-Safe Clock Monitor is disabled
  1210  8007                     	org	32775
  1211  8007  09A4               	dw	2468
  1212                           
  1213                           ;Config register CONFIG2 @ 0x8008
  1214                           ;	Flash Memory Self-Write Protection
  1215                           ;	WRT = OFF, Write protection off
  1216                           ;	Stack Overflow/Underflow Reset Enable
  1217                           ;	STVREN = OFF, Stack Overflow or Underflow will not cause a Reset
  1218                           ;	Brown-out Reset Voltage Selection
  1219                           ;	BORV = LO, Brown-out Reset Voltage (Vbor), low trip point selected.
  1220                           ;	Low-Power Brown Out Reset
  1221                           ;	LPBOR = OFF, Low-Power BOR is disabled
  1222                           ;	Low-Voltage Programming Enable
  1223                           ;	LVP = OFF, High-voltage on MCLR/VPP must be used for programming
  1224  8008                     	org	32776
  1225  8008  1DFF               	dw	7679

Data Sizes:
    Strings     0
    Constant    0
    Data        10
    BSS         1
    Persistent  32
    Stack       0

Auto Spaces:
    Space          Size  Autos    Used
    COMMON           14     14      14
    BANK0            80      5      16
    BANK1            80      0       0
    BANK2            80      0       0
    BANK3            80      0       0
    BANK4            80      0       0
    BANK5            80      0       0
    BANK6            16      0       0

Pointer List with Targets:

    None.

Critical Paths under _main in COMMON

    _hienthi->___lwmod
    _xuat_1byte->_laybit7
    ___lwmod->___lwdiv

Critical Paths under _main in BANK0

    _main->_hienthi

Critical Paths under _main in BANK1

    None.

Critical Paths under _main in BANK2

    None.

Critical Paths under _main in BANK3

    None.

Critical Paths under _main in BANK4

    None.

Critical Paths under _main in BANK5

    None.

Critical Paths under _main in BANK6

    None.

Call Graph Tables:

 ---------------------------------------------------------------------------------
 (Depth) Function   	        Calls       Base Space   Used Autos Params    Refs
 ---------------------------------------------------------------------------------
 (0) _main                                                 3     3      0    1406
                                              2 BANK0      3     3      0
                            _hienthi
 ---------------------------------------------------------------------------------
 (1) _hienthi                                              2     0      2    1360
                                              0 BANK0      2     0      2
                            ___lwdiv
                            ___lwmod
                         _xuat_1byte
 ---------------------------------------------------------------------------------
 (2) _xuat_1byte                                           5     5      0     137
                                              1 COMMON     5     5      0
                            _laybit7
 ---------------------------------------------------------------------------------
 (3) _laybit7                                              1     1      0      22
                                              0 COMMON     1     1      0
 ---------------------------------------------------------------------------------
 (2) ___lwmod                                              6     2      4     463
                                              8 COMMON     6     2      4
                            ___lwdiv (ARG)
 ---------------------------------------------------------------------------------
 (2) ___lwdiv                                              8     4      4     466
                                              0 COMMON     8     4      4
 ---------------------------------------------------------------------------------
 Estimated maximum stack depth 3
 ---------------------------------------------------------------------------------

 Call Graph Graphs:

 _main (ROOT)
   _hienthi
     ___lwdiv
     ___lwmod
       ___lwdiv (ARG)
     _xuat_1byte
       _laybit7

 Address spaces:
Name               Size   Autos  Total    Cost      Usage
BIGRAM             1F0      0       0       0        0.0%
NULL                 0      0       0       0        0.0%
CODE                 0      0       0       0        0.0%
BITCOMMON            E      0       0       1        0.0%
BITSFR0              0      0       0       1        0.0%
SFR0                 0      0       0       1        0.0%
COMMON               E      E       E       2      100.0%
BITSFR1              0      0       0       2        0.0%
SFR1                 0      0       0       2        0.0%
BITSFR2              0      0       0       3        0.0%
SFR2                 0      0       0       3        0.0%
STACK                0      0       0       3        0.0%
BITSFR3              0      0       0       4        0.0%
SFR3                 0      0       0       4        0.0%
ABS                  0      0      1E       4        0.0%
BITBANK0            50      0       0       5        0.0%
BITSFR4              0      0       0       5        0.0%
SFR4                 0      0       0       5        0.0%
BANK0               50      5      10       6       20.0%
BITSFR5              0      0       0       6        0.0%
SFR5                 0      0       0       6        0.0%
BITBANK1            50      0       0       7        0.0%
BITSFR6              0      0       0       7        0.0%
SFR6                 0      0       0       7        0.0%
BANK1               50      0       0       8        0.0%
BITSFR7              0      0       0       8        0.0%
SFR7                 0      0       0       8        0.0%
BITBANK2            50      0       0       9        0.0%
BITSFR8              0      0       0       9        0.0%
SFR8                 0      0       0       9        0.0%
BANK2               50      0       0      10        0.0%
BITSFR9              0      0       0      10        0.0%
SFR9                 0      0       0      10        0.0%
BITBANK3            50      0       0      11        0.0%
BITSFR10             0      0       0      11        0.0%
SFR10                0      0       0      11        0.0%
BANK3               50      0       0      12        0.0%
BITSFR11             0      0       0      12        0.0%
SFR11                0      0       0      12        0.0%
BITBANK4            50      0       0      13        0.0%
BITSFR12             0      0       0      13        0.0%
SFR12                0      0       0      13        0.0%
BANK4               50      0       0      14        0.0%
BITSFR13             0      0       0      14        0.0%
SFR13                0      0       0      14        0.0%
BITBANK5            50      0       0      15        0.0%
BITSFR14             0      0       0      15        0.0%
SFR14                0      0       0      15        0.0%
BANK5               50      0       0      16        0.0%
BITSFR15             0      0       0      16        0.0%
SFR15                0      0       0      16        0.0%
BITBANK6            10      0       0      17        0.0%
BITSFR16             0      0       0      17        0.0%
SFR16                0      0       0      17        0.0%
BANK6               10      0       0      18        0.0%
BITSFR17             0      0       0      18        0.0%
SFR17                0      0       0      18        0.0%
BITSFR18             0      0       0      19        0.0%
SFR18                0      0       0      19        0.0%
DATA                 0      0      1E      19        0.0%
BITSFR19             0      0       0      20        0.0%
SFR19                0      0       0      20        0.0%
BITSFR20             0      0       0      21        0.0%
SFR20                0      0       0      21        0.0%
BITSFR21             0      0       0      22        0.0%
SFR21                0      0       0      22        0.0%
BITSFR22             0      0       0      23        0.0%
SFR22                0      0       0      23        0.0%
BITSFR23             0      0       0      24        0.0%
SFR23                0      0       0      24        0.0%
BITSFR24             0      0       0      25        0.0%
SFR24                0      0       0      25        0.0%
BITSFR25             0      0       0      26        0.0%
SFR25                0      0       0      26        0.0%
BITSFR26             0      0       0      27        0.0%
SFR26                0      0       0      27        0.0%
BITSFR27             0      0       0      28        0.0%
SFR27                0      0       0      28        0.0%
BITSFR28             0      0       0      29        0.0%
SFR28                0      0       0      29        0.0%
BITSFR29             0      0       0      30        0.0%
SFR29                0      0       0      30        0.0%
BITSFR30             0      0       0      31        0.0%
SFR30                0      0       0      31        0.0%
BITSFR31             0      0       0      32        0.0%
SFR31                0      0       0      32        0.0%


Microchip Technology PIC Macro Assembler V2.36 build 20220127204148 
Symbol Table                                                                                   Fri Apr 01 20:57:34 2022

                      _i 002F                       l20 06A3                       l22 06A9  
                     l23 06CA                       l16 0692                       l40 07C3  
                     l33 07AA                       l27 0785                       l45 07E8  
                     l38 07E6                      l408 06FE                      l710 068F  
                    l720 069E                      l800 0786                      l722 06A2  
                    l810 0799                      l802 0789                      l716 0691  
                    l708 068A                      l740 06BE                      l732 06AE  
                    l820 07B5                      l812 07A0                      l804 078B  
                    l398 073A                      l750 0707                      l742 06C0  
                    l734 06B6                      l822 07BE                      l814 07A5  
                    l806 0792                      l760 0726                      l752 070A  
                    l744 06C4                      l736 06BC                      l832 07C8  
                    l808 0797                      l762 072A                      l754 070F  
                    l746 06FF                      l738 06BD                      l834 07CE  
                    l826 07C7                      l818 07AE                      l764 072B  
                    l756 0713                      l748 0701                      l780 06DD  
                    l772 06CB                      l836 07DB                      l766 0730  
                    l758 0717                      l782 06E1                      l774 06D1  
                    l790 06FA                      l838 07E0                      l768 0736  
                    l784 06EB                      l776 06D4                      l786 06EF  
                    l778 06D9                      l794 073B                      l788 06F4  
                    l796 0782                      l798 0784                      u300 06CA  
                    u301 06C9                      u310 0707                      u311 0706  
                    u400 06E1                      u401 06E0                      u330 0717  
                    u410 06EB                      u331 0716                      u411 06EA  
                    u500 07C7                      u325 070B                      u501 07C6  
                    u350 0726                      u430 06FA                      u270 068F  
                    u510 07E6                      u351 0725                      u431 06F9  
                    u415 06E7                      u271 068E                      u511 07E5  
                    u280 06A8                      u520 07ED                      u440 0797  
                    u345 0718                      u425 06F0                      u281 06A7  
                    u521 07EC                      u441 0796                      u370 0736  
                    u290 06AD                      u450 07A5                      u371 0735  
                    u355 0722                      u291 06AC                      u451 07A4  
                    u380 06D1                      u460 07A9                      u365 072C  
                    u381 06D0                      u461 07A8                      u470 07AE  
                    u471 07AD                      u480 07B5                      u537 07B9  
                    u481 07B4                      u490 07C3                      u395 06D5  
                    u547 07D4                      u491 07C2                      wreg 0009  
                   _main 0786                     fsr0h 0005                     fsr1h 0007  
                   fsr0l 0004                     indf1 0001                     fsr1l 0006  
                   btemp 007E                     start 0002                    ?_main 0070  
        __end_of___lwdiv 073B          __end_of___lwmod 06FF                    _TRISC 008E  
        __end_of_hienthi 0786                    _maLed 0020          __end_of_laybit7 0693  
                  main@n 002E       xuat_1byte@xuatbyte 0072                    status 0003  
                  wtemp0 007E          __initialization 07F0             __end_of_main 07F0  
                 ??_main 002C                ??___lwdiv 0074                ??___lwmod 007C  
              ??_hienthi 007E                ??_laybit7 0070  __end_of__initialization 07FD  
         __pcstackCOMMON 0070             __pidataBANK0 0693               __pbssBANK0 002F  
             __pmaintext 0786                  ___lwdiv 06FF                  ___lwmod 06CB  
                __ptext1 073B                  __ptext2 069D                  __ptext3 0689  
                __ptext4 06CB                  __ptext5 06FF                  _hienthi 073B  
                _laybit7 0689     end_of_initialization 07FD                  init_ram 0683  
                initloop 0684                _PORTCbits 000E               _xuat_1byte 069D  
    start_initialization 07F0              __pdataBANK0 0020                ___latbits 0002  
          __pcstackBANK0 002A         ___lwdiv@dividend 0072              ?_xuat_1byte 0070  
               ?___lwdiv 0070                 ?___lwmod 0078                 ?_hienthi 002A  
               ?_laybit7 0070         ___lwdiv@quotient 0075              xuat_1byte@b 0074  
            xuat_1byte@i 0075                 _LATCbits 010E           xuat_1byte@xuat 0073  
        ___lwdiv@divisor 0070          ___lwdiv@counter 0077                 hienthi@n 002A  
               laybit7@x 0070         ___lwmod@dividend 007A             ??_xuat_1byte 0071  
        ___lwmod@divisor 0078          ___lwmod@counter 007D       __end_of_xuat_1byte 06CB  
