
ROM used:   284/8192 (3%)
            284/8192 (3%) including unused fragments

            0.3 Average locations per line
            14.9 Average locations per statement

RAM used:   6/368 (2%) at main() level
            25/368 (7%) worst case

Stack used: 2 worst case (2 in main + 0 for interrupts)
Stack size: 8

Lines Stmts  %   Files
----- ----- ---  -----
   41    19 100  main.c
   10     0   0  main.h
  768     0   0  ..\..\..\..\Program Files (x86)\PICC\Devices\16F887.h
----- -----
  819    19 Total

Page ROM  %  RAM   Vol Diff  Functions:
---- --- --- ---   --- ----  ----------
0     22   8    1             @delay_ms1
0     14   5    0             @const620
0     32  11    1   210  4.3  xuat_1byte
0     37  13    5             @DIV1616
0    122  43   14   396  4.0  dich_byte
0     53  19    0   151  3.5  MAIN
 Inline         0   160  3.1  @cinit1

Program metrics:
    Functions               4
    Statements              19
    Comments                134
    Volume (V)              1277
    Difficulty (D)          15.0
    Effort to implement (E) 19166
    Time to implement (T)   18 minutes
    Est Delivered Bugs (B)  0
    Cyclomatic Complexity   2
    Maintainability (MI)    138

 Segment     Used  Free
-----------  ----  ----
00000-00003     4  0  
00004-007FF   280  1764  
00800-00FFF     0  2048  
01000-017FF     0  2048  
01800-01FFF     0  2048  



