
ROM used:   979/8192 (12%)
            979/8192 (12%) including unused fragments

            0.8 Average locations per line
            7.8 Average locations per statement

RAM used:   8/368 (2%) at main() level
            31/368 (8%) worst case

Stack used: 6 worst case (6 in main + 0 for interrupts)
Stack size: 8

Lines Stmts  %   Files
----- ----- ---  -----
   65    41  33  main.c
   10     0   0  main.h
  768     0   0  ..\..\Program Files (x86)\PICC\Devices\16F887.h
  456    84  67  ..\..\Program Files (x86)\PICC\Drivers\lcd.c
----- -----
 1299   125 Total

Page ROM  %  RAM   Vol Diff  Functions:
---- --- --- ---   --- ----  ----------
0     20   2    1             @delay_ms1
 Inline         3   596  5.9  lcd_read_byte
0      6   1    0    59  4.2  lcd_read_nibble
0     17   2    1   179  3.3  lcd_send_nibble
0     66   7    3   460  4.7  lcd_send_byte
0     62   6    6   814  7.2  lcd_init
0     18   2    4   208  6.3  lcd_gotoxy
0     44   4    1   354  4.7  lcd_putc
0    173  18    3   515  4.7  fun
0     29   3    2   336  2.7  @ITOF
0    202  21   14             @DIVFF
0     31   3    4   336  2.7  @SFTOI
0     99  10    9             @PRINTF_LU_646
0    114  12    1   632  4.7  MAIN
0      6   1    0   336  2.7  @const681
0     88   9    4             @PSTRINGC7_646
 Inline         0             @cinit1

Program metrics:
    Functions               12
    Statements              125
    Comments                239
    Volume (V)              7850
    Difficulty (D)          51.5
    Effort to implement (E) 404264
    Time to implement (T)   6 hours, 14 minutes
    Est Delivered Bugs (B)  2
    Cyclomatic Complexity   13
    Maintainability (MI)    129

 Segment     Used  Free
-----------  ----  ----
00000-00003     4  0  
00004-007FF   975  1069  
00800-00FFF     0  2048  
01000-017FF     0  2048  
01800-01FFF     0  2048  



