
ROM used:   513/8192 (6%)
            513/8192 (6%) including unused fragments

            0.4 Average locations per line
            4.3 Average locations per statement

RAM used:   44/368 (12%) at main() level
            57/368 (15%) worst case

Stack used: 5 worst case (5 in main + 0 for interrupts)
Stack size: 8

Lines Stmts  %   Files
----- ----- ---  -----
   84    36  30  main.c
   10     0   0  main.h
  768     0   0  ..\..\Program Files (x86)\PICC\Devices\16F887.h
  456    84  70  ..\..\Program Files (x86)\PICC\Drivers\lcd.c
----- -----
 1318   120 Total

Page ROM  %  RAM   Vol Diff  Functions:
---- --- --- ---   --- ----  ----------
0     21   4    1             @delay_ms1
 Inline         3   596  5.9  lcd_read_byte
0      6   1    0    59  4.2  lcd_read_nibble
0     12   2    1   179  3.3  lcd_send_nibble
0     64  12    3   460  4.7  lcd_send_byte
0     62  12    6   814  7.2  lcd_init
0     18   4    4   208  6.3  lcd_gotoxy
0     44   9    1   354  4.7  lcd_putc
0     20   4    1   138  3.0  _BUTTON
0     39   8    3   360  5.9  _DichPhai
0     38   7    1   345  5.4  _DichTrai
0     88  17    0   123  2.0  MAIN
0      9   2    0   237  3.5  @const671
0     88  17    4             @PSTRINGC7_646
 Inline         0             @cinit1

Program metrics:
    Functions               12
    Statements              120
    Comments                248
    Volume (V)              6339
    Difficulty (D)          55.7
    Effort to implement (E) 352893
    Time to implement (T)   5 hours, 27 minutes
    Est Delivered Bugs (B)  2
    Cyclomatic Complexity   15
    Maintainability (MI)    135

 Segment     Used  Free
-----------  ----  ----
00000-00003     4  0  
00004-007FF   509  1535  
00800-00FFF     0  2048  
01000-017FF     0  2048  
01800-01FFF     0  2048  



