
ROM used:   122/8192 (1%)
            122/8192 (1%) including unused fragments

            0.1 Average locations per line
            4.2 Average locations per statement

RAM used:   6/368 (2%) at main() level
            8/368 (2%) worst case

Stack used: 2 worst case (2 in main + 0 for interrupts)
Stack size: 8

Lines Stmts  %   Files
----- ----- ---  -----
   68    29 100  main.c
   10     0   0  main.h
  768     0   0  ..\..\Program Files (x86)\PICC\Devices\16F887.h
----- -----
  846    29 Total

Page ROM  %  RAM   Vol Diff  Functions:
---- --- --- ---   --- ----  ----------
0     21  17    1             @delay_ms1
0     14  11    0             @const620
0     48  39    2   349  4.7  buttonLed
0     35  29    0    61  1.5  MAIN
 Inline         0             @cinit1

Program metrics:
    Functions               2
    Statements              29
    Comments                139
    Volume (V)              478
    Difficulty (D)          5.8
    Effort to implement (E) 2758
    Time to implement (T)   3 minutes
    Est Delivered Bugs (B)  0
    Cyclomatic Complexity   3
    Maintainability (MI)    116

 Segment     Used  Free
-----------  ----  ----
00000-00003     4  0  
00004-007FF   118  1926  
00800-00FFF     0  2048  
01000-017FF     0  2048  
01800-01FFF     0  2048  



