

Microchip MPLAB XC8 Assembler V2.36 build 20220127204148 
                                                                                               Thu Jun 16 11:28:36 2022

Microchip MPLAB XC8 C Compiler v2.36 (Free license) build 20220127204148 Og1 
     1                           	processor	16F1509
     2                           	pagewidth 120
     3                           	opt	flic
     4                           	psect	nvCOMMON,global,class=COMMON,space=1,delta=1,noexec
     5                           	psect	cinit,global,class=CODE,merge=1,delta=2
     6                           	psect	bssCOMMON,global,class=COMMON,space=1,delta=1,noexec
     7                           	psect	cstackCOMMON,global,class=COMMON,space=1,delta=1,noexec
     8                           	psect	maintext,global,class=CODE,merge=1,split=1,delta=2
     9                           	psect	text1,local,class=CODE,merge=1,delta=2
    10                           	psect	text2,local,class=CODE,merge=1,delta=2
    11                           	psect	text3,local,class=CODE,merge=1,delta=2
    12                           	psect	text4,local,class=CODE,merge=1,delta=2
    13                           	psect	text5,local,class=CODE,merge=1,delta=2
    14                           	psect	text6,local,class=CODE,merge=1,delta=2
    15                           	psect	text7,local,class=CODE,merge=1,delta=2
    16                           	psect	text8,local,class=CODE,merge=1,delta=2
    17                           	psect	idloc,global,abs,ovrld,class=IDLOC,space=5,delta=2,noexec
    18                           	psect	config,global,abs,ovrld,class=CONFIG,space=4,delta=2,noexec
    19                           	dabs	1,0x7E,2
    20  0000                     
    21                           ; Version 2.40
    22                           ; Generated 17/11/2021 GMT
    23                           ; 
    24                           ; Copyright © 2021, Microchip Technology Inc. and its subsidiaries ("Microchip")
    25                           ; All rights reserved.
    26                           ; 
    27                           ; This software is developed by Microchip Technology Inc. and its subsidiaries ("Microch
      +                          ip").
    28                           ; 
    29                           ; Redistribution and use in source and binary forms, with or without modification, are
    30                           ; permitted provided that the following conditions are met:
    31                           ; 
    32                           ;     1. Redistributions of source code must retain the above copyright notice, this lis
      +                          t of
    33                           ;        conditions and the following disclaimer.
    34                           ; 
    35                           ;     2. Redistributions in binary form must reproduce the above copyright notice, this 
      +                          list
    36                           ;        of conditions and the following disclaimer in the documentation and/or other
    37                           ;        materials provided with the distribution. Publication is not required when
    38                           ;        this file is used in an embedded application.
    39                           ; 
    40                           ;     3. Microchip's name may not be used to endorse or promote products derived from th
      +                          is
    41                           ;        software without specific prior written permission.
    42                           ; 
    43                           ; THIS SOFTWARE IS PROVIDED BY MICROCHIP "AS IS" AND ANY EXPRESS OR IMPLIED WARRANTIES,
    44                           ; INCLUDING, BUT NOT LIMITED TO, THE IMPLIED WARRANTIES OF MERCHANTABILITY AND FITNESS F
      +                          OR
    45                           ; PURPOSE ARE DISCLAIMED.  IN NO EVENT SHALL MICROCHIP BE LIABLE FOR ANY DIRECT, INDIREC
      +                          T,
    46                           ; INCIDENTAL, SPECIAL, EXEMPLARY, OR CONSEQUENTIAL DAMAGES (INCLUDING BUT NOT LIMITED TO
    47                           ; PROCUREMENT OF SUBSTITUTE GOODS OR SERVICES; LOSS OF USE, DATA OR PROFITS; OR BUSINESS
    48                           ; INTERRUPTION) HOWSOEVER CAUSED AND ON ANY THEORY OF LIABILITY, WHETHER IN CONTRACT, ST
      +                          RICT
    49                           ; LIABILITY, OR TORT (INCLUDING NEGLIGENCE OR OTHERWISE) ARISING IN ANY WAY OUT OF THE U
      +                          SE OF
    50                           ; THIS SOFTWARE, EVEN IF ADVISED OF THE POSSIBILITY OF SUCH DAMAGE.
    51                           ; 
    52                           ; 
    53                           ; Code-generator required, PIC16F1509 Definitions
    54                           ; 
    55                           ; SFR Addresses
    56  0000                     	;# 
    57  0001                     	;# 
    58  0002                     	;# 
    59  0003                     	;# 
    60  0004                     	;# 
    61  0005                     	;# 
    62  0006                     	;# 
    63  0007                     	;# 
    64  0008                     	;# 
    65  0009                     	;# 
    66  000A                     	;# 
    67  000B                     	;# 
    68  000C                     	;# 
    69  000D                     	;# 
    70  000E                     	;# 
    71  0011                     	;# 
    72  0012                     	;# 
    73  0013                     	;# 
    74  0015                     	;# 
    75  0016                     	;# 
    76  0016                     	;# 
    77  0017                     	;# 
    78  0018                     	;# 
    79  0019                     	;# 
    80  001A                     	;# 
    81  001B                     	;# 
    82  001C                     	;# 
    83  008C                     	;# 
    84  008D                     	;# 
    85  008E                     	;# 
    86  0091                     	;# 
    87  0092                     	;# 
    88  0093                     	;# 
    89  0095                     	;# 
    90  0096                     	;# 
    91  0097                     	;# 
    92  0099                     	;# 
    93  009A                     	;# 
    94  009B                     	;# 
    95  009B                     	;# 
    96  009C                     	;# 
    97  009D                     	;# 
    98  009E                     	;# 
    99  009F                     	;# 
   100  010C                     	;# 
   101  010D                     	;# 
   102  010E                     	;# 
   103  0111                     	;# 
   104  0112                     	;# 
   105  0113                     	;# 
   106  0114                     	;# 
   107  0115                     	;# 
   108  0116                     	;# 
   109  0117                     	;# 
   110  0118                     	;# 
   111  0119                     	;# 
   112  011D                     	;# 
   113  018C                     	;# 
   114  018D                     	;# 
   115  018E                     	;# 
   116  0191                     	;# 
   117  0191                     	;# 
   118  0192                     	;# 
   119  0193                     	;# 
   120  0193                     	;# 
   121  0194                     	;# 
   122  0195                     	;# 
   123  0196                     	;# 
   124  0197                     	;# 
   125  0199                     	;# 
   126  019A                     	;# 
   127  019B                     	;# 
   128  019B                     	;# 
   129  019C                     	;# 
   130  019D                     	;# 
   131  019E                     	;# 
   132  019F                     	;# 
   133  020C                     	;# 
   134  020D                     	;# 
   135  0211                     	;# 
   136  0211                     	;# 
   137  0212                     	;# 
   138  0212                     	;# 
   139  0213                     	;# 
   140  0213                     	;# 
   141  0214                     	;# 
   142  0214                     	;# 
   143  0215                     	;# 
   144  0215                     	;# 
   145  0215                     	;# 
   146  0216                     	;# 
   147  0216                     	;# 
   148  0217                     	;# 
   149  0217                     	;# 
   150  0391                     	;# 
   151  0392                     	;# 
   152  0393                     	;# 
   153  0394                     	;# 
   154  0395                     	;# 
   155  0396                     	;# 
   156  0498                     	;# 
   157  0498                     	;# 
   158  0499                     	;# 
   159  049A                     	;# 
   160  049B                     	;# 
   161  049B                     	;# 
   162  049C                     	;# 
   163  049D                     	;# 
   164  049E                     	;# 
   165  049F                     	;# 
   166  0611                     	;# 
   167  0612                     	;# 
   168  0613                     	;# 
   169  0613                     	;# 
   170  0614                     	;# 
   171  0615                     	;# 
   172  0616                     	;# 
   173  0616                     	;# 
   174  0617                     	;# 
   175  0618                     	;# 
   176  0619                     	;# 
   177  0619                     	;# 
   178  061A                     	;# 
   179  061B                     	;# 
   180  061C                     	;# 
   181  061C                     	;# 
   182  0691                     	;# 
   183  0692                     	;# 
   184  0693                     	;# 
   185  0694                     	;# 
   186  0695                     	;# 
   187  0F0F                     	;# 
   188  0F10                     	;# 
   189  0F11                     	;# 
   190  0F12                     	;# 
   191  0F13                     	;# 
   192  0F14                     	;# 
   193  0F15                     	;# 
   194  0F16                     	;# 
   195  0F17                     	;# 
   196  0F18                     	;# 
   197  0F19                     	;# 
   198  0F1A                     	;# 
   199  0F1B                     	;# 
   200  0F1C                     	;# 
   201  0F1D                     	;# 
   202  0F1E                     	;# 
   203  0F1F                     	;# 
   204  0F20                     	;# 
   205  0F21                     	;# 
   206  0F22                     	;# 
   207  0F23                     	;# 
   208  0F24                     	;# 
   209  0F25                     	;# 
   210  0F26                     	;# 
   211  0F27                     	;# 
   212  0F28                     	;# 
   213  0F29                     	;# 
   214  0F2A                     	;# 
   215  0F2B                     	;# 
   216  0F2C                     	;# 
   217  0F2D                     	;# 
   218  0F2E                     	;# 
   219  0F2F                     	;# 
   220  0F8C                     	;# 
   221  0F8D                     	;# 
   222  0F91                     	;# 
   223  0F95                     	;# 
   224  0F96                     	;# 
   225  0F97                     	;# 
   226  0F9C                     	;# 
   227  0F9D                     	;# 
   228  0F9E                     	;# 
   229  0FE3                     	;# 
   230  0FE4                     	;# 
   231  0FE5                     	;# 
   232  0FE6                     	;# 
   233  0FE7                     	;# 
   234  0FE8                     	;# 
   235  0FE9                     	;# 
   236  0FEA                     	;# 
   237  0FEB                     	;# 
   238  0FED                     	;# 
   239  0FEE                     	;# 
   240  0FEF                     	;# 
   241  0000                     	;# 
   242  0001                     	;# 
   243  0002                     	;# 
   244  0003                     	;# 
   245  0004                     	;# 
   246  0005                     	;# 
   247  0006                     	;# 
   248  0007                     	;# 
   249  0008                     	;# 
   250  0009                     	;# 
   251  000A                     	;# 
   252  000B                     	;# 
   253  000C                     	;# 
   254  000D                     	;# 
   255  000E                     	;# 
   256  0011                     	;# 
   257  0012                     	;# 
   258  0013                     	;# 
   259  0015                     	;# 
   260  0016                     	;# 
   261  0016                     	;# 
   262  0017                     	;# 
   263  0018                     	;# 
   264  0019                     	;# 
   265  001A                     	;# 
   266  001B                     	;# 
   267  001C                     	;# 
   268  008C                     	;# 
   269  008D                     	;# 
   270  008E                     	;# 
   271  0091                     	;# 
   272  0092                     	;# 
   273  0093                     	;# 
   274  0095                     	;# 
   275  0096                     	;# 
   276  0097                     	;# 
   277  0099                     	;# 
   278  009A                     	;# 
   279  009B                     	;# 
   280  009B                     	;# 
   281  009C                     	;# 
   282  009D                     	;# 
   283  009E                     	;# 
   284  009F                     	;# 
   285  010C                     	;# 
   286  010D                     	;# 
   287  010E                     	;# 
   288  0111                     	;# 
   289  0112                     	;# 
   290  0113                     	;# 
   291  0114                     	;# 
   292  0115                     	;# 
   293  0116                     	;# 
   294  0117                     	;# 
   295  0118                     	;# 
   296  0119                     	;# 
   297  011D                     	;# 
   298  018C                     	;# 
   299  018D                     	;# 
   300  018E                     	;# 
   301  0191                     	;# 
   302  0191                     	;# 
   303  0192                     	;# 
   304  0193                     	;# 
   305  0193                     	;# 
   306  0194                     	;# 
   307  0195                     	;# 
   308  0196                     	;# 
   309  0197                     	;# 
   310  0199                     	;# 
   311  019A                     	;# 
   312  019B                     	;# 
   313  019B                     	;# 
   314  019C                     	;# 
   315  019D                     	;# 
   316  019E                     	;# 
   317  019F                     	;# 
   318  020C                     	;# 
   319  020D                     	;# 
   320  0211                     	;# 
   321  0211                     	;# 
   322  0212                     	;# 
   323  0212                     	;# 
   324  0213                     	;# 
   325  0213                     	;# 
   326  0214                     	;# 
   327  0214                     	;# 
   328  0215                     	;# 
   329  0215                     	;# 
   330  0215                     	;# 
   331  0216                     	;# 
   332  0216                     	;# 
   333  0217                     	;# 
   334  0217                     	;# 
   335  0391                     	;# 
   336  0392                     	;# 
   337  0393                     	;# 
   338  0394                     	;# 
   339  0395                     	;# 
   340  0396                     	;# 
   341  0498                     	;# 
   342  0498                     	;# 
   343  0499                     	;# 
   344  049A                     	;# 
   345  049B                     	;# 
   346  049B                     	;# 
   347  049C                     	;# 
   348  049D                     	;# 
   349  049E                     	;# 
   350  049F                     	;# 
   351  0611                     	;# 
   352  0612                     	;# 
   353  0613                     	;# 
   354  0613                     	;# 
   355  0614                     	;# 
   356  0615                     	;# 
   357  0616                     	;# 
   358  0616                     	;# 
   359  0617                     	;# 
   360  0618                     	;# 
   361  0619                     	;# 
   362  0619                     	;# 
   363  061A                     	;# 
   364  061B                     	;# 
   365  061C                     	;# 
   366  061C                     	;# 
   367  0691                     	;# 
   368  0692                     	;# 
   369  0693                     	;# 
   370  0694                     	;# 
   371  0695                     	;# 
   372  0F0F                     	;# 
   373  0F10                     	;# 
   374  0F11                     	;# 
   375  0F12                     	;# 
   376  0F13                     	;# 
   377  0F14                     	;# 
   378  0F15                     	;# 
   379  0F16                     	;# 
   380  0F17                     	;# 
   381  0F18                     	;# 
   382  0F19                     	;# 
   383  0F1A                     	;# 
   384  0F1B                     	;# 
   385  0F1C                     	;# 
   386  0F1D                     	;# 
   387  0F1E                     	;# 
   388  0F1F                     	;# 
   389  0F20                     	;# 
   390  0F21                     	;# 
   391  0F22                     	;# 
   392  0F23                     	;# 
   393  0F24                     	;# 
   394  0F25                     	;# 
   395  0F26                     	;# 
   396  0F27                     	;# 
   397  0F28                     	;# 
   398  0F29                     	;# 
   399  0F2A                     	;# 
   400  0F2B                     	;# 
   401  0F2C                     	;# 
   402  0F2D                     	;# 
   403  0F2E                     	;# 
   404  0F2F                     	;# 
   405  0F8C                     	;# 
   406  0F8D                     	;# 
   407  0F91                     	;# 
   408  0F95                     	;# 
   409  0F96                     	;# 
   410  0F97                     	;# 
   411  0F9C                     	;# 
   412  0F9D                     	;# 
   413  0F9E                     	;# 
   414  0FE3                     	;# 
   415  0FE4                     	;# 
   416  0FE5                     	;# 
   417  0FE6                     	;# 
   418  0FE7                     	;# 
   419  0FE8                     	;# 
   420  0FE9                     	;# 
   421  0FEA                     	;# 
   422  0FEB                     	;# 
   423  0FED                     	;# 
   424  0FEE                     	;# 
   425  0FEF                     	;# 
   426  0000                     	;# 
   427  0001                     	;# 
   428  0002                     	;# 
   429  0003                     	;# 
   430  0004                     	;# 
   431  0005                     	;# 
   432  0006                     	;# 
   433  0007                     	;# 
   434  0008                     	;# 
   435  0009                     	;# 
   436  000A                     	;# 
   437  000B                     	;# 
   438  000C                     	;# 
   439  000D                     	;# 
   440  000E                     	;# 
   441  0011                     	;# 
   442  0012                     	;# 
   443  0013                     	;# 
   444  0015                     	;# 
   445  0016                     	;# 
   446  0016                     	;# 
   447  0017                     	;# 
   448  0018                     	;# 
   449  0019                     	;# 
   450  001A                     	;# 
   451  001B                     	;# 
   452  001C                     	;# 
   453  008C                     	;# 
   454  008D                     	;# 
   455  008E                     	;# 
   456  0091                     	;# 
   457  0092                     	;# 
   458  0093                     	;# 
   459  0095                     	;# 
   460  0096                     	;# 
   461  0097                     	;# 
   462  0099                     	;# 
   463  009A                     	;# 
   464  009B                     	;# 
   465  009B                     	;# 
   466  009C                     	;# 
   467  009D                     	;# 
   468  009E                     	;# 
   469  009F                     	;# 
   470  010C                     	;# 
   471  010D                     	;# 
   472  010E                     	;# 
   473  0111                     	;# 
   474  0112                     	;# 
   475  0113                     	;# 
   476  0114                     	;# 
   477  0115                     	;# 
   478  0116                     	;# 
   479  0117                     	;# 
   480  0118                     	;# 
   481  0119                     	;# 
   482  011D                     	;# 
   483  018C                     	;# 
   484  018D                     	;# 
   485  018E                     	;# 
   486  0191                     	;# 
   487  0191                     	;# 
   488  0192                     	;# 
   489  0193                     	;# 
   490  0193                     	;# 
   491  0194                     	;# 
   492  0195                     	;# 
   493  0196                     	;# 
   494  0197                     	;# 
   495  0199                     	;# 
   496  019A                     	;# 
   497  019B                     	;# 
   498  019B                     	;# 
   499  019C                     	;# 
   500  019D                     	;# 
   501  019E                     	;# 
   502  019F                     	;# 
   503  020C                     	;# 
   504  020D                     	;# 
   505  0211                     	;# 
   506  0211                     	;# 
   507  0212                     	;# 
   508  0212                     	;# 
   509  0213                     	;# 
   510  0213                     	;# 
   511  0214                     	;# 
   512  0214                     	;# 
   513  0215                     	;# 
   514  0215                     	;# 
   515  0215                     	;# 
   516  0216                     	;# 
   517  0216                     	;# 
   518  0217                     	;# 
   519  0217                     	;# 
   520  0391                     	;# 
   521  0392                     	;# 
   522  0393                     	;# 
   523  0394                     	;# 
   524  0395                     	;# 
   525  0396                     	;# 
   526  0498                     	;# 
   527  0498                     	;# 
   528  0499                     	;# 
   529  049A                     	;# 
   530  049B                     	;# 
   531  049B                     	;# 
   532  049C                     	;# 
   533  049D                     	;# 
   534  049E                     	;# 
   535  049F                     	;# 
   536  0611                     	;# 
   537  0612                     	;# 
   538  0613                     	;# 
   539  0613                     	;# 
   540  0614                     	;# 
   541  0615                     	;# 
   542  0616                     	;# 
   543  0616                     	;# 
   544  0617                     	;# 
   545  0618                     	;# 
   546  0619                     	;# 
   547  0619                     	;# 
   548  061A                     	;# 
   549  061B                     	;# 
   550  061C                     	;# 
   551  061C                     	;# 
   552  0691                     	;# 
   553  0692                     	;# 
   554  0693                     	;# 
   555  0694                     	;# 
   556  0695                     	;# 
   557  0F0F                     	;# 
   558  0F10                     	;# 
   559  0F11                     	;# 
   560  0F12                     	;# 
   561  0F13                     	;# 
   562  0F14                     	;# 
   563  0F15                     	;# 
   564  0F16                     	;# 
   565  0F17                     	;# 
   566  0F18                     	;# 
   567  0F19                     	;# 
   568  0F1A                     	;# 
   569  0F1B                     	;# 
   570  0F1C                     	;# 
   571  0F1D                     	;# 
   572  0F1E                     	;# 
   573  0F1F                     	;# 
   574  0F20                     	;# 
   575  0F21                     	;# 
   576  0F22                     	;# 
   577  0F23                     	;# 
   578  0F24                     	;# 
   579  0F25                     	;# 
   580  0F26                     	;# 
   581  0F27                     	;# 
   582  0F28                     	;# 
   583  0F29                     	;# 
   584  0F2A                     	;# 
   585  0F2B                     	;# 
   586  0F2C                     	;# 
   587  0F2D                     	;# 
   588  0F2E                     	;# 
   589  0F2F                     	;# 
   590  0F8C                     	;# 
   591  0F8D                     	;# 
   592  0F91                     	;# 
   593  0F95                     	;# 
   594  0F96                     	;# 
   595  0F97                     	;# 
   596  0F9C                     	;# 
   597  0F9D                     	;# 
   598  0F9E                     	;# 
   599  0FE3                     	;# 
   600  0FE4                     	;# 
   601  0FE5                     	;# 
   602  0FE6                     	;# 
   603  0FE7                     	;# 
   604  0FE8                     	;# 
   605  0FE9                     	;# 
   606  0FEA                     	;# 
   607  0FEB                     	;# 
   608  0FED                     	;# 
   609  0FEE                     	;# 
   610  0FEF                     	;# 
   611  0000                     	;# 
   612  0001                     	;# 
   613  0002                     	;# 
   614  0003                     	;# 
   615  0004                     	;# 
   616  0005                     	;# 
   617  0006                     	;# 
   618  0007                     	;# 
   619  0008                     	;# 
   620  0009                     	;# 
   621  000A                     	;# 
   622  000B                     	;# 
   623  000C                     	;# 
   624  000D                     	;# 
   625  000E                     	;# 
   626  0011                     	;# 
   627  0012                     	;# 
   628  0013                     	;# 
   629  0015                     	;# 
   630  0016                     	;# 
   631  0016                     	;# 
   632  0017                     	;# 
   633  0018                     	;# 
   634  0019                     	;# 
   635  001A                     	;# 
   636  001B                     	;# 
   637  001C                     	;# 
   638  008C                     	;# 
   639  008D                     	;# 
   640  008E                     	;# 
   641  0091                     	;# 
   642  0092                     	;# 
   643  0093                     	;# 
   644  0095                     	;# 
   645  0096                     	;# 
   646  0097                     	;# 
   647  0099                     	;# 
   648  009A                     	;# 
   649  009B                     	;# 
   650  009B                     	;# 
   651  009C                     	;# 
   652  009D                     	;# 
   653  009E                     	;# 
   654  009F                     	;# 
   655  010C                     	;# 
   656  010D                     	;# 
   657  010E                     	;# 
   658  0111                     	;# 
   659  0112                     	;# 
   660  0113                     	;# 
   661  0114                     	;# 
   662  0115                     	;# 
   663  0116                     	;# 
   664  0117                     	;# 
   665  0118                     	;# 
   666  0119                     	;# 
   667  011D                     	;# 
   668  018C                     	;# 
   669  018D                     	;# 
   670  018E                     	;# 
   671  0191                     	;# 
   672  0191                     	;# 
   673  0192                     	;# 
   674  0193                     	;# 
   675  0193                     	;# 
   676  0194                     	;# 
   677  0195                     	;# 
   678  0196                     	;# 
   679  0197                     	;# 
   680  0199                     	;# 
   681  019A                     	;# 
   682  019B                     	;# 
   683  019B                     	;# 
   684  019C                     	;# 
   685  019D                     	;# 
   686  019E                     	;# 
   687  019F                     	;# 
   688  020C                     	;# 
   689  020D                     	;# 
   690  0211                     	;# 
   691  0211                     	;# 
   692  0212                     	;# 
   693  0212                     	;# 
   694  0213                     	;# 
   695  0213                     	;# 
   696  0214                     	;# 
   697  0214                     	;# 
   698  0215                     	;# 
   699  0215                     	;# 
   700  0215                     	;# 
   701  0216                     	;# 
   702  0216                     	;# 
   703  0217                     	;# 
   704  0217                     	;# 
   705  0391                     	;# 
   706  0392                     	;# 
   707  0393                     	;# 
   708  0394                     	;# 
   709  0395                     	;# 
   710  0396                     	;# 
   711  0498                     	;# 
   712  0498                     	;# 
   713  0499                     	;# 
   714  049A                     	;# 
   715  049B                     	;# 
   716  049B                     	;# 
   717  049C                     	;# 
   718  049D                     	;# 
   719  049E                     	;# 
   720  049F                     	;# 
   721  0611                     	;# 
   722  0612                     	;# 
   723  0613                     	;# 
   724  0613                     	;# 
   725  0614                     	;# 
   726  0615                     	;# 
   727  0616                     	;# 
   728  0616                     	;# 
   729  0617                     	;# 
   730  0618                     	;# 
   731  0619                     	;# 
   732  0619                     	;# 
   733  061A                     	;# 
   734  061B                     	;# 
   735  061C                     	;# 
   736  061C                     	;# 
   737  0691                     	;# 
   738  0692                     	;# 
   739  0693                     	;# 
   740  0694                     	;# 
   741  0695                     	;# 
   742  0F0F                     	;# 
   743  0F10                     	;# 
   744  0F11                     	;# 
   745  0F12                     	;# 
   746  0F13                     	;# 
   747  0F14                     	;# 
   748  0F15                     	;# 
   749  0F16                     	;# 
   750  0F17                     	;# 
   751  0F18                     	;# 
   752  0F19                     	;# 
   753  0F1A                     	;# 
   754  0F1B                     	;# 
   755  0F1C                     	;# 
   756  0F1D                     	;# 
   757  0F1E                     	;# 
   758  0F1F                     	;# 
   759  0F20                     	;# 
   760  0F21                     	;# 
   761  0F22                     	;# 
   762  0F23                     	;# 
   763  0F24                     	;# 
   764  0F25                     	;# 
   765  0F26                     	;# 
   766  0F27                     	;# 
   767  0F28                     	;# 
   768  0F29                     	;# 
   769  0F2A                     	;# 
   770  0F2B                     	;# 
   771  0F2C                     	;# 
   772  0F2D                     	;# 
   773  0F2E                     	;# 
   774  0F2F                     	;# 
   775  0F8C                     	;# 
   776  0F8D                     	;# 
   777  0F91                     	;# 
   778  0F95                     	;# 
   779  0F96                     	;# 
   780  0F97                     	;# 
   781  0F9C                     	;# 
   782  0F9D                     	;# 
   783  0F9E                     	;# 
   784  0FE3                     	;# 
   785  0FE4                     	;# 
   786  0FE5                     	;# 
   787  0FE6                     	;# 
   788  0FE7                     	;# 
   789  0FE8                     	;# 
   790  0FE9                     	;# 
   791  0FEA                     	;# 
   792  0FEB                     	;# 
   793  0FED                     	;# 
   794  0FEE                     	;# 
   795  0FEF                     	;# 
   796                           
   797 ;; Function _EUSART_DefaultFramingErrorHandler is unused but had its address taken
   798  0000                     
   799 ;; Function _EUSART_DefaultOverrunErrorHandler is unused but had its address taken
   800  0000                     
   801 ;; Function _EUSART_DefaultErrorHandler is unused but had its address taken
   802  0000                     
   803                           	psect	nvCOMMON
   804  0070                     __pnvCOMMON:
   805  0070                     _EUSART_ErrorHandler:
   806  0070                     	ds	2
   807  0072                     _EUSART_OverrunErrorHandler:
   808  0072                     	ds	2
   809  0074                     _EUSART_FramingErrorHandler:
   810  0074                     	ds	2
   811  0011                     _PIR1bits	set	17
   812  008C                     _TXIF	set	140
   813  0097                     _WDTCON	set	151
   814  0099                     _OSCCON	set	153
   815  0095                     _OPTION_REGbits	set	149
   816  008E                     _TRISC	set	142
   817  008D                     _TRISB	set	141
   818  008C                     _TRISA	set	140
   819  0116                     _BORCON	set	278
   820  011D                     _APFCON	set	285
   821  010E                     _LATC	set	270
   822  010D                     _LATB	set	269
   823  010C                     _LATA	set	268
   824  019A                     _TXREG	set	410
   825  0199                     _RCREG	set	409
   826  019D                     _RCSTAbits	set	413
   827  019E                     _TXSTAbits	set	414
   828  019C                     _SPBRGH	set	412
   829  019B                     _SPBRGL	set	411
   830  019E                     _TXSTA	set	414
   831  019D                     _RCSTA	set	413
   832  019F                     _BAUDCON	set	415
   833  018C                     _ANSELA	set	396
   834  018D                     _ANSELB	set	397
   835  018E                     _ANSELC	set	398
   836  020C                     _WPUA	set	524
   837  020D                     _WPUB	set	525
   838                           
   839                           	psect	cinit
   840  07FC                     start_initialization:	
   841                           ; #config settings
   842                           
   843  07FC                     __initialization:
   844                           
   845                           ; Clear objects allocated to COMMON
   846  07FC  01F8               	clrf	__pbssCOMMON& (0+127)
   847  07FD                     end_of_initialization:	
   848                           ;End of C runtime variable initialization code
   849                           
   850  07FD                     __end_of__initialization:
   851  07FD  0020               	movlb	0
   852  07FE  3187  2FB0         	ljmp	_main	;jump to C main() function
   853                           
   854                           	psect	bssCOMMON
   855  0078                     __pbssCOMMON:
   856  0078                     _eusartRxLastError:
   857  0078                     	ds	1
   858                           
   859                           	psect	cstackCOMMON
   860  0076                     __pcstackCOMMON:
   861  0076                     ?_OSCILLATOR_Initialize:
   862  0076                     ??_OSCILLATOR_Initialize:	
   863                           ; 1 bytes @ 0x0
   864                           
   865  0076                     ?_WDT_Initialize:	
   866                           ; 1 bytes @ 0x0
   867                           
   868  0076                     ??_WDT_Initialize:	
   869                           ; 1 bytes @ 0x0
   870                           
   871  0076                     ?_EUSART_Initialize:	
   872                           ; 1 bytes @ 0x0
   873                           
   874  0076                     ?_EUSART_SetFramingErrorHandler:	
   875                           ; 1 bytes @ 0x0
   876                           
   877  0076                     ?_EUSART_SetOverrunErrorHandler:	
   878                           ; 1 bytes @ 0x0
   879                           
   880  0076                     ?_EUSART_SetErrorHandler:	
   881                           ; 1 bytes @ 0x0
   882                           
   883  0076                     ?_PIN_MANAGER_Initialize:	
   884                           ; 1 bytes @ 0x0
   885                           
   886  0076                     ??_PIN_MANAGER_Initialize:	
   887                           ; 1 bytes @ 0x0
   888                           
   889  0076                     ?_SYSTEM_Initialize:	
   890                           ; 1 bytes @ 0x0
   891                           
   892  0076                     ?_main:	
   893                           ; 1 bytes @ 0x0
   894                           
   895  0076                     EUSART_SetFramingErrorHandler@interruptHandler:	
   896                           ; 1 bytes @ 0x0
   897                           
   898  0076                     EUSART_SetOverrunErrorHandler@interruptHandler:	
   899                           ; 2 bytes @ 0x0
   900                           
   901  0076                     EUSART_SetErrorHandler@interruptHandler:	
   902                           ; 2 bytes @ 0x0
   903                           
   904                           
   905                           ; 2 bytes @ 0x0
   906  0076                     	ds	2
   907  0078                     ??_EUSART_Initialize:
   908  0078                     ??_EUSART_SetFramingErrorHandler:	
   909                           ; 1 bytes @ 0x2
   910                           
   911  0078                     ??_EUSART_SetOverrunErrorHandler:	
   912                           ; 1 bytes @ 0x2
   913                           
   914  0078                     ??_EUSART_SetErrorHandler:	
   915                           ; 1 bytes @ 0x2
   916                           
   917  0078                     ??_SYSTEM_Initialize:	
   918                           ; 1 bytes @ 0x2
   919                           
   920  0078                     ??_main:	
   921                           ; 1 bytes @ 0x2
   922                           
   923                           
   924                           	psect	maintext
   925  07B0                     __pmaintext:	
   926                           ; 1 bytes @ 0x2
   927 ;;
   928 ;;Main: autosize = 0, tempsize = 0, incstack = 0, save=0
   929 ;;
   930 ;; *************** function _main *****************
   931 ;; Defined at:
   932 ;;		line 54 in file "main.c"
   933 ;; Parameters:    Size  Location     Type
   934 ;;		None
   935 ;; Auto vars:     Size  Location     Type
   936 ;;		None
   937 ;; Return value:  Size  Location     Type
   938 ;;                  1    wreg      void 
   939 ;; Registers used:
   940 ;;		wreg, status,2, status,0, pclath, cstack
   941 ;; Tracked objects:
   942 ;;		On entry : B1F/0
   943 ;;		On exit  : 0/0
   944 ;;		Unchanged: 0/0
   945 ;; Data sizes:     COMMON   BANK0   BANK1   BANK2   BANK3   BANK4   BANK5   BANK6
   946 ;;      Params:         0       0       0       0       0       0       0       0
   947 ;;      Locals:         0       0       0       0       0       0       0       0
   948 ;;      Temps:          0       0       0       0       0       0       0       0
   949 ;;      Totals:         0       0       0       0       0       0       0       0
   950 ;;Total ram usage:        0 bytes
   951 ;; Hardware stack levels required when called: 3
   952 ;; This function calls:
   953 ;;		_SYSTEM_Initialize
   954 ;; This function is called by:
   955 ;;		Startup code after reset
   956 ;; This function uses a non-reentrant model
   957 ;;
   958                           
   959  07B0                     _main:	
   960                           ;psect for function _main
   961                           
   962  07B0                     l789:	
   963                           ;incstack = 0
   964                           ; Regs used in _main: [wreg+status,2+status,0+pclath+cstack]
   965                           
   966                           
   967                           ;main.c: 57:     SYSTEM_Initialize();
   968  07B0  3187  27B6  3187   	fcall	_SYSTEM_Initialize
   969  07B3                     l160:	
   970                           ;main.c: 73:     while (1)
   971                           
   972  07B3                     l161:	
   973                           ;main.c: 74:     {;main.c: 76:     }
   974                           
   975  07B3  2FB3               	goto	l160
   976  07B4  3180  2802         	ljmp	start
   977  07B6                     __end_of_main:
   978                           
   979                           	psect	text1
   980  07B6                     __ptext1:	
   981 ;; *************** function _SYSTEM_Initialize *****************
   982 ;; Defined at:
   983 ;;		line 50 in file "mcc_generated_files/mcc.c"
   984 ;; Parameters:    Size  Location     Type
   985 ;;		None
   986 ;; Auto vars:     Size  Location     Type
   987 ;;		None
   988 ;; Return value:  Size  Location     Type
   989 ;;                  1    wreg      void 
   990 ;; Registers used:
   991 ;;		wreg, status,2, status,0, pclath, cstack
   992 ;; Tracked objects:
   993 ;;		On entry : 0/0
   994 ;;		On exit  : 0/0
   995 ;;		Unchanged: 0/0
   996 ;; Data sizes:     COMMON   BANK0   BANK1   BANK2   BANK3   BANK4   BANK5   BANK6
   997 ;;      Params:         0       0       0       0       0       0       0       0
   998 ;;      Locals:         0       0       0       0       0       0       0       0
   999 ;;      Temps:          0       0       0       0       0       0       0       0
  1000 ;;      Totals:         0       0       0       0       0       0       0       0
  1001 ;;Total ram usage:        0 bytes
  1002 ;; Hardware stack levels used: 1
  1003 ;; Hardware stack levels required when called: 2
  1004 ;; This function calls:
  1005 ;;		_EUSART_Initialize
  1006 ;;		_OSCILLATOR_Initialize
  1007 ;;		_PIN_MANAGER_Initialize
  1008 ;;		_WDT_Initialize
  1009 ;; This function is called by:
  1010 ;;		_main
  1011 ;; This function uses a non-reentrant model
  1012 ;;
  1013                           
  1014  07B6                     _SYSTEM_Initialize:	
  1015                           ;psect for function _SYSTEM_Initialize
  1016                           
  1017  07B6                     l787:	
  1018                           ;incstack = 0
  1019                           ; Regs used in _SYSTEM_Initialize: [wreg+status,2+status,0+pclath+cstack]
  1020                           
  1021                           
  1022                           ;mcc_generated_files/mcc.c: 53:     PIN_MANAGER_Initialize();
  1023  07B6  3187  27C3  3187   	fcall	_PIN_MANAGER_Initialize
  1024                           
  1025                           ;mcc_generated_files/mcc.c: 54:     OSCILLATOR_Initialize();
  1026  07B9  3187  27AA  3187   	fcall	_OSCILLATOR_Initialize
  1027                           
  1028                           ;mcc_generated_files/mcc.c: 55:     WDT_Initialize();
  1029  07BC  3187  2797  3187   	fcall	_WDT_Initialize
  1030                           
  1031                           ;mcc_generated_files/mcc.c: 56:     EUSART_Initialize();
  1032  07BF  3187  27DB  3187   	fcall	_EUSART_Initialize
  1033  07C2                     l49:
  1034  07C2  0008               	return
  1035  07C3                     __end_of_SYSTEM_Initialize:
  1036                           
  1037                           	psect	text2
  1038  0797                     __ptext2:	
  1039 ;; *************** function _WDT_Initialize *****************
  1040 ;; Defined at:
  1041 ;;		line 67 in file "mcc_generated_files/mcc.c"
  1042 ;; Parameters:    Size  Location     Type
  1043 ;;		None
  1044 ;; Auto vars:     Size  Location     Type
  1045 ;;		None
  1046 ;; Return value:  Size  Location     Type
  1047 ;;                  1    wreg      void 
  1048 ;; Registers used:
  1049 ;;		wreg
  1050 ;; Tracked objects:
  1051 ;;		On entry : 0/0
  1052 ;;		On exit  : 0/0
  1053 ;;		Unchanged: 0/0
  1054 ;; Data sizes:     COMMON   BANK0   BANK1   BANK2   BANK3   BANK4   BANK5   BANK6
  1055 ;;      Params:         0       0       0       0       0       0       0       0
  1056 ;;      Locals:         0       0       0       0       0       0       0       0
  1057 ;;      Temps:          0       0       0       0       0       0       0       0
  1058 ;;      Totals:         0       0       0       0       0       0       0       0
  1059 ;;Total ram usage:        0 bytes
  1060 ;; Hardware stack levels used: 1
  1061 ;; This function calls:
  1062 ;;		Nothing
  1063 ;; This function is called by:
  1064 ;;		_SYSTEM_Initialize
  1065 ;; This function uses a non-reentrant model
  1066 ;;
  1067                           
  1068  0797                     _WDT_Initialize:	
  1069                           ;psect for function _WDT_Initialize
  1070                           
  1071  0797                     l711:	
  1072                           ;incstack = 0
  1073                           ; Regs used in _WDT_Initialize: [wreg]
  1074                           
  1075                           
  1076                           ;mcc_generated_files/mcc.c: 70:     WDTCON = 0x16;
  1077  0797  3016               	movlw	22
  1078  0798  0021               	movlb	1	; select bank1
  1079  0799  0097               	movwf	23	;volatile
  1080  079A                     l55:
  1081  079A  0008               	return
  1082  079B                     __end_of_WDT_Initialize:
  1083                           
  1084                           	psect	text3
  1085  07C3                     __ptext3:	
  1086 ;; *************** function _PIN_MANAGER_Initialize *****************
  1087 ;; Defined at:
  1088 ;;		line 55 in file "mcc_generated_files/pin_manager.c"
  1089 ;; Parameters:    Size  Location     Type
  1090 ;;		None
  1091 ;; Auto vars:     Size  Location     Type
  1092 ;;		None
  1093 ;; Return value:  Size  Location     Type
  1094 ;;                  1    wreg      void 
  1095 ;; Registers used:
  1096 ;;		wreg, status,2
  1097 ;; Tracked objects:
  1098 ;;		On entry : 0/0
  1099 ;;		On exit  : 0/0
  1100 ;;		Unchanged: 0/0
  1101 ;; Data sizes:     COMMON   BANK0   BANK1   BANK2   BANK3   BANK4   BANK5   BANK6
  1102 ;;      Params:         0       0       0       0       0       0       0       0
  1103 ;;      Locals:         0       0       0       0       0       0       0       0
  1104 ;;      Temps:          0       0       0       0       0       0       0       0
  1105 ;;      Totals:         0       0       0       0       0       0       0       0
  1106 ;;Total ram usage:        0 bytes
  1107 ;; Hardware stack levels used: 1
  1108 ;; This function calls:
  1109 ;;		Nothing
  1110 ;; This function is called by:
  1111 ;;		_SYSTEM_Initialize
  1112 ;; This function uses a non-reentrant model
  1113 ;;
  1114                           
  1115  07C3                     _PIN_MANAGER_Initialize:	
  1116                           ;psect for function _PIN_MANAGER_Initialize
  1117                           
  1118  07C3                     l695:	
  1119                           ;incstack = 0
  1120                           ; Regs used in _PIN_MANAGER_Initialize: [wreg+status,2]
  1121                           
  1122                           
  1123                           ;mcc_generated_files/pin_manager.c: 60:     LATA = 0x00;
  1124  07C3  0022               	movlb	2	; select bank2
  1125  07C4  018C               	clrf	12	;volatile
  1126                           
  1127                           ;mcc_generated_files/pin_manager.c: 61:     LATB = 0x00;
  1128  07C5  018D               	clrf	13	;volatile
  1129                           
  1130                           ;mcc_generated_files/pin_manager.c: 62:     LATC = 0x00;
  1131  07C6  018E               	clrf	14	;volatile
  1132  07C7                     l697:
  1133                           
  1134                           ;mcc_generated_files/pin_manager.c: 67:     TRISA = 0x3F;
  1135  07C7  303F               	movlw	63
  1136  07C8  0021               	movlb	1	; select bank1
  1137  07C9  008C               	movwf	12	;volatile
  1138  07CA                     l699:
  1139                           
  1140                           ;mcc_generated_files/pin_manager.c: 68:     TRISB = 0x70;
  1141  07CA  3070               	movlw	112
  1142  07CB  008D               	movwf	13	;volatile
  1143                           
  1144                           ;mcc_generated_files/pin_manager.c: 69:     TRISC = 0x00;
  1145  07CC  018E               	clrf	14	;volatile
  1146                           
  1147                           ;mcc_generated_files/pin_manager.c: 74:     ANSELC = 0x00;
  1148  07CD  0023               	movlb	3	; select bank3
  1149  07CE  018E               	clrf	14	;volatile
  1150  07CF                     l701:
  1151                           
  1152                           ;mcc_generated_files/pin_manager.c: 75:     ANSELB = 0x10;
  1153  07CF  3010               	movlw	16
  1154  07D0  008D               	movwf	13	;volatile
  1155  07D1                     l703:
  1156                           
  1157                           ;mcc_generated_files/pin_manager.c: 76:     ANSELA = 0x17;
  1158  07D1  3017               	movlw	23
  1159  07D2  008C               	movwf	12	;volatile
  1160                           
  1161                           ;mcc_generated_files/pin_manager.c: 81:     WPUB = 0x00;
  1162  07D3  0024               	movlb	4	; select bank4
  1163  07D4  018D               	clrf	13	;volatile
  1164                           
  1165                           ;mcc_generated_files/pin_manager.c: 82:     WPUA = 0x00;
  1166  07D5  018C               	clrf	12	;volatile
  1167  07D6                     l705:
  1168                           
  1169                           ;mcc_generated_files/pin_manager.c: 83:     OPTION_REGbits.nWPUEN = 1;
  1170  07D6  0021               	movlb	1	; select bank1
  1171  07D7  1795               	bsf	21,7	;volatile
  1172                           
  1173                           ;mcc_generated_files/pin_manager.c: 89:     APFCON = 0x00;
  1174  07D8  0022               	movlb	2	; select bank2
  1175  07D9  019D               	clrf	29	;volatile
  1176  07DA                     l29:
  1177  07DA  0008               	return
  1178  07DB                     __end_of_PIN_MANAGER_Initialize:
  1179                           
  1180                           	psect	text4
  1181  07AA                     __ptext4:	
  1182 ;; *************** function _OSCILLATOR_Initialize *****************
  1183 ;; Defined at:
  1184 ;;		line 59 in file "mcc_generated_files/mcc.c"
  1185 ;; Parameters:    Size  Location     Type
  1186 ;;		None
  1187 ;; Auto vars:     Size  Location     Type
  1188 ;;		None
  1189 ;; Return value:  Size  Location     Type
  1190 ;;                  1    wreg      void 
  1191 ;; Registers used:
  1192 ;;		wreg, status,2
  1193 ;; Tracked objects:
  1194 ;;		On entry : 0/0
  1195 ;;		On exit  : 0/0
  1196 ;;		Unchanged: 0/0
  1197 ;; Data sizes:     COMMON   BANK0   BANK1   BANK2   BANK3   BANK4   BANK5   BANK6
  1198 ;;      Params:         0       0       0       0       0       0       0       0
  1199 ;;      Locals:         0       0       0       0       0       0       0       0
  1200 ;;      Temps:          0       0       0       0       0       0       0       0
  1201 ;;      Totals:         0       0       0       0       0       0       0       0
  1202 ;;Total ram usage:        0 bytes
  1203 ;; Hardware stack levels used: 1
  1204 ;; This function calls:
  1205 ;;		Nothing
  1206 ;; This function is called by:
  1207 ;;		_SYSTEM_Initialize
  1208 ;; This function uses a non-reentrant model
  1209 ;;
  1210                           
  1211  07AA                     _OSCILLATOR_Initialize:	
  1212                           ;psect for function _OSCILLATOR_Initialize
  1213                           
  1214  07AA                     l707:	
  1215                           ;incstack = 0
  1216                           ; Regs used in _OSCILLATOR_Initialize: [wreg+status,2]
  1217                           
  1218                           
  1219                           ;mcc_generated_files/mcc.c: 62:     OSCCON = 0x72;
  1220  07AA  3072               	movlw	114
  1221  07AB  0021               	movlb	1	; select bank1
  1222  07AC  0099               	movwf	25	;volatile
  1223  07AD                     l709:
  1224                           
  1225                           ;mcc_generated_files/mcc.c: 64:     BORCON = 0x00;
  1226  07AD  0022               	movlb	2	; select bank2
  1227  07AE  0196               	clrf	22	;volatile
  1228  07AF                     l52:
  1229  07AF  0008               	return
  1230  07B0                     __end_of_OSCILLATOR_Initialize:
  1231                           
  1232                           	psect	text5
  1233  07DB                     __ptext5:	
  1234 ;; *************** function _EUSART_Initialize *****************
  1235 ;; Defined at:
  1236 ;;		line 66 in file "mcc_generated_files/eusart.c"
  1237 ;; Parameters:    Size  Location     Type
  1238 ;;		None
  1239 ;; Auto vars:     Size  Location     Type
  1240 ;;		None
  1241 ;; Return value:  Size  Location     Type
  1242 ;;                  1    wreg      void 
  1243 ;; Registers used:
  1244 ;;		wreg, status,2, status,0, pclath, cstack
  1245 ;; Tracked objects:
  1246 ;;		On entry : 0/0
  1247 ;;		On exit  : 0/0
  1248 ;;		Unchanged: 0/0
  1249 ;; Data sizes:     COMMON   BANK0   BANK1   BANK2   BANK3   BANK4   BANK5   BANK6
  1250 ;;      Params:         0       0       0       0       0       0       0       0
  1251 ;;      Locals:         0       0       0       0       0       0       0       0
  1252 ;;      Temps:          0       0       0       0       0       0       0       0
  1253 ;;      Totals:         0       0       0       0       0       0       0       0
  1254 ;;Total ram usage:        0 bytes
  1255 ;; Hardware stack levels used: 1
  1256 ;; Hardware stack levels required when called: 1
  1257 ;; This function calls:
  1258 ;;		_EUSART_SetErrorHandler
  1259 ;;		_EUSART_SetFramingErrorHandler
  1260 ;;		_EUSART_SetOverrunErrorHandler
  1261 ;; This function is called by:
  1262 ;;		_SYSTEM_Initialize
  1263 ;; This function uses a non-reentrant model
  1264 ;;
  1265                           
  1266  07DB                     _EUSART_Initialize:	
  1267                           ;psect for function _EUSART_Initialize
  1268                           
  1269  07DB                     l775:	
  1270                           ;incstack = 0
  1271                           ; Regs used in _EUSART_Initialize: [wreg+status,2+status,0+pclath+cstack]
  1272                           
  1273                           
  1274                           ;mcc_generated_files/eusart.c: 71:     BAUDCON = 0x08;
  1275  07DB  3008               	movlw	8
  1276  07DC  0023               	movlb	3	; select bank3
  1277  07DD  009F               	movwf	31	;volatile
  1278                           
  1279                           ;mcc_generated_files/eusart.c: 74:     RCSTA = 0x90;
  1280  07DE  3090               	movlw	144
  1281  07DF  009D               	movwf	29	;volatile
  1282                           
  1283                           ;mcc_generated_files/eusart.c: 77:     TXSTA = 0x24;
  1284  07E0  3024               	movlw	36
  1285  07E1  009E               	movwf	30	;volatile
  1286                           
  1287                           ;mcc_generated_files/eusart.c: 80:     SPBRGL = 0x19;
  1288  07E2  3019               	movlw	25
  1289  07E3  009B               	movwf	27	;volatile
  1290  07E4                     l777:
  1291                           
  1292                           ;mcc_generated_files/eusart.c: 83:     SPBRGH = 0x00;
  1293  07E4  019C               	clrf	28	;volatile
  1294  07E5                     l779:
  1295                           
  1296                           ;mcc_generated_files/eusart.c: 86:     EUSART_SetFramingErrorHandler(EUSART_DefaultFrami
      +                          ngErrorHandler);
  1297  07E5  3000               	movlw	0
  1298  07E6  00F6               	movwf	EUSART_SetFramingErrorHandler@interruptHandler
  1299  07E7  3000               	movlw	0
  1300  07E8  00F7               	movwf	EUSART_SetFramingErrorHandler@interruptHandler+1
  1301  07E9  3187  27A0  3187   	fcall	_EUSART_SetFramingErrorHandler
  1302  07EC                     l781:
  1303                           
  1304                           ;mcc_generated_files/eusart.c: 87:     EUSART_SetOverrunErrorHandler(EUSART_DefaultOverr
      +                          unErrorHandler);
  1305  07EC  3000               	movlw	0
  1306  07ED  00F6               	movwf	EUSART_SetOverrunErrorHandler@interruptHandler
  1307  07EE  3000               	movlw	0
  1308  07EF  00F7               	movwf	EUSART_SetOverrunErrorHandler@interruptHandler+1
  1309  07F0  3187  27A5  3187   	fcall	_EUSART_SetOverrunErrorHandler
  1310  07F3                     l783:
  1311                           
  1312                           ;mcc_generated_files/eusart.c: 88:     EUSART_SetErrorHandler(EUSART_DefaultErrorHandler
      +                          );
  1313  07F3  3000               	movlw	0
  1314  07F4  00F6               	movwf	EUSART_SetErrorHandler@interruptHandler
  1315  07F5  3000               	movlw	0
  1316  07F6  00F7               	movwf	EUSART_SetErrorHandler@interruptHandler+1
  1317  07F7  3187  279B  3187   	fcall	_EUSART_SetErrorHandler
  1318  07FA                     l785:
  1319                           
  1320                           ;mcc_generated_files/eusart.c: 90:     eusartRxLastError.status = 0;
  1321  07FA  01F8               	clrf	_eusartRxLastError	;volatile
  1322  07FB                     l98:
  1323  07FB  0008               	return
  1324  07FC                     __end_of_EUSART_Initialize:
  1325                           
  1326                           	psect	text6
  1327  07A5                     __ptext6:	
  1328 ;; *************** function _EUSART_SetOverrunErrorHandler *****************
  1329 ;; Defined at:
  1330 ;;		line 161 in file "mcc_generated_files/eusart.c"
  1331 ;; Parameters:    Size  Location     Type
  1332 ;;  interruptHan    2    0[COMMON] PTR FTN()void 
  1333 ;;		 -> EUSART_DefaultOverrunErrorHandler(1), 
  1334 ;; Auto vars:     Size  Location     Type
  1335 ;;		None
  1336 ;; Return value:  Size  Location     Type
  1337 ;;                  1    wreg      void 
  1338 ;; Registers used:
  1339 ;;		wreg
  1340 ;; Tracked objects:
  1341 ;;		On entry : 0/0
  1342 ;;		On exit  : 0/0
  1343 ;;		Unchanged: 0/0
  1344 ;; Data sizes:     COMMON   BANK0   BANK1   BANK2   BANK3   BANK4   BANK5   BANK6
  1345 ;;      Params:         2       0       0       0       0       0       0       0
  1346 ;;      Locals:         0       0       0       0       0       0       0       0
  1347 ;;      Temps:          0       0       0       0       0       0       0       0
  1348 ;;      Totals:         2       0       0       0       0       0       0       0
  1349 ;;Total ram usage:        2 bytes
  1350 ;; Hardware stack levels used: 1
  1351 ;; This function calls:
  1352 ;;		Nothing
  1353 ;; This function is called by:
  1354 ;;		_EUSART_Initialize
  1355 ;; This function uses a non-reentrant model
  1356 ;;
  1357                           
  1358  07A5                     _EUSART_SetOverrunErrorHandler:	
  1359                           ;psect for function _EUSART_SetOverrunErrorHandler
  1360                           
  1361  07A5                     l771:	
  1362                           ;incstack = 0
  1363                           ; Regs used in _EUSART_SetOverrunErrorHandler: [wreg]
  1364                           
  1365                           
  1366                           ;mcc_generated_files/eusart.c: 162:     EUSART_OverrunErrorHandler = interruptHandler;
  1367  07A5  0877               	movf	EUSART_SetOverrunErrorHandler@interruptHandler+1,w
  1368  07A6  00F3               	movwf	_EUSART_OverrunErrorHandler+1
  1369  07A7  0876               	movf	EUSART_SetOverrunErrorHandler@interruptHandler,w
  1370  07A8  00F2               	movwf	_EUSART_OverrunErrorHandler
  1371  07A9                     l140:
  1372  07A9  0008               	return
  1373  07AA                     __end_of_EUSART_SetOverrunErrorHandler:
  1374                           
  1375                           	psect	text7
  1376  07A0                     __ptext7:	
  1377 ;; *************** function _EUSART_SetFramingErrorHandler *****************
  1378 ;; Defined at:
  1379 ;;		line 157 in file "mcc_generated_files/eusart.c"
  1380 ;; Parameters:    Size  Location     Type
  1381 ;;  interruptHan    2    0[COMMON] PTR FTN()void 
  1382 ;;		 -> EUSART_DefaultFramingErrorHandler(1), 
  1383 ;; Auto vars:     Size  Location     Type
  1384 ;;		None
  1385 ;; Return value:  Size  Location     Type
  1386 ;;                  1    wreg      void 
  1387 ;; Registers used:
  1388 ;;		wreg
  1389 ;; Tracked objects:
  1390 ;;		On entry : 0/0
  1391 ;;		On exit  : 0/0
  1392 ;;		Unchanged: 0/0
  1393 ;; Data sizes:     COMMON   BANK0   BANK1   BANK2   BANK3   BANK4   BANK5   BANK6
  1394 ;;      Params:         2       0       0       0       0       0       0       0
  1395 ;;      Locals:         0       0       0       0       0       0       0       0
  1396 ;;      Temps:          0       0       0       0       0       0       0       0
  1397 ;;      Totals:         2       0       0       0       0       0       0       0
  1398 ;;Total ram usage:        2 bytes
  1399 ;; Hardware stack levels used: 1
  1400 ;; This function calls:
  1401 ;;		Nothing
  1402 ;; This function is called by:
  1403 ;;		_EUSART_Initialize
  1404 ;; This function uses a non-reentrant model
  1405 ;;
  1406                           
  1407  07A0                     _EUSART_SetFramingErrorHandler:	
  1408                           ;psect for function _EUSART_SetFramingErrorHandler
  1409                           
  1410  07A0                     l769:	
  1411                           ;incstack = 0
  1412                           ; Regs used in _EUSART_SetFramingErrorHandler: [wreg]
  1413                           
  1414                           
  1415                           ;mcc_generated_files/eusart.c: 158:     EUSART_FramingErrorHandler = interruptHandler;
  1416  07A0  0877               	movf	EUSART_SetFramingErrorHandler@interruptHandler+1,w
  1417  07A1  00F5               	movwf	_EUSART_FramingErrorHandler+1
  1418  07A2  0876               	movf	EUSART_SetFramingErrorHandler@interruptHandler,w
  1419  07A3  00F4               	movwf	_EUSART_FramingErrorHandler
  1420  07A4                     l137:
  1421  07A4  0008               	return
  1422  07A5                     __end_of_EUSART_SetFramingErrorHandler:
  1423                           
  1424                           	psect	text8
  1425  079B                     __ptext8:	
  1426 ;; *************** function _EUSART_SetErrorHandler *****************
  1427 ;; Defined at:
  1428 ;;		line 165 in file "mcc_generated_files/eusart.c"
  1429 ;; Parameters:    Size  Location     Type
  1430 ;;  interruptHan    2    0[COMMON] PTR FTN()void 
  1431 ;;		 -> EUSART_DefaultErrorHandler(1), 
  1432 ;; Auto vars:     Size  Location     Type
  1433 ;;		None
  1434 ;; Return value:  Size  Location     Type
  1435 ;;                  1    wreg      void 
  1436 ;; Registers used:
  1437 ;;		wreg
  1438 ;; Tracked objects:
  1439 ;;		On entry : 0/0
  1440 ;;		On exit  : 0/0
  1441 ;;		Unchanged: 0/0
  1442 ;; Data sizes:     COMMON   BANK0   BANK1   BANK2   BANK3   BANK4   BANK5   BANK6
  1443 ;;      Params:         2       0       0       0       0       0       0       0
  1444 ;;      Locals:         0       0       0       0       0       0       0       0
  1445 ;;      Temps:          0       0       0       0       0       0       0       0
  1446 ;;      Totals:         2       0       0       0       0       0       0       0
  1447 ;;Total ram usage:        2 bytes
  1448 ;; Hardware stack levels used: 1
  1449 ;; This function calls:
  1450 ;;		Nothing
  1451 ;; This function is called by:
  1452 ;;		_EUSART_Initialize
  1453 ;; This function uses a non-reentrant model
  1454 ;;
  1455                           
  1456  079B                     _EUSART_SetErrorHandler:	
  1457                           ;psect for function _EUSART_SetErrorHandler
  1458                           
  1459  079B                     l773:	
  1460                           ;incstack = 0
  1461                           ; Regs used in _EUSART_SetErrorHandler: [wreg]
  1462                           
  1463                           
  1464                           ;mcc_generated_files/eusart.c: 166:     EUSART_ErrorHandler = interruptHandler;
  1465  079B  0877               	movf	EUSART_SetErrorHandler@interruptHandler+1,w
  1466  079C  00F1               	movwf	_EUSART_ErrorHandler+1
  1467  079D  0876               	movf	EUSART_SetErrorHandler@interruptHandler,w
  1468  079E  00F0               	movwf	_EUSART_ErrorHandler
  1469  079F                     l143:
  1470  079F  0008               	return
  1471  07A0                     __end_of_EUSART_SetErrorHandler:
  1472  007E                     btemp	set	126	;btemp
  1473  007E                     wtemp0	set	126
  1474                           
  1475                           	psect	idloc
  1476                           
  1477                           ;Config register IDLOC0 @ 0x8000
  1478                           ;	unspecified, using default values
  1479  8000                     	org	32768
  1480  8000  3FFF               	dw	16383
  1481                           
  1482                           ;Config register IDLOC1 @ 0x8001
  1483                           ;	unspecified, using default values
  1484  8001                     	org	32769
  1485  8001  3FFF               	dw	16383
  1486                           
  1487                           ;Config register IDLOC2 @ 0x8002
  1488                           ;	unspecified, using default values
  1489  8002                     	org	32770
  1490  8002  3FFF               	dw	16383
  1491                           
  1492                           ;Config register IDLOC3 @ 0x8003
  1493                           ;	unspecified, using default values
  1494  8003                     	org	32771
  1495  8003  3FFF               	dw	16383
  1496                           
  1497                           	psect	config
  1498                           
  1499                           ;Config register CONFIG1 @ 0x8007
  1500                           ;	Oscillator Selection Bits
  1501                           ;	FOSC = HS, HS Oscillator, High-speed crystal/resonator connected between OSC1 and OSC2
      +                           pins
  1502                           ;	Watchdog Timer Enable
  1503                           ;	WDTE = OFF, WDT disabled
  1504                           ;	Power-up Timer Enable
  1505                           ;	PWRTE = OFF, PWRT disabled
  1506                           ;	MCLR Pin Function Select
  1507                           ;	MCLRE = OFF, MCLR/VPP pin function is digital input
  1508                           ;	Flash Program Memory Code Protection
  1509                           ;	CP = OFF, Program memory code protection is disabled
  1510                           ;	Brown-out Reset Enable
  1511                           ;	BOREN = OFF, Brown-out Reset disabled
  1512                           ;	Clock Out Enable
  1513                           ;	CLKOUTEN = OFF, CLKOUT function is disabled. I/O or oscillator function on the CLKOUT 
      +                          pin
  1514                           ;	Internal/External Switchover Mode
  1515                           ;	IESO = OFF, Internal/External Switchover Mode is disabled
  1516                           ;	Fail-Safe Clock Monitor Enable
  1517                           ;	FCMEN = OFF, Fail-Safe Clock Monitor is disabled
  1518  8007                     	org	32775
  1519  8007  09A2               	dw	2466
  1520                           
  1521                           ;Config register CONFIG2 @ 0x8008
  1522                           ;	Flash Memory Self-Write Protection
  1523                           ;	WRT = OFF, Write protection off
  1524                           ;	Stack Overflow/Underflow Reset Enable
  1525                           ;	STVREN = ON, Stack Overflow or Underflow will cause a Reset
  1526                           ;	Brown-out Reset Voltage Selection
  1527                           ;	BORV = LO, Brown-out Reset Voltage (Vbor), low trip point selected.
  1528                           ;	Low-Power Brown Out Reset
  1529                           ;	LPBOR = OFF, Low-Power BOR is disabled
  1530                           ;	Low-Voltage Programming Enable
  1531                           ;	LVP = OFF, High-voltage on MCLR/VPP must be used for programming
  1532  8008                     	org	32776
  1533  8008  1FFF               	dw	8191

Data Sizes:
    Strings     0
    Constant    0
    Data        0
    BSS         1
    Persistent  38
    Stack       0

Auto Spaces:
    Space          Size  Autos    Used
    COMMON           14      2       9
    BANK0            80      0       0
    BANK1            80      0       0
    BANK2            80      0       0
    BANK3            80      0       0
    BANK4            80      0       0
    BANK5            80      0       0
    BANK6            16      0       0

Pointer List with Targets:

    EUSART_SetErrorHandler@interruptHandler	PTR FTN()void  size(2) Largest target is 1
		 -> EUSART_DefaultErrorHandler(), 

    EUSART_ErrorHandler	PTR FTN()void  size(2) Largest target is 1
		 -> Absolute function(), EUSART_DefaultErrorHandler(), 

    EUSART_SetOverrunErrorHandler@interruptHandler	PTR FTN()void  size(2) Largest target is 1
		 -> EUSART_DefaultOverrunErrorHandler(), 

    EUSART_OverrunErrorHandler	PTR FTN()void  size(2) Largest target is 1
		 -> Absolute function(), EUSART_DefaultOverrunErrorHandler(), 

    EUSART_SetFramingErrorHandler@interruptHandler	PTR FTN()void  size(2) Largest target is 1
		 -> EUSART_DefaultFramingErrorHandler(), 

    EUSART_FramingErrorHandler	PTR FTN()void  size(2) Largest target is 1
		 -> Absolute function(), EUSART_DefaultFramingErrorHandler(), 


Critical Paths under _main in COMMON

    _EUSART_Initialize->_EUSART_SetErrorHandler
    _EUSART_Initialize->_EUSART_SetFramingErrorHandler
    _EUSART_Initialize->_EUSART_SetOverrunErrorHandler

Critical Paths under _main in BANK0

    None.

Critical Paths under _main in BANK1

    None.

Critical Paths under _main in BANK2

    None.

Critical Paths under _main in BANK3

    None.

Critical Paths under _main in BANK4

    None.

Critical Paths under _main in BANK5

    None.

Critical Paths under _main in BANK6

    None.

Call Graph Tables:

 ---------------------------------------------------------------------------------
 (Depth) Function   	        Calls       Base Space   Used Autos Params    Refs
 ---------------------------------------------------------------------------------
 (0) _main                                                 0     0      0     294
                  _SYSTEM_Initialize
 ---------------------------------------------------------------------------------
 (1) _SYSTEM_Initialize                                    0     0      0     294
                  _EUSART_Initialize
              _OSCILLATOR_Initialize
             _PIN_MANAGER_Initialize
                     _WDT_Initialize
 ---------------------------------------------------------------------------------
 (2) _WDT_Initialize                                       0     0      0       0
 ---------------------------------------------------------------------------------
 (2) _PIN_MANAGER_Initialize                               0     0      0       0
 ---------------------------------------------------------------------------------
 (2) _OSCILLATOR_Initialize                                0     0      0       0
 ---------------------------------------------------------------------------------
 (2) _EUSART_Initialize                                    0     0      0     294
             _EUSART_SetErrorHandler
      _EUSART_SetFramingErrorHandler
      _EUSART_SetOverrunErrorHandler
 ---------------------------------------------------------------------------------
 (3) _EUSART_SetOverrunErrorHandler                        2     0      2      98
                                              0 COMMON     2     0      2
 ---------------------------------------------------------------------------------
 (3) _EUSART_SetFramingErrorHandler                        2     0      2      98
                                              0 COMMON     2     0      2
 ---------------------------------------------------------------------------------
 (3) _EUSART_SetErrorHandler                               2     0      2      98
                                              0 COMMON     2     0      2
 ---------------------------------------------------------------------------------
 Estimated maximum stack depth 3
 ---------------------------------------------------------------------------------

 Call Graph Graphs:

 _main (ROOT)
   _SYSTEM_Initialize
     _EUSART_Initialize
       _EUSART_SetErrorHandler
       _EUSART_SetFramingErrorHandler
       _EUSART_SetOverrunErrorHandler
     _OSCILLATOR_Initialize
     _PIN_MANAGER_Initialize
     _WDT_Initialize

 Address spaces:
Name               Size   Autos  Total    Cost      Usage
BIGRAM             1F0      0       0       0        0.0%
NULL                 0      0       0       0        0.0%
CODE                 0      0       0       0        0.0%
BITCOMMON            E      0       0       1        0.0%
BITSFR0              0      0       0       1        0.0%
SFR0                 0      0       0       1        0.0%
COMMON               E      2       9       2       64.3%
BITSFR1              0      0       0       2        0.0%
SFR1                 0      0       0       2        0.0%
BITSFR2              0      0       0       3        0.0%
SFR2                 0      0       0       3        0.0%
STACK                0      0       0       3        0.0%
BITSFR3              0      0       0       4        0.0%
SFR3                 0      0       0       4        0.0%
ABS                  0      0       9       4        0.0%
BITBANK0            50      0       0       5        0.0%
BITSFR4              0      0       0       5        0.0%
SFR4                 0      0       0       5        0.0%
BANK0               50      0       0       6        0.0%
BITSFR5              0      0       0       6        0.0%
SFR5                 0      0       0       6        0.0%
BITBANK1            50      0       0       7        0.0%
BITSFR6              0      0       0       7        0.0%
SFR6                 0      0       0       7        0.0%
BANK1               50      0       0       8        0.0%
BITSFR7              0      0       0       8        0.0%
SFR7                 0      0       0       8        0.0%
BITBANK2            50      0       0       9        0.0%
BITSFR8              0      0       0       9        0.0%
SFR8                 0      0       0       9        0.0%
BANK2               50      0       0      10        0.0%
BITSFR9              0      0       0      10        0.0%
SFR9                 0      0       0      10        0.0%
BITBANK3            50      0       0      11        0.0%
BITSFR10             0      0       0      11        0.0%
SFR10                0      0       0      11        0.0%
BANK3               50      0       0      12        0.0%
BITSFR11             0      0       0      12        0.0%
SFR11                0      0       0      12        0.0%
BITBANK4            50      0       0      13        0.0%
BITSFR12             0      0       0      13        0.0%
SFR12                0      0       0      13        0.0%
BANK4               50      0       0      14        0.0%
BITSFR13             0      0       0      14        0.0%
SFR13                0      0       0      14        0.0%
BITBANK5            50      0       0      15        0.0%
BITSFR14             0      0       0      15        0.0%
SFR14                0      0       0      15        0.0%
BANK5               50      0       0      16        0.0%
BITSFR15             0      0       0      16        0.0%
SFR15                0      0       0      16        0.0%
BITBANK6            10      0       0      17        0.0%
BITSFR16             0      0       0      17        0.0%
SFR16                0      0       0      17        0.0%
BANK6               10      0       0      18        0.0%
BITSFR17             0      0       0      18        0.0%
SFR17                0      0       0      18        0.0%
BITSFR18             0      0       0      19        0.0%
SFR18                0      0       0      19        0.0%
DATA                 0      0       9      19        0.0%
BITSFR19             0      0       0      20        0.0%
SFR19                0      0       0      20        0.0%
BITSFR20             0      0       0      21        0.0%
SFR20                0      0       0      21        0.0%
BITSFR21             0      0       0      22        0.0%
SFR21                0      0       0      22        0.0%
BITSFR22             0      0       0      23        0.0%
SFR22                0      0       0      23        0.0%
BITSFR23             0      0       0      24        0.0%
SFR23                0      0       0      24        0.0%
BITSFR24             0      0       0      25        0.0%
SFR24                0      0       0      25        0.0%
BITSFR25             0      0       0      26        0.0%
SFR25                0      0       0      26        0.0%
BITSFR26             0      0       0      27        0.0%
SFR26                0      0       0      27        0.0%
BITSFR27             0      0       0      28        0.0%
SFR27                0      0       0      28        0.0%
BITSFR28             0      0       0      29        0.0%
SFR28                0      0       0      29        0.0%
BITSFR29             0      0       0      30        0.0%
SFR29                0      0       0      30        0.0%
BITSFR30             0      0       0      31        0.0%
SFR30                0      0       0      31        0.0%
BITSFR31             0      0       0      32        0.0%
SFR31                0      0       0      32        0.0%


Microchip Technology PIC Macro Assembler V2.36 build 20220127204148 
Symbol Table                                                                                   Thu Jun 16 11:28:36 2022

                                           l52 07AF                                             l29 07DA  
                                           l55 079A                                             l49 07C2  
                                           l98 07FB                                            l140 07A9  
                                          l143 079F                                            l160 07B3  
                                          l137 07A4                                            l161 07B3  
                                          l701 07CF                                            l703 07D1  
                                          l711 0797                                            l705 07D6  
                                          l707 07AA                                            l709 07AD  
                                          l771 07A5                                            l773 079B  
                                          l781 07EC                                            l783 07F3  
                                          l775 07DB                                            l695 07C3  
                                          l769 07A0                                            l785 07FA  
                                          l777 07E4                                            l697 07C7  
                                          l779 07E5                                            l699 07CA  
                                          l787 07B6                                            l789 07B0  
               ?_EUSART_SetFramingErrorHandler 0076                                           _LATA 010C  
                                         _LATB 010D                                           _LATC 010E  
                                         _TXIF 008C                                           _WPUA 020C  
                                         _WPUB 020D                                           _main 07B0  
                                         btemp 007E                                           start 0002  
                __end_of_OSCILLATOR_Initialize 07B0                                          ?_main 0076  
                                        _RCREG 0199                                          _RCSTA 019D  
                                        _TRISA 008C                                          _TRISB 008D  
                                        _TRISC 008E                                          _TXREG 019A  
                                        _TXSTA 019E                                 _WDT_Initialize 0797  
                                        wtemp0 007E                                __initialization 07FC  
                                 __end_of_main 07B6                                         ??_main 0078  
                       __end_of_WDT_Initialize 079B              _EUSART_DefaultFramingErrorHandler 0000  
                   _EUSART_OverrunErrorHandler 0072                                         _APFCON 011D  
                                       _ANSELA 018C                                         _ANSELB 018D  
                                       _ANSELC 018E                                         _BORCON 0116  
                                       _OSCCON 0099                                         _SPBRGH 019C  
                                       _SPBRGL 019B                                         _WDTCON 0097  
                              ?_WDT_Initialize 0076                              _SYSTEM_Initialize 07B6  
                      __end_of__initialization 07FD                             ?_SYSTEM_Initialize 0076  
                               __pcstackCOMMON 0076                            ??_SYSTEM_Initialize 0078  
                               _OPTION_REGbits 0095                ??_EUSART_SetOverrunErrorHandler 0078  
                    __end_of_SYSTEM_Initialize 07C3                                     __pnvCOMMON 0070  
                                   __pmaintext 07B0                                        _BAUDCON 019F  
                     ??_EUSART_SetErrorHandler 0078                                        __ptext1 07B6  
                                      __ptext2 0797                                        __ptext3 07C3  
                                      __ptext4 07AA                                        __ptext5 07DB  
                                      __ptext6 07A5                                        __ptext7 07A0  
                                      __ptext8 079B                          _OSCILLATOR_Initialize 07AA  
                     ??_PIN_MANAGER_Initialize 0076                           end_of_initialization 07FD  
        __end_of_EUSART_SetOverrunErrorHandler 07AA                  _EUSART_SetOverrunErrorHandler 07A5  
                            _EUSART_Initialize 07DB                             ?_EUSART_Initialize 0076  
                                    _RCSTAbits 019D                            ??_EUSART_Initialize 0078  
                             ??_WDT_Initialize 0076                      __end_of_EUSART_Initialize 07FC  
                                    _TXSTAbits 019E                     _EUSART_DefaultErrorHandler 0000  
                       ?_OSCILLATOR_Initialize 0076                            start_initialization 07FC  
               ?_EUSART_SetOverrunErrorHandler 0076                     _EUSART_FramingErrorHandler 0074  
                       _EUSART_SetErrorHandler 079B                                    __pbssCOMMON 0078  
                                    ___latbits 0002                         _PIN_MANAGER_Initialize 07C3  
       EUSART_SetErrorHandler@interruptHandler 0076                              _eusartRxLastError 0078  
                                     _PIR1bits 0011                ??_EUSART_SetFramingErrorHandler 0078  
            _EUSART_DefaultOverrunErrorHandler 0000                        ??_OSCILLATOR_Initialize 0076  
                          _EUSART_ErrorHandler 0070                        ?_EUSART_SetErrorHandler 0076  
EUSART_SetOverrunErrorHandler@interruptHandler 0076          __end_of_EUSART_SetFramingErrorHandler 07A5  
                _EUSART_SetFramingErrorHandler 07A0                        ?_PIN_MANAGER_Initialize 0076  
               __end_of_EUSART_SetErrorHandler 07A0  EUSART_SetFramingErrorHandler@interruptHandler 0076  
               __end_of_PIN_MANAGER_Initialize 07DB  
