
ROM used:   193/8192 (2%)
            193/8192 (2%) including unused fragments

            0.2 Average locations per line
            9.2 Average locations per statement

RAM used:   13/368 (4%) at main() level
            22/368 (6%) worst case

Stack used: 2 worst case (2 in main + 0 for interrupts)
Stack size: 8

Lines Stmts  %   Files
----- ----- ---  -----
   47    21 100  main.c
   10     0   0  main.h
  768     0   0  ..\..\Program Files (x86)\PICC\Devices\16F887.h
----- -----
  825    21 Total

Page ROM  %  RAM   Vol Diff  Functions:
---- --- --- ---   --- ----  ----------
 Inline         1             @delay_ms1
0     14   7    0             @const621
0      6   3    0             @const624
0     28  15    4   165  5.2  tachSo
0     21  11    3             @DIV88
0     68  35    2   275  3.8  quetLed
0     52  27    0   204  4.0  MAIN
 Inline         0             @cinit1

Program metrics:
    Functions               3
    Statements              21
    Comments                134
    Volume (V)              858
    Difficulty (D)          12.2
    Effort to implement (E) 10445
    Time to implement (T)   10 minutes
    Est Delivered Bugs (B)  0
    Cyclomatic Complexity   4
    Maintainability (MI)    70

 Segment     Used  Free
-----------  ----  ----
00000-00003     4  0  
00004-007FF   189  1855  
00800-00FFF     0  2048  
01000-017FF     0  2048  
01800-01FFF     0  2048  



