

Microchip MPLAB XC8 Assembler V2.36 build 20220127204148 
                                                                                               Tue Mar 22 11:36:41 2022

Microchip MPLAB XC8 C Compiler v2.36 (Free license) build 20220127204148 Og1 
     1                           	processor	16F1509
     2                           	pagewidth 120
     3                           	opt	flic
     4                           	psect	nvCOMMON,global,class=COMMON,space=1,delta=1,noexec
     5                           	psect	cinit,global,class=CODE,merge=1,delta=2
     6                           	psect	bssCOMMON,global,class=COMMON,space=1,delta=1,noexec
     7                           	psect	cstackCOMMON,global,class=COMMON,space=1,delta=1,noexec
     8                           	psect	maintext,global,class=CODE,merge=1,split=1,delta=2
     9                           	psect	text1,local,class=CODE,merge=1,delta=2
    10                           	psect	text2,local,class=CODE,merge=1,delta=2
    11                           	psect	text3,local,class=CODE,merge=1,delta=2
    12                           	psect	text4,local,class=CODE,merge=1,delta=2
    13                           	psect	text5,local,class=CODE,merge=1,delta=2
    14                           	psect	text6,local,class=CODE,merge=1,delta=2
    15                           	psect	text7,local,class=CODE,merge=1,delta=2
    16                           	psect	text8,local,class=CODE,merge=1,delta=2
    17                           	psect	idloc,global,abs,ovrld,class=IDLOC,space=5,delta=2,noexec
    18                           	psect	config,global,abs,ovrld,class=CONFIG,space=4,delta=2,noexec
    19                           	dabs	1,0x7E,2
    20  0000                     
    21                           ; Version 2.40
    22                           ; Generated 17/11/2021 GMT
    23                           ; 
    24                           ; Copyright © 2021, Microchip Technology Inc. and its subsidiaries ("Microchip")
    25                           ; All rights reserved.
    26                           ; 
    27                           ; This software is developed by Microchip Technology Inc. and its subsidiaries ("Microch
      +                          ip").
    28                           ; 
    29                           ; Redistribution and use in source and binary forms, with or without modification, are
    30                           ; permitted provided that the following conditions are met:
    31                           ; 
    32                           ;     1. Redistributions of source code must retain the above copyright notice, this lis
      +                          t of
    33                           ;        conditions and the following disclaimer.
    34                           ; 
    35                           ;     2. Redistributions in binary form must reproduce the above copyright notice, this 
      +                          list
    36                           ;        of conditions and the following disclaimer in the documentation and/or other
    37                           ;        materials provided with the distribution. Publication is not required when
    38                           ;        this file is used in an embedded application.
    39                           ; 
    40                           ;     3. Microchip's name may not be used to endorse or promote products derived from th
      +                          is
    41                           ;        software without specific prior written permission.
    42                           ; 
    43                           ; THIS SOFTWARE IS PROVIDED BY MICROCHIP "AS IS" AND ANY EXPRESS OR IMPLIED WARRANTIES,
    44                           ; INCLUDING, BUT NOT LIMITED TO, THE IMPLIED WARRANTIES OF MERCHANTABILITY AND FITNESS F
      +                          OR
    45                           ; PURPOSE ARE DISCLAIMED.  IN NO EVENT SHALL MICROCHIP BE LIABLE FOR ANY DIRECT, INDIREC
      +                          T,
    46                           ; INCIDENTAL, SPECIAL, EXEMPLARY, OR CONSEQUENTIAL DAMAGES (INCLUDING BUT NOT LIMITED TO
    47                           ; PROCUREMENT OF SUBSTITUTE GOODS OR SERVICES; LOSS OF USE, DATA OR PROFITS; OR BUSINESS
    48                           ; INTERRUPTION) HOWSOEVER CAUSED AND ON ANY THEORY OF LIABILITY, WHETHER IN CONTRACT, ST
      +                          RICT
    49                           ; LIABILITY, OR TORT (INCLUDING NEGLIGENCE OR OTHERWISE) ARISING IN ANY WAY OUT OF THE U
      +                          SE OF
    50                           ; THIS SOFTWARE, EVEN IF ADVISED OF THE POSSIBILITY OF SUCH DAMAGE.
    51                           ; 
    52                           ; 
    53                           ; Code-generator required, PIC16F1509 Definitions
    54                           ; 
    55                           ; SFR Addresses
    56  0000                     	;# 
    57  0001                     	;# 
    58  0002                     	;# 
    59  0003                     	;# 
    60  0004                     	;# 
    61  0005                     	;# 
    62  0006                     	;# 
    63  0007                     	;# 
    64  0008                     	;# 
    65  0009                     	;# 
    66  000A                     	;# 
    67  000B                     	;# 
    68  000C                     	;# 
    69  000D                     	;# 
    70  000E                     	;# 
    71  0011                     	;# 
    72  0012                     	;# 
    73  0013                     	;# 
    74  0015                     	;# 
    75  0016                     	;# 
    76  0016                     	;# 
    77  0017                     	;# 
    78  0018                     	;# 
    79  0019                     	;# 
    80  001A                     	;# 
    81  001B                     	;# 
    82  001C                     	;# 
    83  008C                     	;# 
    84  008D                     	;# 
    85  008E                     	;# 
    86  0091                     	;# 
    87  0092                     	;# 
    88  0093                     	;# 
    89  0095                     	;# 
    90  0096                     	;# 
    91  0097                     	;# 
    92  0099                     	;# 
    93  009A                     	;# 
    94  009B                     	;# 
    95  009B                     	;# 
    96  009C                     	;# 
    97  009D                     	;# 
    98  009E                     	;# 
    99  009F                     	;# 
   100  010C                     	;# 
   101  010D                     	;# 
   102  010E                     	;# 
   103  0111                     	;# 
   104  0112                     	;# 
   105  0113                     	;# 
   106  0114                     	;# 
   107  0115                     	;# 
   108  0116                     	;# 
   109  0117                     	;# 
   110  0118                     	;# 
   111  0119                     	;# 
   112  011D                     	;# 
   113  018C                     	;# 
   114  018D                     	;# 
   115  018E                     	;# 
   116  0191                     	;# 
   117  0191                     	;# 
   118  0192                     	;# 
   119  0193                     	;# 
   120  0193                     	;# 
   121  0194                     	;# 
   122  0195                     	;# 
   123  0196                     	;# 
   124  0197                     	;# 
   125  0199                     	;# 
   126  019A                     	;# 
   127  019B                     	;# 
   128  019B                     	;# 
   129  019C                     	;# 
   130  019D                     	;# 
   131  019E                     	;# 
   132  019F                     	;# 
   133  020C                     	;# 
   134  020D                     	;# 
   135  0211                     	;# 
   136  0211                     	;# 
   137  0212                     	;# 
   138  0212                     	;# 
   139  0213                     	;# 
   140  0213                     	;# 
   141  0214                     	;# 
   142  0214                     	;# 
   143  0215                     	;# 
   144  0215                     	;# 
   145  0215                     	;# 
   146  0216                     	;# 
   147  0216                     	;# 
   148  0217                     	;# 
   149  0217                     	;# 
   150  0391                     	;# 
   151  0392                     	;# 
   152  0393                     	;# 
   153  0394                     	;# 
   154  0395                     	;# 
   155  0396                     	;# 
   156  0498                     	;# 
   157  0498                     	;# 
   158  0499                     	;# 
   159  049A                     	;# 
   160  049B                     	;# 
   161  049B                     	;# 
   162  049C                     	;# 
   163  049D                     	;# 
   164  049E                     	;# 
   165  049F                     	;# 
   166  0611                     	;# 
   167  0612                     	;# 
   168  0613                     	;# 
   169  0613                     	;# 
   170  0614                     	;# 
   171  0615                     	;# 
   172  0616                     	;# 
   173  0616                     	;# 
   174  0617                     	;# 
   175  0618                     	;# 
   176  0619                     	;# 
   177  0619                     	;# 
   178  061A                     	;# 
   179  061B                     	;# 
   180  061C                     	;# 
   181  061C                     	;# 
   182  0691                     	;# 
   183  0692                     	;# 
   184  0693                     	;# 
   185  0694                     	;# 
   186  0695                     	;# 
   187  0F0F                     	;# 
   188  0F10                     	;# 
   189  0F11                     	;# 
   190  0F12                     	;# 
   191  0F13                     	;# 
   192  0F14                     	;# 
   193  0F15                     	;# 
   194  0F16                     	;# 
   195  0F17                     	;# 
   196  0F18                     	;# 
   197  0F19                     	;# 
   198  0F1A                     	;# 
   199  0F1B                     	;# 
   200  0F1C                     	;# 
   201  0F1D                     	;# 
   202  0F1E                     	;# 
   203  0F1F                     	;# 
   204  0F20                     	;# 
   205  0F21                     	;# 
   206  0F22                     	;# 
   207  0F23                     	;# 
   208  0F24                     	;# 
   209  0F25                     	;# 
   210  0F26                     	;# 
   211  0F27                     	;# 
   212  0F28                     	;# 
   213  0F29                     	;# 
   214  0F2A                     	;# 
   215  0F2B                     	;# 
   216  0F2C                     	;# 
   217  0F2D                     	;# 
   218  0F2E                     	;# 
   219  0F2F                     	;# 
   220  0F8C                     	;# 
   221  0F8D                     	;# 
   222  0F91                     	;# 
   223  0F95                     	;# 
   224  0F96                     	;# 
   225  0F97                     	;# 
   226  0F9C                     	;# 
   227  0F9D                     	;# 
   228  0F9E                     	;# 
   229  0FE3                     	;# 
   230  0FE4                     	;# 
   231  0FE5                     	;# 
   232  0FE6                     	;# 
   233  0FE7                     	;# 
   234  0FE8                     	;# 
   235  0FE9                     	;# 
   236  0FEA                     	;# 
   237  0FEB                     	;# 
   238  0FED                     	;# 
   239  0FEE                     	;# 
   240  0FEF                     	;# 
   241  0000                     	;# 
   242  0001                     	;# 
   243  0002                     	;# 
   244  0003                     	;# 
   245  0004                     	;# 
   246  0005                     	;# 
   247  0006                     	;# 
   248  0007                     	;# 
   249  0008                     	;# 
   250  0009                     	;# 
   251  000A                     	;# 
   252  000B                     	;# 
   253  000C                     	;# 
   254  000D                     	;# 
   255  000E                     	;# 
   256  0011                     	;# 
   257  0012                     	;# 
   258  0013                     	;# 
   259  0015                     	;# 
   260  0016                     	;# 
   261  0016                     	;# 
   262  0017                     	;# 
   263  0018                     	;# 
   264  0019                     	;# 
   265  001A                     	;# 
   266  001B                     	;# 
   267  001C                     	;# 
   268  008C                     	;# 
   269  008D                     	;# 
   270  008E                     	;# 
   271  0091                     	;# 
   272  0092                     	;# 
   273  0093                     	;# 
   274  0095                     	;# 
   275  0096                     	;# 
   276  0097                     	;# 
   277  0099                     	;# 
   278  009A                     	;# 
   279  009B                     	;# 
   280  009B                     	;# 
   281  009C                     	;# 
   282  009D                     	;# 
   283  009E                     	;# 
   284  009F                     	;# 
   285  010C                     	;# 
   286  010D                     	;# 
   287  010E                     	;# 
   288  0111                     	;# 
   289  0112                     	;# 
   290  0113                     	;# 
   291  0114                     	;# 
   292  0115                     	;# 
   293  0116                     	;# 
   294  0117                     	;# 
   295  0118                     	;# 
   296  0119                     	;# 
   297  011D                     	;# 
   298  018C                     	;# 
   299  018D                     	;# 
   300  018E                     	;# 
   301  0191                     	;# 
   302  0191                     	;# 
   303  0192                     	;# 
   304  0193                     	;# 
   305  0193                     	;# 
   306  0194                     	;# 
   307  0195                     	;# 
   308  0196                     	;# 
   309  0197                     	;# 
   310  0199                     	;# 
   311  019A                     	;# 
   312  019B                     	;# 
   313  019B                     	;# 
   314  019C                     	;# 
   315  019D                     	;# 
   316  019E                     	;# 
   317  019F                     	;# 
   318  020C                     	;# 
   319  020D                     	;# 
   320  0211                     	;# 
   321  0211                     	;# 
   322  0212                     	;# 
   323  0212                     	;# 
   324  0213                     	;# 
   325  0213                     	;# 
   326  0214                     	;# 
   327  0214                     	;# 
   328  0215                     	;# 
   329  0215                     	;# 
   330  0215                     	;# 
   331  0216                     	;# 
   332  0216                     	;# 
   333  0217                     	;# 
   334  0217                     	;# 
   335  0391                     	;# 
   336  0392                     	;# 
   337  0393                     	;# 
   338  0394                     	;# 
   339  0395                     	;# 
   340  0396                     	;# 
   341  0498                     	;# 
   342  0498                     	;# 
   343  0499                     	;# 
   344  049A                     	;# 
   345  049B                     	;# 
   346  049B                     	;# 
   347  049C                     	;# 
   348  049D                     	;# 
   349  049E                     	;# 
   350  049F                     	;# 
   351  0611                     	;# 
   352  0612                     	;# 
   353  0613                     	;# 
   354  0613                     	;# 
   355  0614                     	;# 
   356  0615                     	;# 
   357  0616                     	;# 
   358  0616                     	;# 
   359  0617                     	;# 
   360  0618                     	;# 
   361  0619                     	;# 
   362  0619                     	;# 
   363  061A                     	;# 
   364  061B                     	;# 
   365  061C                     	;# 
   366  061C                     	;# 
   367  0691                     	;# 
   368  0692                     	;# 
   369  0693                     	;# 
   370  0694                     	;# 
   371  0695                     	;# 
   372  0F0F                     	;# 
   373  0F10                     	;# 
   374  0F11                     	;# 
   375  0F12                     	;# 
   376  0F13                     	;# 
   377  0F14                     	;# 
   378  0F15                     	;# 
   379  0F16                     	;# 
   380  0F17                     	;# 
   381  0F18                     	;# 
   382  0F19                     	;# 
   383  0F1A                     	;# 
   384  0F1B                     	;# 
   385  0F1C                     	;# 
   386  0F1D                     	;# 
   387  0F1E                     	;# 
   388  0F1F                     	;# 
   389  0F20                     	;# 
   390  0F21                     	;# 
   391  0F22                     	;# 
   392  0F23                     	;# 
   393  0F24                     	;# 
   394  0F25                     	;# 
   395  0F26                     	;# 
   396  0F27                     	;# 
   397  0F28                     	;# 
   398  0F29                     	;# 
   399  0F2A                     	;# 
   400  0F2B                     	;# 
   401  0F2C                     	;# 
   402  0F2D                     	;# 
   403  0F2E                     	;# 
   404  0F2F                     	;# 
   405  0F8C                     	;# 
   406  0F8D                     	;# 
   407  0F91                     	;# 
   408  0F95                     	;# 
   409  0F96                     	;# 
   410  0F97                     	;# 
   411  0F9C                     	;# 
   412  0F9D                     	;# 
   413  0F9E                     	;# 
   414  0FE3                     	;# 
   415  0FE4                     	;# 
   416  0FE5                     	;# 
   417  0FE6                     	;# 
   418  0FE7                     	;# 
   419  0FE8                     	;# 
   420  0FE9                     	;# 
   421  0FEA                     	;# 
   422  0FEB                     	;# 
   423  0FED                     	;# 
   424  0FEE                     	;# 
   425  0FEF                     	;# 
   426  0000                     	;# 
   427  0001                     	;# 
   428  0002                     	;# 
   429  0003                     	;# 
   430  0004                     	;# 
   431  0005                     	;# 
   432  0006                     	;# 
   433  0007                     	;# 
   434  0008                     	;# 
   435  0009                     	;# 
   436  000A                     	;# 
   437  000B                     	;# 
   438  000C                     	;# 
   439  000D                     	;# 
   440  000E                     	;# 
   441  0011                     	;# 
   442  0012                     	;# 
   443  0013                     	;# 
   444  0015                     	;# 
   445  0016                     	;# 
   446  0016                     	;# 
   447  0017                     	;# 
   448  0018                     	;# 
   449  0019                     	;# 
   450  001A                     	;# 
   451  001B                     	;# 
   452  001C                     	;# 
   453  008C                     	;# 
   454  008D                     	;# 
   455  008E                     	;# 
   456  0091                     	;# 
   457  0092                     	;# 
   458  0093                     	;# 
   459  0095                     	;# 
   460  0096                     	;# 
   461  0097                     	;# 
   462  0099                     	;# 
   463  009A                     	;# 
   464  009B                     	;# 
   465  009B                     	;# 
   466  009C                     	;# 
   467  009D                     	;# 
   468  009E                     	;# 
   469  009F                     	;# 
   470  010C                     	;# 
   471  010D                     	;# 
   472  010E                     	;# 
   473  0111                     	;# 
   474  0112                     	;# 
   475  0113                     	;# 
   476  0114                     	;# 
   477  0115                     	;# 
   478  0116                     	;# 
   479  0117                     	;# 
   480  0118                     	;# 
   481  0119                     	;# 
   482  011D                     	;# 
   483  018C                     	;# 
   484  018D                     	;# 
   485  018E                     	;# 
   486  0191                     	;# 
   487  0191                     	;# 
   488  0192                     	;# 
   489  0193                     	;# 
   490  0193                     	;# 
   491  0194                     	;# 
   492  0195                     	;# 
   493  0196                     	;# 
   494  0197                     	;# 
   495  0199                     	;# 
   496  019A                     	;# 
   497  019B                     	;# 
   498  019B                     	;# 
   499  019C                     	;# 
   500  019D                     	;# 
   501  019E                     	;# 
   502  019F                     	;# 
   503  020C                     	;# 
   504  020D                     	;# 
   505  0211                     	;# 
   506  0211                     	;# 
   507  0212                     	;# 
   508  0212                     	;# 
   509  0213                     	;# 
   510  0213                     	;# 
   511  0214                     	;# 
   512  0214                     	;# 
   513  0215                     	;# 
   514  0215                     	;# 
   515  0215                     	;# 
   516  0216                     	;# 
   517  0216                     	;# 
   518  0217                     	;# 
   519  0217                     	;# 
   520  0391                     	;# 
   521  0392                     	;# 
   522  0393                     	;# 
   523  0394                     	;# 
   524  0395                     	;# 
   525  0396                     	;# 
   526  0498                     	;# 
   527  0498                     	;# 
   528  0499                     	;# 
   529  049A                     	;# 
   530  049B                     	;# 
   531  049B                     	;# 
   532  049C                     	;# 
   533  049D                     	;# 
   534  049E                     	;# 
   535  049F                     	;# 
   536  0611                     	;# 
   537  0612                     	;# 
   538  0613                     	;# 
   539  0613                     	;# 
   540  0614                     	;# 
   541  0615                     	;# 
   542  0616                     	;# 
   543  0616                     	;# 
   544  0617                     	;# 
   545  0618                     	;# 
   546  0619                     	;# 
   547  0619                     	;# 
   548  061A                     	;# 
   549  061B                     	;# 
   550  061C                     	;# 
   551  061C                     	;# 
   552  0691                     	;# 
   553  0692                     	;# 
   554  0693                     	;# 
   555  0694                     	;# 
   556  0695                     	;# 
   557  0F0F                     	;# 
   558  0F10                     	;# 
   559  0F11                     	;# 
   560  0F12                     	;# 
   561  0F13                     	;# 
   562  0F14                     	;# 
   563  0F15                     	;# 
   564  0F16                     	;# 
   565  0F17                     	;# 
   566  0F18                     	;# 
   567  0F19                     	;# 
   568  0F1A                     	;# 
   569  0F1B                     	;# 
   570  0F1C                     	;# 
   571  0F1D                     	;# 
   572  0F1E                     	;# 
   573  0F1F                     	;# 
   574  0F20                     	;# 
   575  0F21                     	;# 
   576  0F22                     	;# 
   577  0F23                     	;# 
   578  0F24                     	;# 
   579  0F25                     	;# 
   580  0F26                     	;# 
   581  0F27                     	;# 
   582  0F28                     	;# 
   583  0F29                     	;# 
   584  0F2A                     	;# 
   585  0F2B                     	;# 
   586  0F2C                     	;# 
   587  0F2D                     	;# 
   588  0F2E                     	;# 
   589  0F2F                     	;# 
   590  0F8C                     	;# 
   591  0F8D                     	;# 
   592  0F91                     	;# 
   593  0F95                     	;# 
   594  0F96                     	;# 
   595  0F97                     	;# 
   596  0F9C                     	;# 
   597  0F9D                     	;# 
   598  0F9E                     	;# 
   599  0FE3                     	;# 
   600  0FE4                     	;# 
   601  0FE5                     	;# 
   602  0FE6                     	;# 
   603  0FE7                     	;# 
   604  0FE8                     	;# 
   605  0FE9                     	;# 
   606  0FEA                     	;# 
   607  0FEB                     	;# 
   608  0FED                     	;# 
   609  0FEE                     	;# 
   610  0FEF                     	;# 
   611  0000                     	;# 
   612  0001                     	;# 
   613  0002                     	;# 
   614  0003                     	;# 
   615  0004                     	;# 
   616  0005                     	;# 
   617  0006                     	;# 
   618  0007                     	;# 
   619  0008                     	;# 
   620  0009                     	;# 
   621  000A                     	;# 
   622  000B                     	;# 
   623  000C                     	;# 
   624  000D                     	;# 
   625  000E                     	;# 
   626  0011                     	;# 
   627  0012                     	;# 
   628  0013                     	;# 
   629  0015                     	;# 
   630  0016                     	;# 
   631  0016                     	;# 
   632  0017                     	;# 
   633  0018                     	;# 
   634  0019                     	;# 
   635  001A                     	;# 
   636  001B                     	;# 
   637  001C                     	;# 
   638  008C                     	;# 
   639  008D                     	;# 
   640  008E                     	;# 
   641  0091                     	;# 
   642  0092                     	;# 
   643  0093                     	;# 
   644  0095                     	;# 
   645  0096                     	;# 
   646  0097                     	;# 
   647  0099                     	;# 
   648  009A                     	;# 
   649  009B                     	;# 
   650  009B                     	;# 
   651  009C                     	;# 
   652  009D                     	;# 
   653  009E                     	;# 
   654  009F                     	;# 
   655  010C                     	;# 
   656  010D                     	;# 
   657  010E                     	;# 
   658  0111                     	;# 
   659  0112                     	;# 
   660  0113                     	;# 
   661  0114                     	;# 
   662  0115                     	;# 
   663  0116                     	;# 
   664  0117                     	;# 
   665  0118                     	;# 
   666  0119                     	;# 
   667  011D                     	;# 
   668  018C                     	;# 
   669  018D                     	;# 
   670  018E                     	;# 
   671  0191                     	;# 
   672  0191                     	;# 
   673  0192                     	;# 
   674  0193                     	;# 
   675  0193                     	;# 
   676  0194                     	;# 
   677  0195                     	;# 
   678  0196                     	;# 
   679  0197                     	;# 
   680  0199                     	;# 
   681  019A                     	;# 
   682  019B                     	;# 
   683  019B                     	;# 
   684  019C                     	;# 
   685  019D                     	;# 
   686  019E                     	;# 
   687  019F                     	;# 
   688  020C                     	;# 
   689  020D                     	;# 
   690  0211                     	;# 
   691  0211                     	;# 
   692  0212                     	;# 
   693  0212                     	;# 
   694  0213                     	;# 
   695  0213                     	;# 
   696  0214                     	;# 
   697  0214                     	;# 
   698  0215                     	;# 
   699  0215                     	;# 
   700  0215                     	;# 
   701  0216                     	;# 
   702  0216                     	;# 
   703  0217                     	;# 
   704  0217                     	;# 
   705  0391                     	;# 
   706  0392                     	;# 
   707  0393                     	;# 
   708  0394                     	;# 
   709  0395                     	;# 
   710  0396                     	;# 
   711  0498                     	;# 
   712  0498                     	;# 
   713  0499                     	;# 
   714  049A                     	;# 
   715  049B                     	;# 
   716  049B                     	;# 
   717  049C                     	;# 
   718  049D                     	;# 
   719  049E                     	;# 
   720  049F                     	;# 
   721  0611                     	;# 
   722  0612                     	;# 
   723  0613                     	;# 
   724  0613                     	;# 
   725  0614                     	;# 
   726  0615                     	;# 
   727  0616                     	;# 
   728  0616                     	;# 
   729  0617                     	;# 
   730  0618                     	;# 
   731  0619                     	;# 
   732  0619                     	;# 
   733  061A                     	;# 
   734  061B                     	;# 
   735  061C                     	;# 
   736  061C                     	;# 
   737  0691                     	;# 
   738  0692                     	;# 
   739  0693                     	;# 
   740  0694                     	;# 
   741  0695                     	;# 
   742  0F0F                     	;# 
   743  0F10                     	;# 
   744  0F11                     	;# 
   745  0F12                     	;# 
   746  0F13                     	;# 
   747  0F14                     	;# 
   748  0F15                     	;# 
   749  0F16                     	;# 
   750  0F17                     	;# 
   751  0F18                     	;# 
   752  0F19                     	;# 
   753  0F1A                     	;# 
   754  0F1B                     	;# 
   755  0F1C                     	;# 
   756  0F1D                     	;# 
   757  0F1E                     	;# 
   758  0F1F                     	;# 
   759  0F20                     	;# 
   760  0F21                     	;# 
   761  0F22                     	;# 
   762  0F23                     	;# 
   763  0F24                     	;# 
   764  0F25                     	;# 
   765  0F26                     	;# 
   766  0F27                     	;# 
   767  0F28                     	;# 
   768  0F29                     	;# 
   769  0F2A                     	;# 
   770  0F2B                     	;# 
   771  0F2C                     	;# 
   772  0F2D                     	;# 
   773  0F2E                     	;# 
   774  0F2F                     	;# 
   775  0F8C                     	;# 
   776  0F8D                     	;# 
   777  0F91                     	;# 
   778  0F95                     	;# 
   779  0F96                     	;# 
   780  0F97                     	;# 
   781  0F9C                     	;# 
   782  0F9D                     	;# 
   783  0F9E                     	;# 
   784  0FE3                     	;# 
   785  0FE4                     	;# 
   786  0FE5                     	;# 
   787  0FE6                     	;# 
   788  0FE7                     	;# 
   789  0FE8                     	;# 
   790  0FE9                     	;# 
   791  0FEA                     	;# 
   792  0FEB                     	;# 
   793  0FED                     	;# 
   794  0FEE                     	;# 
   795  0FEF                     	;# 
   796                           
   797                           	psect	nvCOMMON
   798  0070                     __pnvCOMMON:
   799  0070                     _timer1ReloadVal:
   800  0070                     	ds	2
   801  0019                     _T1GCONbits	set	25
   802  0018                     _T1CONbits	set	24
   803  0018                     _T1CON	set	24
   804  0011                     _PIR1bits	set	17
   805  0016                     _TMR1L	set	22
   806  0017                     _TMR1H	set	23
   807  0019                     _T1GCON	set	25
   808  0097                     _WDTCON	set	151
   809  0099                     _OSCCON	set	153
   810  0095                     _OPTION_REGbits	set	149
   811  008E                     _TRISC	set	142
   812  008D                     _TRISB	set	141
   813  008C                     _TRISA	set	140
   814  010E                     _LATCbits	set	270
   815  0116                     _BORCON	set	278
   816  011D                     _APFCON	set	285
   817  010E                     _LATC	set	270
   818  010D                     _LATB	set	269
   819  010C                     _LATA	set	268
   820  018C                     _ANSELA	set	396
   821  018D                     _ANSELB	set	397
   822  018E                     _ANSELC	set	398
   823  020C                     _WPUA	set	524
   824  020D                     _WPUB	set	525
   825                           
   826                           	psect	cinit
   827  07FB                     start_initialization:	
   828                           ; #config settings
   829                           
   830  07FB                     __initialization:
   831                           
   832                           ; Clear objects allocated to COMMON
   833  07FB  01F2               	clrf	__pbssCOMMON& (0+127)
   834  07FC  01F3               	clrf	(__pbssCOMMON+1)& (0+127)
   835  07FD                     end_of_initialization:	
   836                           ;End of C runtime variable initialization code
   837                           
   838  07FD                     __end_of__initialization:
   839  07FD  0020               	movlb	0
   840  07FE  3187  2FCA         	ljmp	_main	;jump to C main() function
   841                           
   842                           	psect	bssCOMMON
   843  0072                     __pbssCOMMON:
   844  0072                     _counter:
   845  0072                     	ds	2
   846                           
   847                           	psect	cstackCOMMON
   848  0074                     __pcstackCOMMON:
   849  0074                     ?_OSCILLATOR_Initialize:
   850  0074                     ??_OSCILLATOR_Initialize:	
   851                           ; 1 bytes @ 0x0
   852                           
   853  0074                     ?_WDT_Initialize:	
   854                           ; 1 bytes @ 0x0
   855                           
   856  0074                     ??_WDT_Initialize:	
   857                           ; 1 bytes @ 0x0
   858                           
   859  0074                     ?_TMR1_Initialize:	
   860                           ; 1 bytes @ 0x0
   861                           
   862  0074                     ??_TMR1_Initialize:	
   863                           ; 1 bytes @ 0x0
   864                           
   865  0074                     ?_PIN_MANAGER_Initialize:	
   866                           ; 1 bytes @ 0x0
   867                           
   868  0074                     ??_PIN_MANAGER_Initialize:	
   869                           ; 1 bytes @ 0x0
   870                           
   871  0074                     ?_SYSTEM_Initialize:	
   872                           ; 1 bytes @ 0x0
   873                           
   874  0074                     ??_SYSTEM_Initialize:	
   875                           ; 1 bytes @ 0x0
   876                           
   877  0074                     ?_TMR1_WriteTimer:	
   878                           ; 1 bytes @ 0x0
   879                           
   880  0074                     ?_TMR1_Reload:	
   881                           ; 1 bytes @ 0x0
   882                           
   883  0074                     ?_TMR1_HasOverflowOccured:	
   884                           ; 1 bytes @ 0x0
   885                           
   886  0074                     ??_TMR1_HasOverflowOccured:	
   887                           ; 1 bytes @ 0x0
   888                           
   889  0074                     ?_main:	
   890                           ; 1 bytes @ 0x0
   891                           
   892  0074                     TMR1_WriteTimer@timerVal:	
   893                           ; 1 bytes @ 0x0
   894                           
   895                           
   896                           ; 2 bytes @ 0x0
   897  0074                     	ds	2
   898  0076                     ??_TMR1_WriteTimer:
   899  0076                     ??_TMR1_Reload:	
   900                           ; 1 bytes @ 0x2
   901                           
   902  0076                     ??_main:	
   903                           ; 1 bytes @ 0x2
   904                           
   905                           
   906                           	psect	maintext
   907  07CA                     __pmaintext:	
   908                           ; 1 bytes @ 0x2
   909 ;;
   910 ;;Main: autosize = 0, tempsize = 0, incstack = 0, save=0
   911 ;;
   912 ;; *************** function _main *****************
   913 ;; Defined at:
   914 ;;		line 50 in file "main.c"
   915 ;; Parameters:    Size  Location     Type
   916 ;;		None
   917 ;; Auto vars:     Size  Location     Type
   918 ;;		None
   919 ;; Return value:  Size  Location     Type
   920 ;;                  1    wreg      void 
   921 ;; Registers used:
   922 ;;		wreg, status,2, status,0, pclath, cstack
   923 ;; Tracked objects:
   924 ;;		On entry : B1F/0
   925 ;;		On exit  : 0/0
   926 ;;		Unchanged: 0/0
   927 ;; Data sizes:     COMMON   BANK0   BANK1   BANK2   BANK3   BANK4   BANK5   BANK6
   928 ;;      Params:         0       0       0       0       0       0       0       0
   929 ;;      Locals:         0       0       0       0       0       0       0       0
   930 ;;      Temps:          0       0       0       0       0       0       0       0
   931 ;;      Totals:         0       0       0       0       0       0       0       0
   932 ;;Total ram usage:        0 bytes
   933 ;; Hardware stack levels required when called: 2
   934 ;; This function calls:
   935 ;;		_SYSTEM_Initialize
   936 ;;		_TMR1_HasOverflowOccured
   937 ;;		_TMR1_Initialize
   938 ;;		_TMR1_Reload
   939 ;; This function is called by:
   940 ;;		Startup code after reset
   941 ;; This function uses a non-reentrant model
   942 ;;
   943                           
   944  07CA                     _main:	
   945                           ;psect for function _main
   946                           
   947  07CA                     l752:	
   948                           ;incstack = 0
   949                           ; Regs used in _main: [wreg+status,2+status,0+pclath+cstack]
   950                           
   951                           
   952                           ;main.c: 53:     SYSTEM_Initialize();
   953  07CA  3187  2784  3187   	fcall	_SYSTEM_Initialize
   954                           
   955                           ;main.c: 54:     TMR1_Initialize();
   956  07CD  3187  2791  3187   	fcall	_TMR1_Initialize
   957  07D0                     l754:
   958                           
   959                           ;main.c: 55:     LATCbits.LATC0 = 0;
   960  07D0  0022               	movlb	2	; select bank2
   961  07D1  100E               	bcf	14,0	;volatile
   962  07D2                     l119:	
   963                           ;main.c: 56:     while (1)
   964                           
   965                           
   966                           ;main.c: 57:     {;main.c: 58:         if(TMR1_HasOverflowOccured())
   967  07D2  3187  2772  3187   	fcall	_TMR1_HasOverflowOccured
   968  07D5  3A00               	xorlw	0
   969  07D6  1903               	skipnz
   970  07D7  2FD9               	goto	u71
   971  07D8  2FDA               	goto	u70
   972  07D9                     u71:
   973  07D9  2FD2               	goto	l119
   974  07DA                     u70:
   975  07DA                     l756:
   976                           
   977                           ;main.c: 59:         {;main.c: 60:             PIR1bits.TMR1IF = 0;
   978  07DA  0020               	movlb	0	; select bank0
   979  07DB  1011               	bcf	17,0	;volatile
   980  07DC                     l758:
   981                           
   982                           ;main.c: 61:             counter++; TMR1_Reload();
   983  07DC  3001               	movlw	1
   984  07DD  07F2               	addwf	_counter,f
   985  07DE  3000               	movlw	0
   986  07DF  3DF3               	addwfc	_counter+1,f
   987  07E0                     l760:
   988  07E0  3187  277C  3187   	fcall	_TMR1_Reload
   989  07E3                     l762:
   990                           
   991                           ;main.c: 62:             if(counter == 2)
   992  07E3  3002               	movlw	2
   993  07E4  0672               	xorwf	_counter,w
   994  07E5  0473               	iorwf	_counter+1,w
   995  07E6  1D03               	btfss	3,2
   996  07E7  2FE9               	goto	u81
   997  07E8  2FEA               	goto	u80
   998  07E9                     u81:
   999  07E9  2FD2               	goto	l119
  1000  07EA                     u80:
  1001  07EA                     l764:
  1002                           
  1003                           ;main.c: 63:             {;main.c: 64:                 LATCbits.LATC0 =~ LATCbits.LATC0;
  1004  07EA  1003               	clrc
  1005  07EB  0022               	movlb	2	; select bank2
  1006  07EC  1C0E               	btfss	14,0	;volatile
  1007  07ED  1403               	setc
  1008  07EE  1803               	btfsc	3,0
  1009  07EF  2FF1               	goto	u91
  1010  07F0  2FF4               	goto	u90
  1011  07F1                     u91:
  1012  07F1  0022               	movlb	2	; select bank2
  1013  07F2  140E               	bsf	14,0	;volatile
  1014  07F3  2FF6               	goto	u104
  1015  07F4                     u90:
  1016  07F4  0022               	movlb	2	; select bank2
  1017  07F5  100E               	bcf	14,0	;volatile
  1018  07F6                     u104:
  1019  07F6                     l766:
  1020                           
  1021                           ;main.c: 65:                 counter = 0;
  1022  07F6  01F2               	clrf	_counter
  1023  07F7  01F3               	clrf	_counter+1
  1024  07F8  2FD2               	goto	l119
  1025  07F9  3180  2802         	ljmp	start
  1026  07FB                     __end_of_main:
  1027                           
  1028                           	psect	text1
  1029  077C                     __ptext1:	
  1030 ;; *************** function _TMR1_Reload *****************
  1031 ;; Defined at:
  1032 ;;		line 135 in file "mcc_generated_files/tmr1.c"
  1033 ;; Parameters:    Size  Location     Type
  1034 ;;		None
  1035 ;; Auto vars:     Size  Location     Type
  1036 ;;		None
  1037 ;; Return value:  Size  Location     Type
  1038 ;;                  1    wreg      void 
  1039 ;; Registers used:
  1040 ;;		wreg, status,2, status,0, pclath, cstack
  1041 ;; Tracked objects:
  1042 ;;		On entry : 0/0
  1043 ;;		On exit  : 0/0
  1044 ;;		Unchanged: 0/0
  1045 ;; Data sizes:     COMMON   BANK0   BANK1   BANK2   BANK3   BANK4   BANK5   BANK6
  1046 ;;      Params:         0       0       0       0       0       0       0       0
  1047 ;;      Locals:         0       0       0       0       0       0       0       0
  1048 ;;      Temps:          0       0       0       0       0       0       0       0
  1049 ;;      Totals:         0       0       0       0       0       0       0       0
  1050 ;;Total ram usage:        0 bytes
  1051 ;; Hardware stack levels used: 1
  1052 ;; Hardware stack levels required when called: 1
  1053 ;; This function calls:
  1054 ;;		_TMR1_WriteTimer
  1055 ;; This function is called by:
  1056 ;;		_main
  1057 ;; This function uses a non-reentrant model
  1058 ;;
  1059                           
  1060  077C                     _TMR1_Reload:	
  1061                           ;psect for function _TMR1_Reload
  1062                           
  1063  077C                     l750:	
  1064                           ;incstack = 0
  1065                           ; Regs used in _TMR1_Reload: [wreg+status,2+status,0+pclath+cstack]
  1066                           
  1067                           
  1068                           ;mcc_generated_files/tmr1.c: 137:     TMR1_WriteTimer(timer1ReloadVal);
  1069  077C  0871               	movf	_timer1ReloadVal+1,w	;volatile
  1070  077D  00F5               	movwf	TMR1_WriteTimer@timerVal+1
  1071  077E  0870               	movf	_timer1ReloadVal,w	;volatile
  1072  077F  00F4               	movwf	TMR1_WriteTimer@timerVal
  1073  0780  3187  279F  3187   	fcall	_TMR1_WriteTimer
  1074  0783                     l91:
  1075  0783  0008               	return
  1076  0784                     __end_of_TMR1_Reload:
  1077                           
  1078                           	psect	text2
  1079  079F                     __ptext2:	
  1080 ;; *************** function _TMR1_WriteTimer *****************
  1081 ;; Defined at:
  1082 ;;		line 113 in file "mcc_generated_files/tmr1.c"
  1083 ;; Parameters:    Size  Location     Type
  1084 ;;  timerVal        2    0[COMMON] unsigned short 
  1085 ;; Auto vars:     Size  Location     Type
  1086 ;;		None
  1087 ;; Return value:  Size  Location     Type
  1088 ;;                  1    wreg      void 
  1089 ;; Registers used:
  1090 ;;		wreg, status,2
  1091 ;; Tracked objects:
  1092 ;;		On entry : 0/0
  1093 ;;		On exit  : 0/0
  1094 ;;		Unchanged: 0/0
  1095 ;; Data sizes:     COMMON   BANK0   BANK1   BANK2   BANK3   BANK4   BANK5   BANK6
  1096 ;;      Params:         2       0       0       0       0       0       0       0
  1097 ;;      Locals:         0       0       0       0       0       0       0       0
  1098 ;;      Temps:          0       0       0       0       0       0       0       0
  1099 ;;      Totals:         2       0       0       0       0       0       0       0
  1100 ;;Total ram usage:        2 bytes
  1101 ;; Hardware stack levels used: 1
  1102 ;; This function calls:
  1103 ;;		Nothing
  1104 ;; This function is called by:
  1105 ;;		_TMR1_Reload
  1106 ;; This function uses a non-reentrant model
  1107 ;;
  1108                           
  1109  079F                     _TMR1_WriteTimer:	
  1110                           ;psect for function _TMR1_WriteTimer
  1111                           
  1112  079F                     l736:	
  1113                           ;incstack = 0
  1114                           ; Regs used in _TMR1_WriteTimer: [wreg+status,2]
  1115                           
  1116                           
  1117                           ;mcc_generated_files/tmr1.c: 113: void TMR1_WriteTimer(uint16_t timerVal);mcc_generated_
      +                          files/tmr1.c: 114: {;mcc_generated_files/tmr1.c: 115:     if (T1CONbits.nT1SYNC == 1)
  1118  079F  0020               	movlb	0	; select bank0
  1119  07A0  1D18               	btfss	24,2	;volatile
  1120  07A1  2FA3               	goto	u61
  1121  07A2  2FA4               	goto	u60
  1122  07A3                     u61:
  1123  07A3  2FAB               	goto	l746
  1124  07A4                     u60:
  1125  07A4                     l738:
  1126                           
  1127                           ;mcc_generated_files/tmr1.c: 116:     {;mcc_generated_files/tmr1.c: 118:         T1CONbi
      +                          ts.TMR1ON = 0;
  1128  07A4  1018               	bcf	24,0	;volatile
  1129  07A5                     l740:
  1130                           
  1131                           ;mcc_generated_files/tmr1.c: 121:         TMR1H = (uint8_t)(timerVal >> 8);
  1132  07A5  0875               	movf	TMR1_WriteTimer@timerVal+1,w
  1133  07A6  0097               	movwf	23	;volatile
  1134  07A7                     l742:
  1135                           
  1136                           ;mcc_generated_files/tmr1.c: 122:         TMR1L = (uint8_t)timerVal;
  1137  07A7  0874               	movf	TMR1_WriteTimer@timerVal,w
  1138  07A8  0096               	movwf	22	;volatile
  1139  07A9                     l744:
  1140                           
  1141                           ;mcc_generated_files/tmr1.c: 125:         T1CONbits.TMR1ON =1;
  1142  07A9  1418               	bsf	24,0	;volatile
  1143                           
  1144                           ;mcc_generated_files/tmr1.c: 126:     }
  1145  07AA  2FAF               	goto	l88
  1146  07AB                     l746:
  1147                           
  1148                           ;mcc_generated_files/tmr1.c: 128:     {;mcc_generated_files/tmr1.c: 130:         TMR1H =
      +                           (uint8_t)(timerVal >> 8);
  1149  07AB  0875               	movf	TMR1_WriteTimer@timerVal+1,w
  1150  07AC  0097               	movwf	23	;volatile
  1151  07AD                     l748:
  1152                           
  1153                           ;mcc_generated_files/tmr1.c: 131:         TMR1L = (uint8_t)timerVal;
  1154  07AD  0874               	movf	TMR1_WriteTimer@timerVal,w
  1155  07AE  0096               	movwf	22	;volatile
  1156  07AF                     l88:
  1157  07AF  0008               	return
  1158  07B0                     __end_of_TMR1_WriteTimer:
  1159                           
  1160                           	psect	text3
  1161  0772                     __ptext3:	
  1162 ;; *************** function _TMR1_HasOverflowOccured *****************
  1163 ;; Defined at:
  1164 ;;		line 150 in file "mcc_generated_files/tmr1.c"
  1165 ;; Parameters:    Size  Location     Type
  1166 ;;		None
  1167 ;; Auto vars:     Size  Location     Type
  1168 ;;		None
  1169 ;; Return value:  Size  Location     Type
  1170 ;;                  1    wreg      _Bool 
  1171 ;; Registers used:
  1172 ;;		wreg, status,2, status,0
  1173 ;; Tracked objects:
  1174 ;;		On entry : 0/0
  1175 ;;		On exit  : 0/0
  1176 ;;		Unchanged: 0/0
  1177 ;; Data sizes:     COMMON   BANK0   BANK1   BANK2   BANK3   BANK4   BANK5   BANK6
  1178 ;;      Params:         0       0       0       0       0       0       0       0
  1179 ;;      Locals:         0       0       0       0       0       0       0       0
  1180 ;;      Temps:          0       0       0       0       0       0       0       0
  1181 ;;      Totals:         0       0       0       0       0       0       0       0
  1182 ;;Total ram usage:        0 bytes
  1183 ;; Hardware stack levels used: 1
  1184 ;; This function calls:
  1185 ;;		Nothing
  1186 ;; This function is called by:
  1187 ;;		_main
  1188 ;; This function uses a non-reentrant model
  1189 ;;
  1190                           
  1191  0772                     _TMR1_HasOverflowOccured:	
  1192                           ;psect for function _TMR1_HasOverflowOccured
  1193                           
  1194  0772                     l702:	
  1195                           ;incstack = 0
  1196                           ; Regs used in _TMR1_HasOverflowOccured: [wreg+status,2+status,0]
  1197                           
  1198                           
  1199                           ;mcc_generated_files/tmr1.c: 153:     return(PIR1bits.TMR1IF);
  1200  0772  0020               	movlb	0	; select bank0
  1201  0773  0811               	movf	17,w	;volatile
  1202  0774  3901               	andlw	1
  1203  0775                     l100:
  1204  0775  0008               	return
  1205  0776                     __end_of_TMR1_HasOverflowOccured:
  1206                           
  1207                           	psect	text4
  1208  0784                     __ptext4:	
  1209 ;; *************** function _SYSTEM_Initialize *****************
  1210 ;; Defined at:
  1211 ;;		line 50 in file "mcc_generated_files/mcc.c"
  1212 ;; Parameters:    Size  Location     Type
  1213 ;;		None
  1214 ;; Auto vars:     Size  Location     Type
  1215 ;;		None
  1216 ;; Return value:  Size  Location     Type
  1217 ;;                  1    wreg      void 
  1218 ;; Registers used:
  1219 ;;		wreg, status,2, status,0, pclath, cstack
  1220 ;; Tracked objects:
  1221 ;;		On entry : 0/0
  1222 ;;		On exit  : 0/0
  1223 ;;		Unchanged: 0/0
  1224 ;; Data sizes:     COMMON   BANK0   BANK1   BANK2   BANK3   BANK4   BANK5   BANK6
  1225 ;;      Params:         0       0       0       0       0       0       0       0
  1226 ;;      Locals:         0       0       0       0       0       0       0       0
  1227 ;;      Temps:          0       0       0       0       0       0       0       0
  1228 ;;      Totals:         0       0       0       0       0       0       0       0
  1229 ;;Total ram usage:        0 bytes
  1230 ;; Hardware stack levels used: 1
  1231 ;; Hardware stack levels required when called: 1
  1232 ;; This function calls:
  1233 ;;		_OSCILLATOR_Initialize
  1234 ;;		_PIN_MANAGER_Initialize
  1235 ;;		_TMR1_Initialize
  1236 ;;		_WDT_Initialize
  1237 ;; This function is called by:
  1238 ;;		_main
  1239 ;; This function uses a non-reentrant model
  1240 ;;
  1241                           
  1242  0784                     _SYSTEM_Initialize:	
  1243                           ;psect for function _SYSTEM_Initialize
  1244                           
  1245  0784                     l698:	
  1246                           ;incstack = 0
  1247                           ; Regs used in _SYSTEM_Initialize: [wreg+status,2+status,0+pclath+cstack]
  1248                           
  1249                           
  1250                           ;mcc_generated_files/mcc.c: 53:     PIN_MANAGER_Initialize();
  1251  0784  3187  27B0  3187   	fcall	_PIN_MANAGER_Initialize
  1252                           
  1253                           ;mcc_generated_files/mcc.c: 54:     OSCILLATOR_Initialize();
  1254  0787  3187  2776  3187   	fcall	_OSCILLATOR_Initialize
  1255                           
  1256                           ;mcc_generated_files/mcc.c: 55:     WDT_Initialize();
  1257  078A  3187  276E  3187   	fcall	_WDT_Initialize
  1258                           
  1259                           ;mcc_generated_files/mcc.c: 56:     TMR1_Initialize();
  1260  078D  3187  2791  3187   	fcall	_TMR1_Initialize
  1261  0790                     l49:
  1262  0790  0008               	return
  1263  0791                     __end_of_SYSTEM_Initialize:
  1264                           
  1265                           	psect	text5
  1266  076E                     __ptext5:	
  1267 ;; *************** function _WDT_Initialize *****************
  1268 ;; Defined at:
  1269 ;;		line 67 in file "mcc_generated_files/mcc.c"
  1270 ;; Parameters:    Size  Location     Type
  1271 ;;		None
  1272 ;; Auto vars:     Size  Location     Type
  1273 ;;		None
  1274 ;; Return value:  Size  Location     Type
  1275 ;;                  1    wreg      void 
  1276 ;; Registers used:
  1277 ;;		wreg
  1278 ;; Tracked objects:
  1279 ;;		On entry : 0/0
  1280 ;;		On exit  : 0/0
  1281 ;;		Unchanged: 0/0
  1282 ;; Data sizes:     COMMON   BANK0   BANK1   BANK2   BANK3   BANK4   BANK5   BANK6
  1283 ;;      Params:         0       0       0       0       0       0       0       0
  1284 ;;      Locals:         0       0       0       0       0       0       0       0
  1285 ;;      Temps:          0       0       0       0       0       0       0       0
  1286 ;;      Totals:         0       0       0       0       0       0       0       0
  1287 ;;Total ram usage:        0 bytes
  1288 ;; Hardware stack levels used: 1
  1289 ;; This function calls:
  1290 ;;		Nothing
  1291 ;; This function is called by:
  1292 ;;		_SYSTEM_Initialize
  1293 ;; This function uses a non-reentrant model
  1294 ;;
  1295                           
  1296  076E                     _WDT_Initialize:	
  1297                           ;psect for function _WDT_Initialize
  1298                           
  1299  076E                     l670:	
  1300                           ;incstack = 0
  1301                           ; Regs used in _WDT_Initialize: [wreg]
  1302                           
  1303                           
  1304                           ;mcc_generated_files/mcc.c: 70:     WDTCON = 0x16;
  1305  076E  3016               	movlw	22
  1306  076F  0021               	movlb	1	; select bank1
  1307  0770  0097               	movwf	23	;volatile
  1308  0771                     l55:
  1309  0771  0008               	return
  1310  0772                     __end_of_WDT_Initialize:
  1311                           
  1312                           	psect	text6
  1313  0791                     __ptext6:	
  1314 ;; *************** function _TMR1_Initialize *****************
  1315 ;; Defined at:
  1316 ;;		line 63 in file "mcc_generated_files/tmr1.c"
  1317 ;; Parameters:    Size  Location     Type
  1318 ;;		None
  1319 ;; Auto vars:     Size  Location     Type
  1320 ;;		None
  1321 ;; Return value:  Size  Location     Type
  1322 ;;                  1    wreg      void 
  1323 ;; Registers used:
  1324 ;;		wreg, status,2
  1325 ;; Tracked objects:
  1326 ;;		On entry : 0/0
  1327 ;;		On exit  : 0/0
  1328 ;;		Unchanged: 0/0
  1329 ;; Data sizes:     COMMON   BANK0   BANK1   BANK2   BANK3   BANK4   BANK5   BANK6
  1330 ;;      Params:         0       0       0       0       0       0       0       0
  1331 ;;      Locals:         0       0       0       0       0       0       0       0
  1332 ;;      Temps:          0       0       0       0       0       0       0       0
  1333 ;;      Totals:         0       0       0       0       0       0       0       0
  1334 ;;Total ram usage:        0 bytes
  1335 ;; Hardware stack levels used: 1
  1336 ;; This function calls:
  1337 ;;		Nothing
  1338 ;; This function is called by:
  1339 ;;		_SYSTEM_Initialize
  1340 ;;		_main
  1341 ;; This function uses a non-reentrant model
  1342 ;;
  1343                           
  1344  0791                     _TMR1_Initialize:	
  1345                           ;psect for function _TMR1_Initialize
  1346                           
  1347  0791                     l672:	
  1348                           ;incstack = 0
  1349                           ; Regs used in _TMR1_Initialize: [wreg+status,2]
  1350                           
  1351                           
  1352                           ;mcc_generated_files/tmr1.c: 68:     T1GCON = 0x00;
  1353  0791  0020               	movlb	0	; select bank0
  1354  0792  0199               	clrf	25	;volatile
  1355  0793                     l674:
  1356                           
  1357                           ;mcc_generated_files/tmr1.c: 71:     TMR1H = 0x0B;
  1358  0793  300B               	movlw	11
  1359  0794  0097               	movwf	23	;volatile
  1360  0795                     l676:
  1361                           
  1362                           ;mcc_generated_files/tmr1.c: 74:     TMR1L = 0xDC;
  1363  0795  30DC               	movlw	220
  1364  0796  0096               	movwf	22	;volatile
  1365  0797                     l678:
  1366                           
  1367                           ;mcc_generated_files/tmr1.c: 77:     PIR1bits.TMR1IF = 0;
  1368  0797  1011               	bcf	17,0	;volatile
  1369  0798                     l680:
  1370                           
  1371                           ;mcc_generated_files/tmr1.c: 80:     timer1ReloadVal=(uint16_t)((TMR1H << 8) | TMR1L);
  1372  0798  0817               	movf	23,w	;volatile
  1373  0799  00F1               	movwf	_timer1ReloadVal+1	;volatile
  1374  079A  0816               	movf	22,w	;volatile
  1375  079B  00F0               	movwf	_timer1ReloadVal	;volatile
  1376  079C                     l682:
  1377                           
  1378                           ;mcc_generated_files/tmr1.c: 83:     T1CON = 0x35;
  1379  079C  3035               	movlw	53
  1380  079D  0098               	movwf	24	;volatile
  1381  079E                     l74:
  1382  079E  0008               	return
  1383  079F                     __end_of_TMR1_Initialize:
  1384                           
  1385                           	psect	text7
  1386  07B0                     __ptext7:	
  1387 ;; *************** function _PIN_MANAGER_Initialize *****************
  1388 ;; Defined at:
  1389 ;;		line 55 in file "mcc_generated_files/pin_manager.c"
  1390 ;; Parameters:    Size  Location     Type
  1391 ;;		None
  1392 ;; Auto vars:     Size  Location     Type
  1393 ;;		None
  1394 ;; Return value:  Size  Location     Type
  1395 ;;                  1    wreg      void 
  1396 ;; Registers used:
  1397 ;;		wreg, status,2
  1398 ;; Tracked objects:
  1399 ;;		On entry : 0/0
  1400 ;;		On exit  : 0/0
  1401 ;;		Unchanged: 0/0
  1402 ;; Data sizes:     COMMON   BANK0   BANK1   BANK2   BANK3   BANK4   BANK5   BANK6
  1403 ;;      Params:         0       0       0       0       0       0       0       0
  1404 ;;      Locals:         0       0       0       0       0       0       0       0
  1405 ;;      Temps:          0       0       0       0       0       0       0       0
  1406 ;;      Totals:         0       0       0       0       0       0       0       0
  1407 ;;Total ram usage:        0 bytes
  1408 ;; Hardware stack levels used: 1
  1409 ;; This function calls:
  1410 ;;		Nothing
  1411 ;; This function is called by:
  1412 ;;		_SYSTEM_Initialize
  1413 ;; This function uses a non-reentrant model
  1414 ;;
  1415                           
  1416  07B0                     _PIN_MANAGER_Initialize:	
  1417                           ;psect for function _PIN_MANAGER_Initialize
  1418                           
  1419  07B0                     l650:	
  1420                           ;incstack = 0
  1421                           ; Regs used in _PIN_MANAGER_Initialize: [wreg+status,2]
  1422                           
  1423                           
  1424                           ;mcc_generated_files/pin_manager.c: 60:     LATA = 0x00;
  1425  07B0  0022               	movlb	2	; select bank2
  1426  07B1  018C               	clrf	12	;volatile
  1427                           
  1428                           ;mcc_generated_files/pin_manager.c: 61:     LATB = 0x00;
  1429  07B2  018D               	clrf	13	;volatile
  1430                           
  1431                           ;mcc_generated_files/pin_manager.c: 62:     LATC = 0x00;
  1432  07B3  018E               	clrf	14	;volatile
  1433  07B4                     l652:
  1434                           
  1435                           ;mcc_generated_files/pin_manager.c: 67:     TRISA = 0x3F;
  1436  07B4  303F               	movlw	63
  1437  07B5  0021               	movlb	1	; select bank1
  1438  07B6  008C               	movwf	12	;volatile
  1439  07B7                     l654:
  1440                           
  1441                           ;mcc_generated_files/pin_manager.c: 68:     TRISB = 0xF0;
  1442  07B7  30F0               	movlw	240
  1443  07B8  008D               	movwf	13	;volatile
  1444  07B9                     l656:
  1445                           
  1446                           ;mcc_generated_files/pin_manager.c: 69:     TRISC = 0xFE;
  1447  07B9  30FE               	movlw	254
  1448  07BA  008E               	movwf	14	;volatile
  1449  07BB                     l658:
  1450                           
  1451                           ;mcc_generated_files/pin_manager.c: 74:     ANSELC = 0xCE;
  1452  07BB  30CE               	movlw	206
  1453  07BC  0023               	movlb	3	; select bank3
  1454  07BD  008E               	movwf	14	;volatile
  1455  07BE                     l660:
  1456                           
  1457                           ;mcc_generated_files/pin_manager.c: 75:     ANSELB = 0x30;
  1458  07BE  3030               	movlw	48
  1459  07BF  008D               	movwf	13	;volatile
  1460  07C0                     l662:
  1461                           
  1462                           ;mcc_generated_files/pin_manager.c: 76:     ANSELA = 0x17;
  1463  07C0  3017               	movlw	23
  1464  07C1  008C               	movwf	12	;volatile
  1465                           
  1466                           ;mcc_generated_files/pin_manager.c: 81:     WPUB = 0x00;
  1467  07C2  0024               	movlb	4	; select bank4
  1468  07C3  018D               	clrf	13	;volatile
  1469                           
  1470                           ;mcc_generated_files/pin_manager.c: 82:     WPUA = 0x00;
  1471  07C4  018C               	clrf	12	;volatile
  1472  07C5                     l664:
  1473                           
  1474                           ;mcc_generated_files/pin_manager.c: 83:     OPTION_REGbits.nWPUEN = 1;
  1475  07C5  0021               	movlb	1	; select bank1
  1476  07C6  1795               	bsf	21,7	;volatile
  1477                           
  1478                           ;mcc_generated_files/pin_manager.c: 89:     APFCON = 0x00;
  1479  07C7  0022               	movlb	2	; select bank2
  1480  07C8  019D               	clrf	29	;volatile
  1481  07C9                     l29:
  1482  07C9  0008               	return
  1483  07CA                     __end_of_PIN_MANAGER_Initialize:
  1484                           
  1485                           	psect	text8
  1486  0776                     __ptext8:	
  1487 ;; *************** function _OSCILLATOR_Initialize *****************
  1488 ;; Defined at:
  1489 ;;		line 59 in file "mcc_generated_files/mcc.c"
  1490 ;; Parameters:    Size  Location     Type
  1491 ;;		None
  1492 ;; Auto vars:     Size  Location     Type
  1493 ;;		None
  1494 ;; Return value:  Size  Location     Type
  1495 ;;                  1    wreg      void 
  1496 ;; Registers used:
  1497 ;;		wreg, status,2
  1498 ;; Tracked objects:
  1499 ;;		On entry : 0/0
  1500 ;;		On exit  : 0/0
  1501 ;;		Unchanged: 0/0
  1502 ;; Data sizes:     COMMON   BANK0   BANK1   BANK2   BANK3   BANK4   BANK5   BANK6
  1503 ;;      Params:         0       0       0       0       0       0       0       0
  1504 ;;      Locals:         0       0       0       0       0       0       0       0
  1505 ;;      Temps:          0       0       0       0       0       0       0       0
  1506 ;;      Totals:         0       0       0       0       0       0       0       0
  1507 ;;Total ram usage:        0 bytes
  1508 ;; Hardware stack levels used: 1
  1509 ;; This function calls:
  1510 ;;		Nothing
  1511 ;; This function is called by:
  1512 ;;		_SYSTEM_Initialize
  1513 ;; This function uses a non-reentrant model
  1514 ;;
  1515                           
  1516  0776                     _OSCILLATOR_Initialize:	
  1517                           ;psect for function _OSCILLATOR_Initialize
  1518                           
  1519  0776                     l666:	
  1520                           ;incstack = 0
  1521                           ; Regs used in _OSCILLATOR_Initialize: [wreg+status,2]
  1522                           
  1523                           
  1524                           ;mcc_generated_files/mcc.c: 62:     OSCCON = 0x38;
  1525  0776  3038               	movlw	56
  1526  0777  0021               	movlb	1	; select bank1
  1527  0778  0099               	movwf	25	;volatile
  1528  0779                     l668:
  1529                           
  1530                           ;mcc_generated_files/mcc.c: 64:     BORCON = 0x00;
  1531  0779  0022               	movlb	2	; select bank2
  1532  077A  0196               	clrf	22	;volatile
  1533  077B                     l52:
  1534  077B  0008               	return
  1535  077C                     __end_of_OSCILLATOR_Initialize:
  1536  007E                     btemp	set	126	;btemp
  1537  007E                     wtemp0	set	126
  1538                           
  1539                           	psect	idloc
  1540                           
  1541                           ;Config register IDLOC0 @ 0x8000
  1542                           ;	unspecified, using default values
  1543  8000                     	org	32768
  1544  8000  3FFF               	dw	16383
  1545                           
  1546                           ;Config register IDLOC1 @ 0x8001
  1547                           ;	unspecified, using default values
  1548  8001                     	org	32769
  1549  8001  3FFF               	dw	16383
  1550                           
  1551                           ;Config register IDLOC2 @ 0x8002
  1552                           ;	unspecified, using default values
  1553  8002                     	org	32770
  1554  8002  3FFF               	dw	16383
  1555                           
  1556                           ;Config register IDLOC3 @ 0x8003
  1557                           ;	unspecified, using default values
  1558  8003                     	org	32771
  1559  8003  3FFF               	dw	16383
  1560                           
  1561                           	psect	config
  1562                           
  1563                           ;Config register CONFIG1 @ 0x8007
  1564                           ;	Oscillator Selection Bits
  1565                           ;	FOSC = HS, HS Oscillator, High-speed crystal/resonator connected between OSC1 and OSC2
      +                           pins
  1566                           ;	Watchdog Timer Enable
  1567                           ;	WDTE = OFF, WDT disabled
  1568                           ;	Power-up Timer Enable
  1569                           ;	PWRTE = OFF, PWRT disabled
  1570                           ;	MCLR Pin Function Select
  1571                           ;	MCLRE = ON, MCLR/VPP pin function is MCLR
  1572                           ;	Flash Program Memory Code Protection
  1573                           ;	CP = OFF, Program memory code protection is disabled
  1574                           ;	Brown-out Reset Enable
  1575                           ;	BOREN = OFF, Brown-out Reset disabled
  1576                           ;	Clock Out Enable
  1577                           ;	CLKOUTEN = OFF, CLKOUT function is disabled. I/O or oscillator function on the CLKOUT 
      +                          pin
  1578                           ;	Internal/External Switchover Mode
  1579                           ;	IESO = OFF, Internal/External Switchover Mode is disabled
  1580                           ;	Fail-Safe Clock Monitor Enable
  1581                           ;	FCMEN = OFF, Fail-Safe Clock Monitor is disabled
  1582  8007                     	org	32775
  1583  8007  09E2               	dw	2530
  1584                           
  1585                           ;Config register CONFIG2 @ 0x8008
  1586                           ;	Flash Memory Self-Write Protection
  1587                           ;	WRT = OFF, Write protection off
  1588                           ;	Stack Overflow/Underflow Reset Enable
  1589                           ;	STVREN = ON, Stack Overflow or Underflow will cause a Reset
  1590                           ;	Brown-out Reset Voltage Selection
  1591                           ;	BORV = LO, Brown-out Reset Voltage (Vbor), low trip point selected.
  1592                           ;	Low-Power Brown Out Reset
  1593                           ;	LPBOR = OFF, Low-Power BOR is disabled
  1594                           ;	Low-Voltage Programming Enable
  1595                           ;	LVP = OFF, High-voltage on MCLR/VPP must be used for programming
  1596  8008                     	org	32776
  1597  8008  1FFF               	dw	8191

Data Sizes:
    Strings     0
    Constant    0
    Data        0
    BSS         2
    Persistent  34
    Stack       0

Auto Spaces:
    Space          Size  Autos    Used
    COMMON           14      2       6
    BANK0            80      0       0
    BANK1            80      0       0
    BANK2            80      0       0
    BANK3            80      0       0
    BANK4            80      0       0
    BANK5            80      0       0
    BANK6            16      0       0

Pointer List with Targets:

    None.

Critical Paths under _main in COMMON

    _TMR1_Reload->_TMR1_WriteTimer

Critical Paths under _main in BANK0

    None.

Critical Paths under _main in BANK1

    None.

Critical Paths under _main in BANK2

    None.

Critical Paths under _main in BANK3

    None.

Critical Paths under _main in BANK4

    None.

Critical Paths under _main in BANK5

    None.

Critical Paths under _main in BANK6

    None.

Call Graph Tables:

 ---------------------------------------------------------------------------------
 (Depth) Function   	        Calls       Base Space   Used Autos Params    Refs
 ---------------------------------------------------------------------------------
 (0) _main                                                 0     0      0     164
                  _SYSTEM_Initialize
            _TMR1_HasOverflowOccured
                    _TMR1_Initialize
                        _TMR1_Reload
 ---------------------------------------------------------------------------------
 (1) _TMR1_Reload                                          0     0      0     164
                    _TMR1_WriteTimer
 ---------------------------------------------------------------------------------
 (2) _TMR1_WriteTimer                                      2     0      2     164
                                              0 COMMON     2     0      2
 ---------------------------------------------------------------------------------
 (1) _TMR1_HasOverflowOccured                              0     0      0       0
 ---------------------------------------------------------------------------------
 (1) _SYSTEM_Initialize                                    0     0      0       0
              _OSCILLATOR_Initialize
             _PIN_MANAGER_Initialize
                    _TMR1_Initialize
                     _WDT_Initialize
 ---------------------------------------------------------------------------------
 (2) _WDT_Initialize                                       0     0      0       0
 ---------------------------------------------------------------------------------
 (1) _TMR1_Initialize                                      0     0      0       0
 ---------------------------------------------------------------------------------
 (2) _PIN_MANAGER_Initialize                               0     0      0       0
 ---------------------------------------------------------------------------------
 (2) _OSCILLATOR_Initialize                                0     0      0       0
 ---------------------------------------------------------------------------------
 Estimated maximum stack depth 2
 ---------------------------------------------------------------------------------

 Call Graph Graphs:

 _main (ROOT)
   _SYSTEM_Initialize
     _OSCILLATOR_Initialize
     _PIN_MANAGER_Initialize
     _TMR1_Initialize
     _WDT_Initialize
   _TMR1_HasOverflowOccured
   _TMR1_Initialize
   _TMR1_Reload
     _TMR1_WriteTimer

 Address spaces:
Name               Size   Autos  Total    Cost      Usage
BIGRAM             1F0      0       0       0        0.0%
NULL                 0      0       0       0        0.0%
CODE                 0      0       0       0        0.0%
BITCOMMON            E      0       0       1        0.0%
BITSFR0              0      0       0       1        0.0%
SFR0                 0      0       0       1        0.0%
COMMON               E      2       6       2       42.9%
BITSFR1              0      0       0       2        0.0%
SFR1                 0      0       0       2        0.0%
BITSFR2              0      0       0       3        0.0%
SFR2                 0      0       0       3        0.0%
STACK                0      0       0       3        0.0%
BITSFR3              0      0       0       4        0.0%
SFR3                 0      0       0       4        0.0%
ABS                  0      0       6       4        0.0%
BITBANK0            50      0       0       5        0.0%
BITSFR4              0      0       0       5        0.0%
SFR4                 0      0       0       5        0.0%
BANK0               50      0       0       6        0.0%
BITSFR5              0      0       0       6        0.0%
SFR5                 0      0       0       6        0.0%
BITBANK1            50      0       0       7        0.0%
BITSFR6              0      0       0       7        0.0%
SFR6                 0      0       0       7        0.0%
BANK1               50      0       0       8        0.0%
BITSFR7              0      0       0       8        0.0%
SFR7                 0      0       0       8        0.0%
BITBANK2            50      0       0       9        0.0%
BITSFR8              0      0       0       9        0.0%
SFR8                 0      0       0       9        0.0%
BANK2               50      0       0      10        0.0%
BITSFR9              0      0       0      10        0.0%
SFR9                 0      0       0      10        0.0%
BITBANK3            50      0       0      11        0.0%
BITSFR10             0      0       0      11        0.0%
SFR10                0      0       0      11        0.0%
BANK3               50      0       0      12        0.0%
BITSFR11             0      0       0      12        0.0%
SFR11                0      0       0      12        0.0%
BITBANK4            50      0       0      13        0.0%
BITSFR12             0      0       0      13        0.0%
SFR12                0      0       0      13        0.0%
BANK4               50      0       0      14        0.0%
BITSFR13             0      0       0      14        0.0%
SFR13                0      0       0      14        0.0%
BITBANK5            50      0       0      15        0.0%
BITSFR14             0      0       0      15        0.0%
SFR14                0      0       0      15        0.0%
BANK5               50      0       0      16        0.0%
BITSFR15             0      0       0      16        0.0%
SFR15                0      0       0      16        0.0%
BITBANK6            10      0       0      17        0.0%
BITSFR16             0      0       0      17        0.0%
SFR16                0      0       0      17        0.0%
BANK6               10      0       0      18        0.0%
BITSFR17             0      0       0      18        0.0%
SFR17                0      0       0      18        0.0%
BITSFR18             0      0       0      19        0.0%
SFR18                0      0       0      19        0.0%
DATA                 0      0       6      19        0.0%
BITSFR19             0      0       0      20        0.0%
SFR19                0      0       0      20        0.0%
BITSFR20             0      0       0      21        0.0%
SFR20                0      0       0      21        0.0%
BITSFR21             0      0       0      22        0.0%
SFR21                0      0       0      22        0.0%
BITSFR22             0      0       0      23        0.0%
SFR22                0      0       0      23        0.0%
BITSFR23             0      0       0      24        0.0%
SFR23                0      0       0      24        0.0%
BITSFR24             0      0       0      25        0.0%
SFR24                0      0       0      25        0.0%
BITSFR25             0      0       0      26        0.0%
SFR25                0      0       0      26        0.0%
BITSFR26             0      0       0      27        0.0%
SFR26                0      0       0      27        0.0%
BITSFR27             0      0       0      28        0.0%
SFR27                0      0       0      28        0.0%
BITSFR28             0      0       0      29        0.0%
SFR28                0      0       0      29        0.0%
BITSFR29             0      0       0      30        0.0%
SFR29                0      0       0      30        0.0%
BITSFR30             0      0       0      31        0.0%
SFR30                0      0       0      31        0.0%
BITSFR31             0      0       0      32        0.0%
SFR31                0      0       0      32        0.0%


Microchip Technology PIC Macro Assembler V2.36 build 20220127204148 
Symbol Table                                                                                   Tue Mar 22 11:36:41 2022

                             l52 077B                               l29 07C9                               l55 0771  
                             l49 0790                               l74 079E                               l91 0783  
                             l88 07AF                               u60 07A4                               u61 07A3  
                             u70 07DA                               u71 07D9                               u80 07EA  
                             u81 07E9                               u90 07F4                               u91 07F1  
                            l100 0775                              l119 07D2                              l702 0772  
                            l650 07B0                              l660 07BE                              l652 07B4  
                            l740 07A5                              l662 07C0                              l654 07B7  
                            l670 076E                              l742 07A7                              l750 077C  
                            l664 07C5                              l656 07B9                              l680 0798  
                            l672 0791                              l744 07A9                              l736 079F  
                            l760 07E0                              l752 07CA                              l666 0776  
                            l658 07BB                              l682 079C                              l674 0793  
                            l738 07A4                              l746 07AB                              l762 07E3  
                            l754 07D0                              l668 0779                              l676 0795  
                            l748 07AD                              l764 07EA                              l756 07DA  
                            l678 0797                              l766 07F6                              l758 07DC  
                            l698 0784                              u104 07F6                  _timer1ReloadVal 0070  
                           _LATA 010C                             _LATB 010D                             _LATC 010E  
        _TMR1_HasOverflowOccured 0772                             _WPUA 020C                             _WPUB 020D  
                           _main 07CA                             btemp 007E                             start 0002  
  __end_of_OSCILLATOR_Initialize 077C                            ?_main 0074                            _T1CON 0018  
                          _TMR1H 0017                            _TMR1L 0016                            _TRISA 008C  
                          _TRISB 008D                            _TRISC 008E                   _WDT_Initialize 076E  
        __end_of_TMR1_Initialize 079F                            status 0003                            wtemp0 007E  
                _TMR1_WriteTimer 079F                  __initialization 07FB                     __end_of_main 07FB  
                         ??_main 0076           __end_of_WDT_Initialize 0772        ??_TMR1_HasOverflowOccured 0074  
                         _APFCON 011D                           _ANSELA 018C                           _ANSELB 018D  
                         _ANSELC 018E                           _BORCON 0116                           _T1GCON 0019  
        TMR1_WriteTimer@timerVal 0074                           _OSCCON 0099                           _WDTCON 0097  
                   ?_TMR1_Reload 0074                  ?_WDT_Initialize 0074          __end_of_TMR1_WriteTimer 07B0  
               ?_TMR1_Initialize 0074                _SYSTEM_Initialize 0784          __end_of__initialization 07FD  
             ?_SYSTEM_Initialize 0074                   __pcstackCOMMON 0074              ??_SYSTEM_Initialize 0074  
                 _OPTION_REGbits 0095        __end_of_SYSTEM_Initialize 0791                       __pnvCOMMON 0070  
                     __pmaintext 07CA                 ?_TMR1_WriteTimer 0074                          __ptext1 077C  
                        __ptext2 079F                          __ptext3 0772                          __ptext4 0784  
                        __ptext5 076E                          __ptext6 0791                          __ptext7 07B0  
                        __ptext8 0776                        _T1CONbits 0018                          _counter 0072  
          _OSCILLATOR_Initialize 0776         ??_PIN_MANAGER_Initialize 0074             end_of_initialization 07FD  
               ??_WDT_Initialize 0074           ?_OSCILLATOR_Initialize 0074         ?_TMR1_HasOverflowOccured 0074  
            start_initialization 07FB                      __pbssCOMMON 0072                        ___latbits 0002  
         _PIN_MANAGER_Initialize 07B0  __end_of_TMR1_HasOverflowOccured 0776                         _LATCbits 010E  
                       _PIR1bits 0011                    ??_TMR1_Reload 0076                ??_TMR1_Initialize 0074  
        ??_OSCILLATOR_Initialize 0074              __end_of_TMR1_Reload 0784                       _T1GCONbits 0019  
              ??_TMR1_WriteTimer 0076          ?_PIN_MANAGER_Initialize 0074                      _TMR1_Reload 077C  
 __end_of_PIN_MANAGER_Initialize 07CA                  _TMR1_Initialize 0791  
