
ROM used:   107/8192 (1%)
            107/8192 (1%) including unused fragments

            0.1 Average locations per line
            1.6 Average locations per statement

RAM used:   6/368 (2%) at main() level
            9/368 (2%) worst case

Stack used: 1 worst case (1 in main + 0 for interrupts)
Stack size: 8

Lines Stmts  %   Files
----- ----- ---  -----
  163    68 100  main.c
   18     0   0  main.h
  768     0   0  ..\..\..\Program Files (x86)\PICC\Devices\16F887.h
----- -----
  949    68 Total

Page ROM  %  RAM   Vol Diff  Functions:
---- --- --- ---   --- ----  ----------
0     21  20    1             @delay_ms1
0     82  77    1   541  5.4  MAIN
 Inline         0             @cinit1

Program metrics:
    Functions               1
    Statements              68
    Comments                168
    Volume (V)              546
    Difficulty (D)          5.1
    Effort to implement (E) 2802
    Time to implement (T)   3 minutes
    Est Delivered Bugs (B)  0
    Cyclomatic Complexity   3
    Maintainability (MI)    116

 Segment     Used  Free
-----------  ----  ----
00000-00003     4  0  
00004-007FF   103  1941  
00800-00FFF     0  2048  
01000-017FF     0  2048  
01800-01FFF     0  2048  



