
ROM used:   643/8192 (8%)
            643/8192 (8%) including unused fragments

            0.5 Average locations per line
            5.4 Average locations per statement

RAM used:   7/368 (2%) at main() level
            21/368 (6%) worst case

Stack used: 6 worst case (6 in main + 0 for interrupts)
Stack size: 8

Lines Stmts  %   Files
----- ----- ---  -----
   56    35  29  main.c
   10     0   0  main.h
  768     0   0  ..\..\..\Program Files (x86)\PICC\Devices\16F887.h
  456    84  71  ..\..\..\Program Files (x86)\PICC\Drivers\lcd.c
----- -----
 1290   119 Total

Page ROM  %  RAM   Vol Diff  Functions:
---- --- --- ---   --- ----  ----------
0     20   3    1             @delay_ms1
 Inline         3   596  5.9  lcd_read_byte
0      6   1    0    59  4.2  lcd_read_nibble
0     17   3    1   179  3.3  lcd_send_nibble
0     66  10    3   460  4.7  lcd_send_byte
0     62  10    6   814  7.2  lcd_init
0     18   3    4   208  6.3  lcd_gotoxy
0     44   7    1   354  4.7  lcd_putc
0    216  34    1   633  3.8  fun
0      7   1    0             @const661
0     86  13    4             @PSTRINGC7_646
0      7   1    0             @const663
 Inline         5             @PSTRINGCN7_646
0     21   3    3             @DIV88
 Inline         2             @PRINTF_U_646
0     56   9    0   223  2.6  MAIN
0      6   1    0             @const675
0      7   1    0             @const676
 Inline         0             @cinit1

Program metrics:
    Functions               9
    Statements              119
    Comments                238
    Volume (V)              5460
    Difficulty (D)          40.1
    Effort to implement (E) 218777
    Time to implement (T)   3 hours, 23 minutes
    Est Delivered Bugs (B)  1
    Cyclomatic Complexity   14
    Maintainability (MI)    145

 Segment     Used  Free
-----------  ----  ----
00000-00003     4  0  
00004-007FF   639  1405  
00800-00FFF     0  2048  
01000-017FF     0  2048  
01800-01FFF     0  2048  



