
ROM used:   186/8192 (2%)
            186/8192 (2%) including unused fragments

            0.2 Average locations per line
            9.8 Average locations per statement

RAM used:   6/368 (2%) at main() level
            13/368 (4%) worst case

Stack used: 2 worst case (2 in main + 0 for interrupts)
Stack size: 8

Lines Stmts  %   Files
----- ----- ---  -----
   38    19 100  main.c
   10     0   0  main.h
  768     0   0  ..\..\..\Program Files (x86)\PICC\Devices\16F887.h
----- -----
  816    19 Total

Page ROM  %  RAM   Vol Diff  Functions:
---- --- --- ---   --- ----  ----------
0     22  12    1             @delay_ms1
0     14   8    0   210  4.3  @const620
0     44  24    1   258  4.3  xuat_1byte
0     21  11    3   165  4.0  @DIV88
0     39  21    4   197  3.8  dich_byte
0     42  23    0   151  3.5  MAIN
 Inline         0             @cinit1

Program metrics:
    Functions               5
    Statements              19
    Comments                130
    Volume (V)              1449
    Difficulty (D)          19.8
    Effort to implement (E) 28709
    Time to implement (T)   27 minutes
    Est Delivered Bugs (B)  0
    Cyclomatic Complexity   4
    Maintainability (MI)    170

 Segment     Used  Free
-----------  ----  ----
00000-00003     4  0  
00004-007FF   182  1862  
00800-00FFF     0  2048  
01000-017FF     0  2048  
01800-01FFF     0  2048  



