
ROM used:   145/8192 (2%)
            145/8192 (2%) including unused fragments

            0.2 Average locations per line
            6.9 Average locations per statement

RAM used:   11/368 (3%) at main() level
            15/368 (4%) worst case

Stack used: 2 worst case (2 in main + 0 for interrupts)
Stack size: 8

Lines Stmts  %   Files
----- ----- ---  -----
   43    21 100  main.c
   10     0   0  main.h
  768     0   0  ..\..\..\Program Files (x86)\PICC\Devices\16F887.h
----- -----
  821    21 Total

Page ROM  %  RAM   Vol Diff  Functions:
---- --- --- ---   --- ----  ----------
0     21  14    1             @delay_ms1
0     24  17    2   234  4.3  xuat_1byte
0     19  13    4   151  2.4  xuat_16bit
0     77  53    2   265  4.6  MAIN
 Inline         0    14  0.8  @cinit1

Program metrics:
    Functions               4
    Statements              21
    Comments                139
    Volume (V)              906
    Difficulty (D)          12.4
    Effort to implement (E) 11200
    Time to implement (T)   10 minutes
    Est Delivered Bugs (B)  0
    Cyclomatic Complexity   2
    Maintainability (MI)    130

 Segment     Used  Free
-----------  ----  ----
00000-00003     4  0  
00004-007FF   141  1903  
00800-00FFF     0  2048  
01000-017FF     0  2048  
01800-01FFF     0  2048  



