
ROM used:   843/8192 (10%)
            843/8192 (10%) including unused fragments

            0.7 Average locations per line
            8.5 Average locations per statement

RAM used:   7/368 (2%) at main() level
            26/368 (7%) worst case

Stack used: 5 worst case (5 in main + 0 for interrupts)
Stack size: 8

Lines Stmts  %   Files
----- ----- ---  -----
   25    15  15  main.c
   10     0   0  main.h
  768     0   0  ..\..\Program Files (x86)\PICC\Devices\16F887.h
  456    84  85  ..\..\Program Files (x86)\PICC\Drivers\lcd.c
----- -----
 1259    99 Total

Page ROM  %  RAM   Vol Diff  Functions:
---- --- --- ---   --- ----  ----------
0     20   2    1             @delay_ms1
 Inline         3   596  5.9  lcd_read_byte
0      6   1    0    59  4.2  lcd_read_nibble
0     17   2    1   179  3.3  lcd_send_nibble
0     66   8    3   460  4.7  lcd_send_byte
0     62   7    6   814  7.2  lcd_init
0     18   2    4   208  6.3  lcd_gotoxy
0     44   5    1   354  4.7  lcd_putc
0    143  17    2   403  3.6  MAIN
0      6   1    0             @const661
0     88  10    4             @PSTRINGC7_646
0     31   4    2             @ITOF
0    204  24   14             @DIVFF
0     33   4    4             @SFTOI
0    101  12    9             @PRINTF_LU_646
 Inline         0             @cinit1

Program metrics:
    Functions               8
    Statements              99
    Comments                239
    Volume (V)              4666
    Difficulty (D)          37.7
    Effort to implement (E) 175818
    Time to implement (T)   2 hours, 43 minutes
    Est Delivered Bugs (B)  1
    Cyclomatic Complexity   8
    Maintainability (MI)    138

 Segment     Used  Free
-----------  ----  ----
00000-00003     4  0  
00004-007FF   839  1205  
00800-00FFF     0  2048  
01000-017FF     0  2048  
01800-01FFF     0  2048  



