
ROM used:   375/8192 (5%)
            375/8192 (5%) including unused fragments

            0.3 Average locations per line
            2.6 Average locations per statement

RAM used:   7/368 (2%) at main() level
            20/368 (5%) worst case

Stack used: 5 worst case (5 in main + 0 for interrupts)
Stack size: 8

Lines Stmts  %   Files
----- ----- ---  -----
  132    63  43  main.c
   11     0   0  main.h
  768     0   0  ..\..\Program Files (x86)\PICC\Devices\16F887.h
  456    84  57  ..\..\Program Files (x86)\PICC\Drivers\lcd.c
----- -----
 1367   147 Total

Page ROM  %  RAM   Vol Diff  Functions:
---- --- --- ---   --- ----  ----------
0     21   6    1             @delay_ms1
 Inline         3   596  5.9  lcd_read_byte
0      6   2    0    59  4.2  lcd_read_nibble
0     12   3    1   179  3.3  lcd_send_nibble
0     64  17    3   460  4.7  lcd_send_byte
0     62  17    6   814  7.2  lcd_init
0     18   5    4   208  6.3  lcd_gotoxy
0     44  12    1   354  4.7  lcd_putc
0     45  12    0   293  6.2  @const658
0     32   9    3   316  5.4  lcdRunning
0      9   2    0             @const674
0      8   2    0             @const677
0      9   2    0             @const687
0     10   3    0    74  1.6  @const690
0     31   8    0    74  1.6  MAIN
 Inline         0    74  1.6  @cinit1

Program metrics:
    Functions               12
    Statements              147
    Comments                255
    Volume (V)              5694
    Difficulty (D)          52.4
    Effort to implement (E) 298212
    Time to implement (T)   4 hours, 36 minutes
    Est Delivered Bugs (B)  1
    Cyclomatic Complexity   12
    Maintainability (MI)    136

 Segment     Used  Free
-----------  ----  ----
00000-00003     4  0  
00004-007FF   371  1673  
00800-00FFF     0  2048  
01000-017FF     0  2048  
01800-01FFF     0  2048  



