
ROM used:   204/8192 (2%)
            204/8192 (2%) including unused fragments

            0.2 Average locations per line
            5.5 Average locations per statement

RAM used:   10/368 (3%) at main() level
            13/368 (4%) worst case

Stack used: 2 worst case (2 in main + 0 for interrupts)
Stack size: 8

Lines Stmts  %   Files
----- ----- ---  -----
   57    37 100  main.c
   10     0   0  main.h
  768     0   0  ..\..\..\Program Files (x86)\PICC\Devices\16F887.h
----- -----
  835    37 Total

Page ROM  %  RAM   Vol Diff  Functions:
---- --- --- ---   --- ----  ----------
0     20  10    1             @delay_ms1
0     14   7    0   641  6.7  @const624
0     56  27    2   301  4.7  HIENTHI_DELAY
0     21  10    3             @DIV88
0     89  44    1   641  6.7  MAIN
 Inline         0             @cinit1

Program metrics:
    Functions               3
    Statements              37
    Comments                130
    Volume (V)              2014
    Difficulty (D)          17.6
    Effort to implement (E) 35435
    Time to implement (T)   33 minutes
    Est Delivered Bugs (B)  0
    Cyclomatic Complexity   7
    Maintainability (MI)    61

 Segment     Used  Free
-----------  ----  ----
00000-00003     4  0  
00004-007FF   200  1844  
00800-00FFF     0  2048  
01000-017FF     0  2048  
01800-01FFF     0  2048  



