
ROM used:   685/8192 (8%)
            685/8192 (8%) including unused fragments

            0.5 Average locations per line
            5.8 Average locations per statement

RAM used:   11/368 (3%) at main() level
            29/368 (8%) worst case

Stack used: 5 worst case (5 in main + 0 for interrupts)
Stack size: 8

Lines Stmts  %   Files
----- ----- ---  -----
   68    35  29  main.c
   10     0   0  main.h
  768     0   0  ..\..\..\Program Files (x86)\PICC\Devices\16F887.h
  456    84  71  ..\..\..\Program Files (x86)\PICC\Drivers\lcd.c
----- -----
 1302   119 Total

Page ROM  %  RAM   Vol Diff  Functions:
---- --- --- ---   --- ----  ----------
0     20   3    1             @delay_ms1
 Inline         3   596  5.9  lcd_read_byte
0      6   1    0    59  4.2  lcd_read_nibble
0     13   2    1   179  3.3  lcd_send_nibble
0     64   9    3   460  4.7  lcd_send_byte
0     62   9    6   814  7.2  lcd_init
0     18   3    4   208  6.3  lcd_gotoxy
0     44   6    1   354  4.7  lcd_putc
0    166  24    1   946  5.3  MAIN
0      3   0    0             @const664
0     86  13    4             @PSTRINGC7_646
0      3   0    0             @const666
0      3   0    0             @const667
0     99  14    9             @PRINTF_LU_646
0      5   1    0             @const671
0     89  13    5             @PSTRINGCN7_646
 Inline         0             @cinit1

Program metrics:
    Functions               8
    Statements              119
    Comments                252
    Volume (V)              5400
    Difficulty (D)          39.1
    Effort to implement (E) 210935
    Time to implement (T)   3 hours, 15 minutes
    Est Delivered Bugs (B)  1
    Cyclomatic Complexity   14
    Maintainability (MI)    126

 Segment     Used  Free
-----------  ----  ----
00000-00003     4  0  
00004-007FF   681  1363  
00800-00FFF     0  2048  
01000-017FF     0  2048  
01800-01FFF     0  2048  



