
ROM used:   302/8192 (4%)
            302/8192 (4%) including unused fragments

            0.4 Average locations per line
            13.7 Average locations per statement

RAM used:   10/368 (3%) at main() level
            27/368 (7%) worst case

Stack used: 2 worst case (2 in main + 0 for interrupts)
Stack size: 8

Lines Stmts  %   Files
----- ----- ---  -----
   44    22 100  main.c
   10     0   0  main.h
  768     0   0  ..\..\..\..\Program Files (x86)\PICC\Devices\16F887.h
----- -----
  822    22 Total

Page ROM  %  RAM   Vol Diff  Functions:
---- --- --- ---   --- ----  ----------
0     14   5    0             @const622
0     32  11    1   210  4.3  xuat_1byte
0     37  12    5             @DIV1616
0    121  40   14   396  4.0  dich_byte
0     71  24    0   216  4.1  MAIN
0     23   8    5   160  3.1  @MUL1616
 Inline         0             @cinit1

Program metrics:
    Functions               4
    Statements              22
    Comments                137
    Volume (V)              1367
    Difficulty (D)          15.5
    Effort to implement (E) 21210
    Time to implement (T)   20 minutes
    Est Delivered Bugs (B)  0
    Cyclomatic Complexity   2
    Maintainability (MI)    130

 Segment     Used  Free
-----------  ----  ----
00000-00003     4  0  
00004-007FF   298  1746  
00800-00FFF     0  2048  
01000-017FF     0  2048  
01800-01FFF     0  2048  



