

Microchip MPLAB XC8 Assembler V2.36 build 20220127204148 
                                                                                               Sun Mar 20 17:23:42 2022

Microchip MPLAB XC8 C Compiler v2.36 (Free license) build 20220127204148 Og1 
     1                           	processor	16F1509
     2                           	pagewidth 120
     3                           	opt	flic
     4                           	psect	nvCOMMON,global,class=COMMON,space=1,delta=1,noexec
     5                           	psect	cinit,global,class=CODE,merge=1,delta=2
     6                           	psect	bssCOMMON,global,class=COMMON,space=1,delta=1,noexec
     7                           	psect	cstackCOMMON,global,class=COMMON,space=1,delta=1,noexec
     8                           	psect	maintext,global,class=CODE,merge=1,split=1,delta=2
     9                           	psect	text1,local,class=CODE,merge=1,delta=2
    10                           	psect	text2,local,class=CODE,merge=1,delta=2
    11                           	psect	text3,local,class=CODE,merge=1,delta=2
    12                           	psect	text4,local,class=CODE,merge=1,delta=2
    13                           	psect	text5,local,class=CODE,merge=1,delta=2
    14                           	psect	text6,local,class=CODE,merge=1,delta=2
    15                           	psect	text7,local,class=CODE,merge=1,delta=2
    16                           	psect	idloc,global,abs,ovrld,class=IDLOC,space=5,delta=2,noexec
    17                           	psect	config,global,abs,ovrld,class=CONFIG,space=4,delta=2,noexec
    18                           	dabs	1,0x7E,2
    19  0000                     
    20                           ; Version 2.40
    21                           ; Generated 17/11/2021 GMT
    22                           ; 
    23                           ; Copyright © 2021, Microchip Technology Inc. and its subsidiaries ("Microchip")
    24                           ; All rights reserved.
    25                           ; 
    26                           ; This software is developed by Microchip Technology Inc. and its subsidiaries ("Microch
      +                          ip").
    27                           ; 
    28                           ; Redistribution and use in source and binary forms, with or without modification, are
    29                           ; permitted provided that the following conditions are met:
    30                           ; 
    31                           ;     1. Redistributions of source code must retain the above copyright notice, this lis
      +                          t of
    32                           ;        conditions and the following disclaimer.
    33                           ; 
    34                           ;     2. Redistributions in binary form must reproduce the above copyright notice, this 
      +                          list
    35                           ;        of conditions and the following disclaimer in the documentation and/or other
    36                           ;        materials provided with the distribution. Publication is not required when
    37                           ;        this file is used in an embedded application.
    38                           ; 
    39                           ;     3. Microchip's name may not be used to endorse or promote products derived from th
      +                          is
    40                           ;        software without specific prior written permission.
    41                           ; 
    42                           ; THIS SOFTWARE IS PROVIDED BY MICROCHIP "AS IS" AND ANY EXPRESS OR IMPLIED WARRANTIES,
    43                           ; INCLUDING, BUT NOT LIMITED TO, THE IMPLIED WARRANTIES OF MERCHANTABILITY AND FITNESS F
      +                          OR
    44                           ; PURPOSE ARE DISCLAIMED.  IN NO EVENT SHALL MICROCHIP BE LIABLE FOR ANY DIRECT, INDIREC
      +                          T,
    45                           ; INCIDENTAL, SPECIAL, EXEMPLARY, OR CONSEQUENTIAL DAMAGES (INCLUDING BUT NOT LIMITED TO
    46                           ; PROCUREMENT OF SUBSTITUTE GOODS OR SERVICES; LOSS OF USE, DATA OR PROFITS; OR BUSINESS
    47                           ; INTERRUPTION) HOWSOEVER CAUSED AND ON ANY THEORY OF LIABILITY, WHETHER IN CONTRACT, ST
      +                          RICT
    48                           ; LIABILITY, OR TORT (INCLUDING NEGLIGENCE OR OTHERWISE) ARISING IN ANY WAY OUT OF THE U
      +                          SE OF
    49                           ; THIS SOFTWARE, EVEN IF ADVISED OF THE POSSIBILITY OF SUCH DAMAGE.
    50                           ; 
    51                           ; 
    52                           ; Code-generator required, PIC16F1509 Definitions
    53                           ; 
    54                           ; SFR Addresses
    55  0000                     	;# 
    56  0001                     	;# 
    57  0002                     	;# 
    58  0003                     	;# 
    59  0004                     	;# 
    60  0005                     	;# 
    61  0006                     	;# 
    62  0007                     	;# 
    63  0008                     	;# 
    64  0009                     	;# 
    65  000A                     	;# 
    66  000B                     	;# 
    67  000C                     	;# 
    68  000D                     	;# 
    69  000E                     	;# 
    70  0011                     	;# 
    71  0012                     	;# 
    72  0013                     	;# 
    73  0015                     	;# 
    74  0016                     	;# 
    75  0016                     	;# 
    76  0017                     	;# 
    77  0018                     	;# 
    78  0019                     	;# 
    79  001A                     	;# 
    80  001B                     	;# 
    81  001C                     	;# 
    82  008C                     	;# 
    83  008D                     	;# 
    84  008E                     	;# 
    85  0091                     	;# 
    86  0092                     	;# 
    87  0093                     	;# 
    88  0095                     	;# 
    89  0096                     	;# 
    90  0097                     	;# 
    91  0099                     	;# 
    92  009A                     	;# 
    93  009B                     	;# 
    94  009B                     	;# 
    95  009C                     	;# 
    96  009D                     	;# 
    97  009E                     	;# 
    98  009F                     	;# 
    99  010C                     	;# 
   100  010D                     	;# 
   101  010E                     	;# 
   102  0111                     	;# 
   103  0112                     	;# 
   104  0113                     	;# 
   105  0114                     	;# 
   106  0115                     	;# 
   107  0116                     	;# 
   108  0117                     	;# 
   109  0118                     	;# 
   110  0119                     	;# 
   111  011D                     	;# 
   112  018C                     	;# 
   113  018D                     	;# 
   114  018E                     	;# 
   115  0191                     	;# 
   116  0191                     	;# 
   117  0192                     	;# 
   118  0193                     	;# 
   119  0193                     	;# 
   120  0194                     	;# 
   121  0195                     	;# 
   122  0196                     	;# 
   123  0197                     	;# 
   124  0199                     	;# 
   125  019A                     	;# 
   126  019B                     	;# 
   127  019B                     	;# 
   128  019C                     	;# 
   129  019D                     	;# 
   130  019E                     	;# 
   131  019F                     	;# 
   132  020C                     	;# 
   133  020D                     	;# 
   134  0211                     	;# 
   135  0211                     	;# 
   136  0212                     	;# 
   137  0212                     	;# 
   138  0213                     	;# 
   139  0213                     	;# 
   140  0214                     	;# 
   141  0214                     	;# 
   142  0215                     	;# 
   143  0215                     	;# 
   144  0215                     	;# 
   145  0216                     	;# 
   146  0216                     	;# 
   147  0217                     	;# 
   148  0217                     	;# 
   149  0391                     	;# 
   150  0392                     	;# 
   151  0393                     	;# 
   152  0394                     	;# 
   153  0395                     	;# 
   154  0396                     	;# 
   155  0498                     	;# 
   156  0498                     	;# 
   157  0499                     	;# 
   158  049A                     	;# 
   159  049B                     	;# 
   160  049B                     	;# 
   161  049C                     	;# 
   162  049D                     	;# 
   163  049E                     	;# 
   164  049F                     	;# 
   165  0611                     	;# 
   166  0612                     	;# 
   167  0613                     	;# 
   168  0613                     	;# 
   169  0614                     	;# 
   170  0615                     	;# 
   171  0616                     	;# 
   172  0616                     	;# 
   173  0617                     	;# 
   174  0618                     	;# 
   175  0619                     	;# 
   176  0619                     	;# 
   177  061A                     	;# 
   178  061B                     	;# 
   179  061C                     	;# 
   180  061C                     	;# 
   181  0691                     	;# 
   182  0692                     	;# 
   183  0693                     	;# 
   184  0694                     	;# 
   185  0695                     	;# 
   186  0F0F                     	;# 
   187  0F10                     	;# 
   188  0F11                     	;# 
   189  0F12                     	;# 
   190  0F13                     	;# 
   191  0F14                     	;# 
   192  0F15                     	;# 
   193  0F16                     	;# 
   194  0F17                     	;# 
   195  0F18                     	;# 
   196  0F19                     	;# 
   197  0F1A                     	;# 
   198  0F1B                     	;# 
   199  0F1C                     	;# 
   200  0F1D                     	;# 
   201  0F1E                     	;# 
   202  0F1F                     	;# 
   203  0F20                     	;# 
   204  0F21                     	;# 
   205  0F22                     	;# 
   206  0F23                     	;# 
   207  0F24                     	;# 
   208  0F25                     	;# 
   209  0F26                     	;# 
   210  0F27                     	;# 
   211  0F28                     	;# 
   212  0F29                     	;# 
   213  0F2A                     	;# 
   214  0F2B                     	;# 
   215  0F2C                     	;# 
   216  0F2D                     	;# 
   217  0F2E                     	;# 
   218  0F2F                     	;# 
   219  0F8C                     	;# 
   220  0F8D                     	;# 
   221  0F91                     	;# 
   222  0F95                     	;# 
   223  0F96                     	;# 
   224  0F97                     	;# 
   225  0F9C                     	;# 
   226  0F9D                     	;# 
   227  0F9E                     	;# 
   228  0FE3                     	;# 
   229  0FE4                     	;# 
   230  0FE5                     	;# 
   231  0FE6                     	;# 
   232  0FE7                     	;# 
   233  0FE8                     	;# 
   234  0FE9                     	;# 
   235  0FEA                     	;# 
   236  0FEB                     	;# 
   237  0FED                     	;# 
   238  0FEE                     	;# 
   239  0FEF                     	;# 
   240  0000                     	;# 
   241  0001                     	;# 
   242  0002                     	;# 
   243  0003                     	;# 
   244  0004                     	;# 
   245  0005                     	;# 
   246  0006                     	;# 
   247  0007                     	;# 
   248  0008                     	;# 
   249  0009                     	;# 
   250  000A                     	;# 
   251  000B                     	;# 
   252  000C                     	;# 
   253  000D                     	;# 
   254  000E                     	;# 
   255  0011                     	;# 
   256  0012                     	;# 
   257  0013                     	;# 
   258  0015                     	;# 
   259  0016                     	;# 
   260  0016                     	;# 
   261  0017                     	;# 
   262  0018                     	;# 
   263  0019                     	;# 
   264  001A                     	;# 
   265  001B                     	;# 
   266  001C                     	;# 
   267  008C                     	;# 
   268  008D                     	;# 
   269  008E                     	;# 
   270  0091                     	;# 
   271  0092                     	;# 
   272  0093                     	;# 
   273  0095                     	;# 
   274  0096                     	;# 
   275  0097                     	;# 
   276  0099                     	;# 
   277  009A                     	;# 
   278  009B                     	;# 
   279  009B                     	;# 
   280  009C                     	;# 
   281  009D                     	;# 
   282  009E                     	;# 
   283  009F                     	;# 
   284  010C                     	;# 
   285  010D                     	;# 
   286  010E                     	;# 
   287  0111                     	;# 
   288  0112                     	;# 
   289  0113                     	;# 
   290  0114                     	;# 
   291  0115                     	;# 
   292  0116                     	;# 
   293  0117                     	;# 
   294  0118                     	;# 
   295  0119                     	;# 
   296  011D                     	;# 
   297  018C                     	;# 
   298  018D                     	;# 
   299  018E                     	;# 
   300  0191                     	;# 
   301  0191                     	;# 
   302  0192                     	;# 
   303  0193                     	;# 
   304  0193                     	;# 
   305  0194                     	;# 
   306  0195                     	;# 
   307  0196                     	;# 
   308  0197                     	;# 
   309  0199                     	;# 
   310  019A                     	;# 
   311  019B                     	;# 
   312  019B                     	;# 
   313  019C                     	;# 
   314  019D                     	;# 
   315  019E                     	;# 
   316  019F                     	;# 
   317  020C                     	;# 
   318  020D                     	;# 
   319  0211                     	;# 
   320  0211                     	;# 
   321  0212                     	;# 
   322  0212                     	;# 
   323  0213                     	;# 
   324  0213                     	;# 
   325  0214                     	;# 
   326  0214                     	;# 
   327  0215                     	;# 
   328  0215                     	;# 
   329  0215                     	;# 
   330  0216                     	;# 
   331  0216                     	;# 
   332  0217                     	;# 
   333  0217                     	;# 
   334  0391                     	;# 
   335  0392                     	;# 
   336  0393                     	;# 
   337  0394                     	;# 
   338  0395                     	;# 
   339  0396                     	;# 
   340  0498                     	;# 
   341  0498                     	;# 
   342  0499                     	;# 
   343  049A                     	;# 
   344  049B                     	;# 
   345  049B                     	;# 
   346  049C                     	;# 
   347  049D                     	;# 
   348  049E                     	;# 
   349  049F                     	;# 
   350  0611                     	;# 
   351  0612                     	;# 
   352  0613                     	;# 
   353  0613                     	;# 
   354  0614                     	;# 
   355  0615                     	;# 
   356  0616                     	;# 
   357  0616                     	;# 
   358  0617                     	;# 
   359  0618                     	;# 
   360  0619                     	;# 
   361  0619                     	;# 
   362  061A                     	;# 
   363  061B                     	;# 
   364  061C                     	;# 
   365  061C                     	;# 
   366  0691                     	;# 
   367  0692                     	;# 
   368  0693                     	;# 
   369  0694                     	;# 
   370  0695                     	;# 
   371  0F0F                     	;# 
   372  0F10                     	;# 
   373  0F11                     	;# 
   374  0F12                     	;# 
   375  0F13                     	;# 
   376  0F14                     	;# 
   377  0F15                     	;# 
   378  0F16                     	;# 
   379  0F17                     	;# 
   380  0F18                     	;# 
   381  0F19                     	;# 
   382  0F1A                     	;# 
   383  0F1B                     	;# 
   384  0F1C                     	;# 
   385  0F1D                     	;# 
   386  0F1E                     	;# 
   387  0F1F                     	;# 
   388  0F20                     	;# 
   389  0F21                     	;# 
   390  0F22                     	;# 
   391  0F23                     	;# 
   392  0F24                     	;# 
   393  0F25                     	;# 
   394  0F26                     	;# 
   395  0F27                     	;# 
   396  0F28                     	;# 
   397  0F29                     	;# 
   398  0F2A                     	;# 
   399  0F2B                     	;# 
   400  0F2C                     	;# 
   401  0F2D                     	;# 
   402  0F2E                     	;# 
   403  0F2F                     	;# 
   404  0F8C                     	;# 
   405  0F8D                     	;# 
   406  0F91                     	;# 
   407  0F95                     	;# 
   408  0F96                     	;# 
   409  0F97                     	;# 
   410  0F9C                     	;# 
   411  0F9D                     	;# 
   412  0F9E                     	;# 
   413  0FE3                     	;# 
   414  0FE4                     	;# 
   415  0FE5                     	;# 
   416  0FE6                     	;# 
   417  0FE7                     	;# 
   418  0FE8                     	;# 
   419  0FE9                     	;# 
   420  0FEA                     	;# 
   421  0FEB                     	;# 
   422  0FED                     	;# 
   423  0FEE                     	;# 
   424  0FEF                     	;# 
   425  0000                     	;# 
   426  0001                     	;# 
   427  0002                     	;# 
   428  0003                     	;# 
   429  0004                     	;# 
   430  0005                     	;# 
   431  0006                     	;# 
   432  0007                     	;# 
   433  0008                     	;# 
   434  0009                     	;# 
   435  000A                     	;# 
   436  000B                     	;# 
   437  000C                     	;# 
   438  000D                     	;# 
   439  000E                     	;# 
   440  0011                     	;# 
   441  0012                     	;# 
   442  0013                     	;# 
   443  0015                     	;# 
   444  0016                     	;# 
   445  0016                     	;# 
   446  0017                     	;# 
   447  0018                     	;# 
   448  0019                     	;# 
   449  001A                     	;# 
   450  001B                     	;# 
   451  001C                     	;# 
   452  008C                     	;# 
   453  008D                     	;# 
   454  008E                     	;# 
   455  0091                     	;# 
   456  0092                     	;# 
   457  0093                     	;# 
   458  0095                     	;# 
   459  0096                     	;# 
   460  0097                     	;# 
   461  0099                     	;# 
   462  009A                     	;# 
   463  009B                     	;# 
   464  009B                     	;# 
   465  009C                     	;# 
   466  009D                     	;# 
   467  009E                     	;# 
   468  009F                     	;# 
   469  010C                     	;# 
   470  010D                     	;# 
   471  010E                     	;# 
   472  0111                     	;# 
   473  0112                     	;# 
   474  0113                     	;# 
   475  0114                     	;# 
   476  0115                     	;# 
   477  0116                     	;# 
   478  0117                     	;# 
   479  0118                     	;# 
   480  0119                     	;# 
   481  011D                     	;# 
   482  018C                     	;# 
   483  018D                     	;# 
   484  018E                     	;# 
   485  0191                     	;# 
   486  0191                     	;# 
   487  0192                     	;# 
   488  0193                     	;# 
   489  0193                     	;# 
   490  0194                     	;# 
   491  0195                     	;# 
   492  0196                     	;# 
   493  0197                     	;# 
   494  0199                     	;# 
   495  019A                     	;# 
   496  019B                     	;# 
   497  019B                     	;# 
   498  019C                     	;# 
   499  019D                     	;# 
   500  019E                     	;# 
   501  019F                     	;# 
   502  020C                     	;# 
   503  020D                     	;# 
   504  0211                     	;# 
   505  0211                     	;# 
   506  0212                     	;# 
   507  0212                     	;# 
   508  0213                     	;# 
   509  0213                     	;# 
   510  0214                     	;# 
   511  0214                     	;# 
   512  0215                     	;# 
   513  0215                     	;# 
   514  0215                     	;# 
   515  0216                     	;# 
   516  0216                     	;# 
   517  0217                     	;# 
   518  0217                     	;# 
   519  0391                     	;# 
   520  0392                     	;# 
   521  0393                     	;# 
   522  0394                     	;# 
   523  0395                     	;# 
   524  0396                     	;# 
   525  0498                     	;# 
   526  0498                     	;# 
   527  0499                     	;# 
   528  049A                     	;# 
   529  049B                     	;# 
   530  049B                     	;# 
   531  049C                     	;# 
   532  049D                     	;# 
   533  049E                     	;# 
   534  049F                     	;# 
   535  0611                     	;# 
   536  0612                     	;# 
   537  0613                     	;# 
   538  0613                     	;# 
   539  0614                     	;# 
   540  0615                     	;# 
   541  0616                     	;# 
   542  0616                     	;# 
   543  0617                     	;# 
   544  0618                     	;# 
   545  0619                     	;# 
   546  0619                     	;# 
   547  061A                     	;# 
   548  061B                     	;# 
   549  061C                     	;# 
   550  061C                     	;# 
   551  0691                     	;# 
   552  0692                     	;# 
   553  0693                     	;# 
   554  0694                     	;# 
   555  0695                     	;# 
   556  0F0F                     	;# 
   557  0F10                     	;# 
   558  0F11                     	;# 
   559  0F12                     	;# 
   560  0F13                     	;# 
   561  0F14                     	;# 
   562  0F15                     	;# 
   563  0F16                     	;# 
   564  0F17                     	;# 
   565  0F18                     	;# 
   566  0F19                     	;# 
   567  0F1A                     	;# 
   568  0F1B                     	;# 
   569  0F1C                     	;# 
   570  0F1D                     	;# 
   571  0F1E                     	;# 
   572  0F1F                     	;# 
   573  0F20                     	;# 
   574  0F21                     	;# 
   575  0F22                     	;# 
   576  0F23                     	;# 
   577  0F24                     	;# 
   578  0F25                     	;# 
   579  0F26                     	;# 
   580  0F27                     	;# 
   581  0F28                     	;# 
   582  0F29                     	;# 
   583  0F2A                     	;# 
   584  0F2B                     	;# 
   585  0F2C                     	;# 
   586  0F2D                     	;# 
   587  0F2E                     	;# 
   588  0F2F                     	;# 
   589  0F8C                     	;# 
   590  0F8D                     	;# 
   591  0F91                     	;# 
   592  0F95                     	;# 
   593  0F96                     	;# 
   594  0F97                     	;# 
   595  0F9C                     	;# 
   596  0F9D                     	;# 
   597  0F9E                     	;# 
   598  0FE3                     	;# 
   599  0FE4                     	;# 
   600  0FE5                     	;# 
   601  0FE6                     	;# 
   602  0FE7                     	;# 
   603  0FE8                     	;# 
   604  0FE9                     	;# 
   605  0FEA                     	;# 
   606  0FEB                     	;# 
   607  0FED                     	;# 
   608  0FEE                     	;# 
   609  0FEF                     	;# 
   610  0000                     	;# 
   611  0001                     	;# 
   612  0002                     	;# 
   613  0003                     	;# 
   614  0004                     	;# 
   615  0005                     	;# 
   616  0006                     	;# 
   617  0007                     	;# 
   618  0008                     	;# 
   619  0009                     	;# 
   620  000A                     	;# 
   621  000B                     	;# 
   622  000C                     	;# 
   623  000D                     	;# 
   624  000E                     	;# 
   625  0011                     	;# 
   626  0012                     	;# 
   627  0013                     	;# 
   628  0015                     	;# 
   629  0016                     	;# 
   630  0016                     	;# 
   631  0017                     	;# 
   632  0018                     	;# 
   633  0019                     	;# 
   634  001A                     	;# 
   635  001B                     	;# 
   636  001C                     	;# 
   637  008C                     	;# 
   638  008D                     	;# 
   639  008E                     	;# 
   640  0091                     	;# 
   641  0092                     	;# 
   642  0093                     	;# 
   643  0095                     	;# 
   644  0096                     	;# 
   645  0097                     	;# 
   646  0099                     	;# 
   647  009A                     	;# 
   648  009B                     	;# 
   649  009B                     	;# 
   650  009C                     	;# 
   651  009D                     	;# 
   652  009E                     	;# 
   653  009F                     	;# 
   654  010C                     	;# 
   655  010D                     	;# 
   656  010E                     	;# 
   657  0111                     	;# 
   658  0112                     	;# 
   659  0113                     	;# 
   660  0114                     	;# 
   661  0115                     	;# 
   662  0116                     	;# 
   663  0117                     	;# 
   664  0118                     	;# 
   665  0119                     	;# 
   666  011D                     	;# 
   667  018C                     	;# 
   668  018D                     	;# 
   669  018E                     	;# 
   670  0191                     	;# 
   671  0191                     	;# 
   672  0192                     	;# 
   673  0193                     	;# 
   674  0193                     	;# 
   675  0194                     	;# 
   676  0195                     	;# 
   677  0196                     	;# 
   678  0197                     	;# 
   679  0199                     	;# 
   680  019A                     	;# 
   681  019B                     	;# 
   682  019B                     	;# 
   683  019C                     	;# 
   684  019D                     	;# 
   685  019E                     	;# 
   686  019F                     	;# 
   687  020C                     	;# 
   688  020D                     	;# 
   689  0211                     	;# 
   690  0211                     	;# 
   691  0212                     	;# 
   692  0212                     	;# 
   693  0213                     	;# 
   694  0213                     	;# 
   695  0214                     	;# 
   696  0214                     	;# 
   697  0215                     	;# 
   698  0215                     	;# 
   699  0215                     	;# 
   700  0216                     	;# 
   701  0216                     	;# 
   702  0217                     	;# 
   703  0217                     	;# 
   704  0391                     	;# 
   705  0392                     	;# 
   706  0393                     	;# 
   707  0394                     	;# 
   708  0395                     	;# 
   709  0396                     	;# 
   710  0498                     	;# 
   711  0498                     	;# 
   712  0499                     	;# 
   713  049A                     	;# 
   714  049B                     	;# 
   715  049B                     	;# 
   716  049C                     	;# 
   717  049D                     	;# 
   718  049E                     	;# 
   719  049F                     	;# 
   720  0611                     	;# 
   721  0612                     	;# 
   722  0613                     	;# 
   723  0613                     	;# 
   724  0614                     	;# 
   725  0615                     	;# 
   726  0616                     	;# 
   727  0616                     	;# 
   728  0617                     	;# 
   729  0618                     	;# 
   730  0619                     	;# 
   731  0619                     	;# 
   732  061A                     	;# 
   733  061B                     	;# 
   734  061C                     	;# 
   735  061C                     	;# 
   736  0691                     	;# 
   737  0692                     	;# 
   738  0693                     	;# 
   739  0694                     	;# 
   740  0695                     	;# 
   741  0F0F                     	;# 
   742  0F10                     	;# 
   743  0F11                     	;# 
   744  0F12                     	;# 
   745  0F13                     	;# 
   746  0F14                     	;# 
   747  0F15                     	;# 
   748  0F16                     	;# 
   749  0F17                     	;# 
   750  0F18                     	;# 
   751  0F19                     	;# 
   752  0F1A                     	;# 
   753  0F1B                     	;# 
   754  0F1C                     	;# 
   755  0F1D                     	;# 
   756  0F1E                     	;# 
   757  0F1F                     	;# 
   758  0F20                     	;# 
   759  0F21                     	;# 
   760  0F22                     	;# 
   761  0F23                     	;# 
   762  0F24                     	;# 
   763  0F25                     	;# 
   764  0F26                     	;# 
   765  0F27                     	;# 
   766  0F28                     	;# 
   767  0F29                     	;# 
   768  0F2A                     	;# 
   769  0F2B                     	;# 
   770  0F2C                     	;# 
   771  0F2D                     	;# 
   772  0F2E                     	;# 
   773  0F2F                     	;# 
   774  0F8C                     	;# 
   775  0F8D                     	;# 
   776  0F91                     	;# 
   777  0F95                     	;# 
   778  0F96                     	;# 
   779  0F97                     	;# 
   780  0F9C                     	;# 
   781  0F9D                     	;# 
   782  0F9E                     	;# 
   783  0FE3                     	;# 
   784  0FE4                     	;# 
   785  0FE5                     	;# 
   786  0FE6                     	;# 
   787  0FE7                     	;# 
   788  0FE8                     	;# 
   789  0FE9                     	;# 
   790  0FEA                     	;# 
   791  0FEB                     	;# 
   792  0FED                     	;# 
   793  0FEE                     	;# 
   794  0FEF                     	;# 
   795                           
   796                           	psect	nvCOMMON
   797  0072                     __pnvCOMMON:
   798  0072                     _timer0ReloadVal:
   799  0072                     	ds	1
   800  0015                     _TMR0	set	21
   801  000B                     _INTCONbits	set	11
   802  000E                     _PORTCbits	set	14
   803  0095                     _OPTION_REG	set	149
   804  0095                     _OPTION_REGbits	set	149
   805  008E                     _TRISC	set	142
   806  008D                     _TRISB	set	141
   807  008C                     _TRISA	set	140
   808  0097                     _WDTCON	set	151
   809  0099                     _OSCCON	set	153
   810  011D                     _APFCON	set	285
   811  010E                     _LATC	set	270
   812  010D                     _LATB	set	269
   813  010C                     _LATA	set	268
   814  0116                     _BORCON	set	278
   815  018C                     _ANSELA	set	396
   816  018D                     _ANSELB	set	397
   817  018E                     _ANSELC	set	398
   818  020C                     _WPUA	set	524
   819  020D                     _WPUB	set	525
   820                           
   821                           	psect	cinit
   822  07FC                     start_initialization:	
   823                           ; #config settings
   824                           
   825  07FC                     __initialization:
   826                           
   827                           ; Clear objects allocated to COMMON
   828  07FC  01F3               	clrf	__pbssCOMMON& (0+127)
   829  07FD                     end_of_initialization:	
   830                           ;End of C runtime variable initialization code
   831                           
   832  07FD                     __end_of__initialization:
   833  07FD  0020               	movlb	0
   834  07FE  3187  2FCE         	ljmp	_main	;jump to C main() function
   835                           
   836                           	psect	bssCOMMON
   837  0073                     __pbssCOMMON:
   838  0073                     _counter:
   839  0073                     	ds	1
   840                           
   841                           	psect	cstackCOMMON
   842  0070                     __pcstackCOMMON:
   843  0070                     ?_PIN_MANAGER_Initialize:
   844  0070                     ??_PIN_MANAGER_Initialize:	
   845                           ; 1 bytes @ 0x0
   846                           
   847  0070                     ?_OSCILLATOR_Initialize:	
   848                           ; 1 bytes @ 0x0
   849                           
   850  0070                     ??_OSCILLATOR_Initialize:	
   851                           ; 1 bytes @ 0x0
   852                           
   853  0070                     ?_WDT_Initialize:	
   854                           ; 1 bytes @ 0x0
   855                           
   856  0070                     ??_WDT_Initialize:	
   857                           ; 1 bytes @ 0x0
   858                           
   859  0070                     ?_TMR0_Initialize:	
   860                           ; 1 bytes @ 0x0
   861                           
   862  0070                     ??_TMR0_Initialize:	
   863                           ; 1 bytes @ 0x0
   864                           
   865  0070                     ?_TMR0_HasOverflowOccured:	
   866                           ; 1 bytes @ 0x0
   867                           
   868  0070                     ??_TMR0_HasOverflowOccured:	
   869                           ; 1 bytes @ 0x0
   870                           
   871  0070                     ?_TMR0_Reload:	
   872                           ; 1 bytes @ 0x0
   873                           
   874  0070                     ??_TMR0_Reload:	
   875                           ; 1 bytes @ 0x0
   876                           
   877  0070                     ?_SYSTEM_Initialize:	
   878                           ; 1 bytes @ 0x0
   879                           
   880  0070                     ?_main:	
   881                           ; 1 bytes @ 0x0
   882                           
   883                           
   884                           ; 1 bytes @ 0x0
   885  0070                     	ds	1
   886  0071                     ??_SYSTEM_Initialize:
   887  0071                     ??_main:	
   888                           ; 1 bytes @ 0x1
   889                           
   890                           
   891                           ; 1 bytes @ 0x1
   892  0071                     	ds	1
   893                           
   894                           	psect	maintext
   895  07CE                     __pmaintext:	
   896 ;;
   897 ;;Main: autosize = 0, tempsize = 1, incstack = 0, save=0
   898 ;;
   899 ;; *************** function _main *****************
   900 ;; Defined at:
   901 ;;		line 50 in file "main.c"
   902 ;; Parameters:    Size  Location     Type
   903 ;;		None
   904 ;; Auto vars:     Size  Location     Type
   905 ;;		None
   906 ;; Return value:  Size  Location     Type
   907 ;;                  1    wreg      void 
   908 ;; Registers used:
   909 ;;		wreg, status,2, status,0, pclath, cstack
   910 ;; Tracked objects:
   911 ;;		On entry : B1F/0
   912 ;;		On exit  : 0/0
   913 ;;		Unchanged: 0/0
   914 ;; Data sizes:     COMMON   BANK0   BANK1   BANK2   BANK3   BANK4   BANK5   BANK6
   915 ;;      Params:         0       0       0       0       0       0       0       0
   916 ;;      Locals:         0       0       0       0       0       0       0       0
   917 ;;      Temps:          1       0       0       0       0       0       0       0
   918 ;;      Totals:         1       0       0       0       0       0       0       0
   919 ;;Total ram usage:        1 bytes
   920 ;; Hardware stack levels required when called: 2
   921 ;; This function calls:
   922 ;;		_SYSTEM_Initialize
   923 ;;		_TMR0_HasOverflowOccured
   924 ;;		_TMR0_Initialize
   925 ;;		_TMR0_Reload
   926 ;; This function is called by:
   927 ;;		Startup code after reset
   928 ;; This function uses a non-reentrant model
   929 ;;
   930                           
   931  07CE                     _main:	
   932                           ;psect for function _main
   933                           
   934  07CE                     l666:	
   935                           ;incstack = 0
   936                           ; Regs used in _main: [wreg+status,2+status,0+pclath+cstack]
   937                           
   938                           
   939                           ;main.c: 53:     SYSTEM_Initialize();
   940  07CE  3187  2799  3187   	fcall	_SYSTEM_Initialize
   941                           
   942                           ;main.c: 54:     TMR0_Initialize();
   943  07D1  3187  27A6  3187   	fcall	_TMR0_Initialize
   944  07D4                     l668:
   945                           
   946                           ;main.c: 55:     PORTCbits.RC0 = 0;
   947  07D4  0020               	movlb	0	; select bank0
   948  07D5  100E               	bcf	14,0	;volatile
   949  07D6                     l42:	
   950                           ;main.c: 56:     while (1)
   951                           
   952                           
   953                           ;main.c: 57:     {;main.c: 58:         if(TMR0_HasOverflowOccured())
   954  07D6  3187  278B  3187   	fcall	_TMR0_HasOverflowOccured
   955  07D9  3A00               	xorlw	0
   956  07DA  1903               	skipnz
   957  07DB  2FDD               	goto	u11
   958  07DC  2FDE               	goto	u10
   959  07DD                     u11:
   960  07DD  2FD6               	goto	l42
   961  07DE                     u10:
   962  07DE                     l670:
   963                           
   964                           ;main.c: 59:         {;main.c: 60:             INTCONbits.TMR0IF = 0;
   965  07DE  110B               	bcf	11,2	;volatile
   966  07DF                     l672:
   967                           
   968                           ;main.c: 61:             TMR0_Reload();
   969  07DF  3187  278F  3187   	fcall	_TMR0_Reload
   970  07E2                     l674:
   971                           
   972                           ;main.c: 62:             counter++;
   973  07E2  3001               	movlw	1
   974  07E3  00F1               	movwf	??_main
   975  07E4  0871               	movf	??_main,w
   976  07E5  07F3               	addwf	_counter,f
   977  07E6                     l676:
   978                           
   979                           ;main.c: 63:             if(counter == 80)
   980  07E6  3050               	movlw	80
   981  07E7  0673               	xorwf	_counter,w
   982  07E8  1D03               	btfss	3,2
   983  07E9  2FEB               	goto	u21
   984  07EA  2FEC               	goto	u20
   985  07EB                     u21:
   986  07EB  2FD6               	goto	l42
   987  07EC                     u20:
   988  07EC                     l678:
   989                           
   990                           ;main.c: 64:             {;main.c: 65:                 PORTCbits.RC0 =~ PORTCbits.RC0;
   991  07EC  1003               	clrc
   992  07ED  0020               	movlb	0	; select bank0
   993  07EE  1C0E               	btfss	14,0	;volatile
   994  07EF  1403               	setc
   995  07F0  1803               	btfsc	3,0
   996  07F1  2FF3               	goto	u31
   997  07F2  2FF6               	goto	u30
   998  07F3                     u31:
   999  07F3  0020               	movlb	0	; select bank0
  1000  07F4  140E               	bsf	14,0	;volatile
  1001  07F5  2FF8               	goto	u44
  1002  07F6                     u30:
  1003  07F6  0020               	movlb	0	; select bank0
  1004  07F7  100E               	bcf	14,0	;volatile
  1005  07F8                     u44:
  1006  07F8                     l680:
  1007                           
  1008                           ;main.c: 66:                 counter = 0;
  1009  07F8  01F3               	clrf	_counter
  1010  07F9  2FD6               	goto	l42
  1011  07FA  3180  2802         	ljmp	start
  1012  07FC                     __end_of_main:
  1013                           
  1014                           	psect	text1
  1015  078F                     __ptext1:	
  1016 ;; *************** function _TMR0_Reload *****************
  1017 ;; Defined at:
  1018 ;;		line 95 in file "mcc_generated_files/tmr0.c"
  1019 ;; Parameters:    Size  Location     Type
  1020 ;;		None
  1021 ;; Auto vars:     Size  Location     Type
  1022 ;;		None
  1023 ;; Return value:  Size  Location     Type
  1024 ;;                  1    wreg      void 
  1025 ;; Registers used:
  1026 ;;		wreg
  1027 ;; Tracked objects:
  1028 ;;		On entry : 0/0
  1029 ;;		On exit  : 0/0
  1030 ;;		Unchanged: 0/0
  1031 ;; Data sizes:     COMMON   BANK0   BANK1   BANK2   BANK3   BANK4   BANK5   BANK6
  1032 ;;      Params:         0       0       0       0       0       0       0       0
  1033 ;;      Locals:         0       0       0       0       0       0       0       0
  1034 ;;      Temps:          0       0       0       0       0       0       0       0
  1035 ;;      Totals:         0       0       0       0       0       0       0       0
  1036 ;;Total ram usage:        0 bytes
  1037 ;; Hardware stack levels used: 1
  1038 ;; This function calls:
  1039 ;;		Nothing
  1040 ;; This function is called by:
  1041 ;;		_main
  1042 ;; This function uses a non-reentrant model
  1043 ;;
  1044                           
  1045  078F                     _TMR0_Reload:	
  1046                           ;psect for function _TMR0_Reload
  1047                           
  1048  078F                     l664:	
  1049                           ;incstack = 0
  1050                           ; Regs used in _TMR0_Reload: [wreg]
  1051                           
  1052                           
  1053                           ;mcc_generated_files/tmr0.c: 98:     TMR0 = timer0ReloadVal;
  1054  078F  0872               	movf	_timer0ReloadVal,w	;volatile
  1055  0790  0020               	movlb	0	; select bank0
  1056  0791  0095               	movwf	21	;volatile
  1057  0792                     l99:
  1058  0792  0008               	return
  1059  0793                     __end_of_TMR0_Reload:
  1060                           
  1061                           	psect	text2
  1062  078B                     __ptext2:	
  1063 ;; *************** function _TMR0_HasOverflowOccured *****************
  1064 ;; Defined at:
  1065 ;;		line 101 in file "mcc_generated_files/tmr0.c"
  1066 ;; Parameters:    Size  Location     Type
  1067 ;;		None
  1068 ;; Auto vars:     Size  Location     Type
  1069 ;;		None
  1070 ;; Return value:  Size  Location     Type
  1071 ;;                  1    wreg      _Bool 
  1072 ;; Registers used:
  1073 ;;		wreg, status,2, status,0
  1074 ;; Tracked objects:
  1075 ;;		On entry : 0/0
  1076 ;;		On exit  : 0/0
  1077 ;;		Unchanged: 0/0
  1078 ;; Data sizes:     COMMON   BANK0   BANK1   BANK2   BANK3   BANK4   BANK5   BANK6
  1079 ;;      Params:         0       0       0       0       0       0       0       0
  1080 ;;      Locals:         0       0       0       0       0       0       0       0
  1081 ;;      Temps:          0       0       0       0       0       0       0       0
  1082 ;;      Totals:         0       0       0       0       0       0       0       0
  1083 ;;Total ram usage:        0 bytes
  1084 ;; Hardware stack levels used: 1
  1085 ;; This function calls:
  1086 ;;		Nothing
  1087 ;; This function is called by:
  1088 ;;		_main
  1089 ;; This function uses a non-reentrant model
  1090 ;;
  1091                           
  1092  078B                     _TMR0_HasOverflowOccured:	
  1093                           ;psect for function _TMR0_HasOverflowOccured
  1094                           
  1095  078B                     l660:	
  1096                           ;incstack = 0
  1097                           ; Regs used in _TMR0_HasOverflowOccured: [wreg+status,2+status,0]
  1098                           
  1099                           
  1100                           ;mcc_generated_files/tmr0.c: 104:     return(INTCONbits.TMR0IF);
  1101  078B  0C0B               	rrf	11,w	;volatile
  1102  078C  0C89               	rrf	9,f
  1103  078D  3901               	andlw	1
  1104  078E                     l102:
  1105  078E  0008               	return
  1106  078F                     __end_of_TMR0_HasOverflowOccured:
  1107                           
  1108                           	psect	text3
  1109  0799                     __ptext3:	
  1110 ;; *************** function _SYSTEM_Initialize *****************
  1111 ;; Defined at:
  1112 ;;		line 50 in file "mcc_generated_files/mcc.c"
  1113 ;; Parameters:    Size  Location     Type
  1114 ;;		None
  1115 ;; Auto vars:     Size  Location     Type
  1116 ;;		None
  1117 ;; Return value:  Size  Location     Type
  1118 ;;                  1    wreg      void 
  1119 ;; Registers used:
  1120 ;;		wreg, status,2, status,0, pclath, cstack
  1121 ;; Tracked objects:
  1122 ;;		On entry : 0/0
  1123 ;;		On exit  : 0/0
  1124 ;;		Unchanged: 0/0
  1125 ;; Data sizes:     COMMON   BANK0   BANK1   BANK2   BANK3   BANK4   BANK5   BANK6
  1126 ;;      Params:         0       0       0       0       0       0       0       0
  1127 ;;      Locals:         0       0       0       0       0       0       0       0
  1128 ;;      Temps:          0       0       0       0       0       0       0       0
  1129 ;;      Totals:         0       0       0       0       0       0       0       0
  1130 ;;Total ram usage:        0 bytes
  1131 ;; Hardware stack levels used: 1
  1132 ;; Hardware stack levels required when called: 1
  1133 ;; This function calls:
  1134 ;;		_OSCILLATOR_Initialize
  1135 ;;		_PIN_MANAGER_Initialize
  1136 ;;		_TMR0_Initialize
  1137 ;;		_WDT_Initialize
  1138 ;; This function is called by:
  1139 ;;		_main
  1140 ;; This function uses a non-reentrant model
  1141 ;;
  1142                           
  1143  0799                     _SYSTEM_Initialize:	
  1144                           ;psect for function _SYSTEM_Initialize
  1145                           
  1146  0799                     l658:	
  1147                           ;incstack = 0
  1148                           ; Regs used in _SYSTEM_Initialize: [wreg+status,2+status,0+pclath+cstack]
  1149                           
  1150                           
  1151                           ;mcc_generated_files/mcc.c: 53:     PIN_MANAGER_Initialize();
  1152  0799  3187  27B4  3187   	fcall	_PIN_MANAGER_Initialize
  1153                           
  1154                           ;mcc_generated_files/mcc.c: 54:     OSCILLATOR_Initialize();
  1155  079C  3187  2793  3187   	fcall	_OSCILLATOR_Initialize
  1156                           
  1157                           ;mcc_generated_files/mcc.c: 55:     WDT_Initialize();
  1158  079F  3187  2787  3187   	fcall	_WDT_Initialize
  1159                           
  1160                           ;mcc_generated_files/mcc.c: 56:     TMR0_Initialize();
  1161  07A2  3187  27A6  3187   	fcall	_TMR0_Initialize
  1162  07A5                     l17:
  1163  07A5  0008               	return
  1164  07A6                     __end_of_SYSTEM_Initialize:
  1165                           
  1166                           	psect	text4
  1167  0787                     __ptext4:	
  1168 ;; *************** function _WDT_Initialize *****************
  1169 ;; Defined at:
  1170 ;;		line 67 in file "mcc_generated_files/mcc.c"
  1171 ;; Parameters:    Size  Location     Type
  1172 ;;		None
  1173 ;; Auto vars:     Size  Location     Type
  1174 ;;		None
  1175 ;; Return value:  Size  Location     Type
  1176 ;;                  1    wreg      void 
  1177 ;; Registers used:
  1178 ;;		wreg
  1179 ;; Tracked objects:
  1180 ;;		On entry : 0/0
  1181 ;;		On exit  : 0/0
  1182 ;;		Unchanged: 0/0
  1183 ;; Data sizes:     COMMON   BANK0   BANK1   BANK2   BANK3   BANK4   BANK5   BANK6
  1184 ;;      Params:         0       0       0       0       0       0       0       0
  1185 ;;      Locals:         0       0       0       0       0       0       0       0
  1186 ;;      Temps:          0       0       0       0       0       0       0       0
  1187 ;;      Totals:         0       0       0       0       0       0       0       0
  1188 ;;Total ram usage:        0 bytes
  1189 ;; Hardware stack levels used: 1
  1190 ;; This function calls:
  1191 ;;		Nothing
  1192 ;; This function is called by:
  1193 ;;		_SYSTEM_Initialize
  1194 ;; This function uses a non-reentrant model
  1195 ;;
  1196                           
  1197  0787                     _WDT_Initialize:	
  1198                           ;psect for function _WDT_Initialize
  1199                           
  1200  0787                     l648:	
  1201                           ;incstack = 0
  1202                           ; Regs used in _WDT_Initialize: [wreg]
  1203                           
  1204                           
  1205                           ;mcc_generated_files/mcc.c: 70:     WDTCON = 0x16;
  1206  0787  3016               	movlw	22
  1207  0788  0021               	movlb	1	; select bank1
  1208  0789  0097               	movwf	23	;volatile
  1209  078A                     l23:
  1210  078A  0008               	return
  1211  078B                     __end_of_WDT_Initialize:
  1212                           
  1213                           	psect	text5
  1214  07A6                     __ptext5:	
  1215 ;; *************** function _TMR0_Initialize *****************
  1216 ;; Defined at:
  1217 ;;		line 63 in file "mcc_generated_files/tmr0.c"
  1218 ;; Parameters:    Size  Location     Type
  1219 ;;		None
  1220 ;; Auto vars:     Size  Location     Type
  1221 ;;		None
  1222 ;; Return value:  Size  Location     Type
  1223 ;;                  1    wreg      void 
  1224 ;; Registers used:
  1225 ;;		wreg, status,2
  1226 ;; Tracked objects:
  1227 ;;		On entry : 0/0
  1228 ;;		On exit  : 0/0
  1229 ;;		Unchanged: 0/0
  1230 ;; Data sizes:     COMMON   BANK0   BANK1   BANK2   BANK3   BANK4   BANK5   BANK6
  1231 ;;      Params:         0       0       0       0       0       0       0       0
  1232 ;;      Locals:         0       0       0       0       0       0       0       0
  1233 ;;      Temps:          1       0       0       0       0       0       0       0
  1234 ;;      Totals:         1       0       0       0       0       0       0       0
  1235 ;;Total ram usage:        1 bytes
  1236 ;; Hardware stack levels used: 1
  1237 ;; This function calls:
  1238 ;;		Nothing
  1239 ;; This function is called by:
  1240 ;;		_SYSTEM_Initialize
  1241 ;;		_main
  1242 ;; This function uses a non-reentrant model
  1243 ;;
  1244                           
  1245  07A6                     _TMR0_Initialize:	
  1246                           ;psect for function _TMR0_Initialize
  1247                           
  1248  07A6                     l650:	
  1249                           ;incstack = 0
  1250                           ; Regs used in _TMR0_Initialize: [wreg+status,2]
  1251                           
  1252                           
  1253                           ;mcc_generated_files/tmr0.c: 68:     OPTION_REG = (uint8_t)((OPTION_REG & 0xC0) | (0xD7 
      +                          & 0x3F));
  1254  07A6  0021               	movlb	1	; select bank1
  1255  07A7  0815               	movf	21,w	;volatile
  1256  07A8  39C0               	andlw	192
  1257  07A9  3817               	iorlw	23
  1258  07AA  0095               	movwf	21	;volatile
  1259  07AB                     l652:
  1260                           
  1261                           ;mcc_generated_files/tmr0.c: 71:     TMR0 = 0x0C;
  1262  07AB  300C               	movlw	12
  1263  07AC  0020               	movlb	0	; select bank0
  1264  07AD  0095               	movwf	21	;volatile
  1265  07AE                     l654:
  1266                           
  1267                           ;mcc_generated_files/tmr0.c: 74:     timer0ReloadVal= 12;
  1268  07AE  300C               	movlw	12
  1269  07AF  00F0               	movwf	??_TMR0_Initialize
  1270  07B0  0870               	movf	??_TMR0_Initialize,w
  1271  07B1  00F2               	movwf	_timer0ReloadVal	;volatile
  1272  07B2                     l656:
  1273                           
  1274                           ;mcc_generated_files/tmr0.c: 77:     INTCONbits.TMR0IF = 0;
  1275  07B2  110B               	bcf	11,2	;volatile
  1276  07B3                     l90:
  1277  07B3  0008               	return
  1278  07B4                     __end_of_TMR0_Initialize:
  1279                           
  1280                           	psect	text6
  1281  07B4                     __ptext6:	
  1282 ;; *************** function _PIN_MANAGER_Initialize *****************
  1283 ;; Defined at:
  1284 ;;		line 55 in file "mcc_generated_files/pin_manager.c"
  1285 ;; Parameters:    Size  Location     Type
  1286 ;;		None
  1287 ;; Auto vars:     Size  Location     Type
  1288 ;;		None
  1289 ;; Return value:  Size  Location     Type
  1290 ;;                  1    wreg      void 
  1291 ;; Registers used:
  1292 ;;		wreg, status,2
  1293 ;; Tracked objects:
  1294 ;;		On entry : 0/0
  1295 ;;		On exit  : 0/0
  1296 ;;		Unchanged: 0/0
  1297 ;; Data sizes:     COMMON   BANK0   BANK1   BANK2   BANK3   BANK4   BANK5   BANK6
  1298 ;;      Params:         0       0       0       0       0       0       0       0
  1299 ;;      Locals:         0       0       0       0       0       0       0       0
  1300 ;;      Temps:          0       0       0       0       0       0       0       0
  1301 ;;      Totals:         0       0       0       0       0       0       0       0
  1302 ;;Total ram usage:        0 bytes
  1303 ;; Hardware stack levels used: 1
  1304 ;; This function calls:
  1305 ;;		Nothing
  1306 ;; This function is called by:
  1307 ;;		_SYSTEM_Initialize
  1308 ;; This function uses a non-reentrant model
  1309 ;;
  1310                           
  1311  07B4                     _PIN_MANAGER_Initialize:	
  1312                           ;psect for function _PIN_MANAGER_Initialize
  1313                           
  1314  07B4                     l628:	
  1315                           ;incstack = 0
  1316                           ; Regs used in _PIN_MANAGER_Initialize: [wreg+status,2]
  1317                           
  1318                           
  1319                           ;mcc_generated_files/pin_manager.c: 60:     LATA = 0x00;
  1320  07B4  0022               	movlb	2	; select bank2
  1321  07B5  018C               	clrf	12	;volatile
  1322                           
  1323                           ;mcc_generated_files/pin_manager.c: 61:     LATB = 0x00;
  1324  07B6  018D               	clrf	13	;volatile
  1325                           
  1326                           ;mcc_generated_files/pin_manager.c: 62:     LATC = 0x00;
  1327  07B7  018E               	clrf	14	;volatile
  1328  07B8                     l630:
  1329                           
  1330                           ;mcc_generated_files/pin_manager.c: 67:     TRISA = 0x3F;
  1331  07B8  303F               	movlw	63
  1332  07B9  0021               	movlb	1	; select bank1
  1333  07BA  008C               	movwf	12	;volatile
  1334  07BB                     l632:
  1335                           
  1336                           ;mcc_generated_files/pin_manager.c: 68:     TRISB = 0xF0;
  1337  07BB  30F0               	movlw	240
  1338  07BC  008D               	movwf	13	;volatile
  1339  07BD                     l634:
  1340                           
  1341                           ;mcc_generated_files/pin_manager.c: 69:     TRISC = 0xFE;
  1342  07BD  30FE               	movlw	254
  1343  07BE  008E               	movwf	14	;volatile
  1344  07BF                     l636:
  1345                           
  1346                           ;mcc_generated_files/pin_manager.c: 74:     ANSELC = 0xCE;
  1347  07BF  30CE               	movlw	206
  1348  07C0  0023               	movlb	3	; select bank3
  1349  07C1  008E               	movwf	14	;volatile
  1350  07C2                     l638:
  1351                           
  1352                           ;mcc_generated_files/pin_manager.c: 75:     ANSELB = 0x30;
  1353  07C2  3030               	movlw	48
  1354  07C3  008D               	movwf	13	;volatile
  1355  07C4                     l640:
  1356                           
  1357                           ;mcc_generated_files/pin_manager.c: 76:     ANSELA = 0x17;
  1358  07C4  3017               	movlw	23
  1359  07C5  008C               	movwf	12	;volatile
  1360                           
  1361                           ;mcc_generated_files/pin_manager.c: 81:     WPUB = 0x00;
  1362  07C6  0024               	movlb	4	; select bank4
  1363  07C7  018D               	clrf	13	;volatile
  1364                           
  1365                           ;mcc_generated_files/pin_manager.c: 82:     WPUA = 0x00;
  1366  07C8  018C               	clrf	12	;volatile
  1367  07C9                     l642:
  1368                           
  1369                           ;mcc_generated_files/pin_manager.c: 83:     OPTION_REGbits.nWPUEN = 1;
  1370  07C9  0021               	movlb	1	; select bank1
  1371  07CA  1795               	bsf	21,7	;volatile
  1372                           
  1373                           ;mcc_generated_files/pin_manager.c: 89:     APFCON = 0x00;
  1374  07CB  0022               	movlb	2	; select bank2
  1375  07CC  019D               	clrf	29	;volatile
  1376  07CD                     l76:
  1377  07CD  0008               	return
  1378  07CE                     __end_of_PIN_MANAGER_Initialize:
  1379                           
  1380                           	psect	text7
  1381  0793                     __ptext7:	
  1382 ;; *************** function _OSCILLATOR_Initialize *****************
  1383 ;; Defined at:
  1384 ;;		line 59 in file "mcc_generated_files/mcc.c"
  1385 ;; Parameters:    Size  Location     Type
  1386 ;;		None
  1387 ;; Auto vars:     Size  Location     Type
  1388 ;;		None
  1389 ;; Return value:  Size  Location     Type
  1390 ;;                  1    wreg      void 
  1391 ;; Registers used:
  1392 ;;		wreg, status,2
  1393 ;; Tracked objects:
  1394 ;;		On entry : 0/0
  1395 ;;		On exit  : 0/0
  1396 ;;		Unchanged: 0/0
  1397 ;; Data sizes:     COMMON   BANK0   BANK1   BANK2   BANK3   BANK4   BANK5   BANK6
  1398 ;;      Params:         0       0       0       0       0       0       0       0
  1399 ;;      Locals:         0       0       0       0       0       0       0       0
  1400 ;;      Temps:          0       0       0       0       0       0       0       0
  1401 ;;      Totals:         0       0       0       0       0       0       0       0
  1402 ;;Total ram usage:        0 bytes
  1403 ;; Hardware stack levels used: 1
  1404 ;; This function calls:
  1405 ;;		Nothing
  1406 ;; This function is called by:
  1407 ;;		_SYSTEM_Initialize
  1408 ;; This function uses a non-reentrant model
  1409 ;;
  1410                           
  1411  0793                     _OSCILLATOR_Initialize:	
  1412                           ;psect for function _OSCILLATOR_Initialize
  1413                           
  1414  0793                     l644:	
  1415                           ;incstack = 0
  1416                           ; Regs used in _OSCILLATOR_Initialize: [wreg+status,2]
  1417                           
  1418                           
  1419                           ;mcc_generated_files/mcc.c: 62:     OSCCON = 0x38;
  1420  0793  3038               	movlw	56
  1421  0794  0021               	movlb	1	; select bank1
  1422  0795  0099               	movwf	25	;volatile
  1423  0796                     l646:
  1424                           
  1425                           ;mcc_generated_files/mcc.c: 64:     BORCON = 0x00;
  1426  0796  0022               	movlb	2	; select bank2
  1427  0797  0196               	clrf	22	;volatile
  1428  0798                     l20:
  1429  0798  0008               	return
  1430  0799                     __end_of_OSCILLATOR_Initialize:
  1431  007E                     btemp	set	126	;btemp
  1432  007E                     wtemp0	set	126
  1433                           
  1434                           	psect	idloc
  1435                           
  1436                           ;Config register IDLOC0 @ 0x8000
  1437                           ;	unspecified, using default values
  1438  8000                     	org	32768
  1439  8000  3FFF               	dw	16383
  1440                           
  1441                           ;Config register IDLOC1 @ 0x8001
  1442                           ;	unspecified, using default values
  1443  8001                     	org	32769
  1444  8001  3FFF               	dw	16383
  1445                           
  1446                           ;Config register IDLOC2 @ 0x8002
  1447                           ;	unspecified, using default values
  1448  8002                     	org	32770
  1449  8002  3FFF               	dw	16383
  1450                           
  1451                           ;Config register IDLOC3 @ 0x8003
  1452                           ;	unspecified, using default values
  1453  8003                     	org	32771
  1454  8003  3FFF               	dw	16383
  1455                           
  1456                           	psect	config
  1457                           
  1458                           ;Config register CONFIG1 @ 0x8007
  1459                           ;	Oscillator Selection Bits
  1460                           ;	FOSC = HS, HS Oscillator, High-speed crystal/resonator connected between OSC1 and OSC2
      +                           pins
  1461                           ;	Watchdog Timer Enable
  1462                           ;	WDTE = OFF, WDT disabled
  1463                           ;	Power-up Timer Enable
  1464                           ;	PWRTE = OFF, PWRT disabled
  1465                           ;	MCLR Pin Function Select
  1466                           ;	MCLRE = ON, MCLR/VPP pin function is MCLR
  1467                           ;	Flash Program Memory Code Protection
  1468                           ;	CP = OFF, Program memory code protection is disabled
  1469                           ;	Brown-out Reset Enable
  1470                           ;	BOREN = OFF, Brown-out Reset disabled
  1471                           ;	Clock Out Enable
  1472                           ;	CLKOUTEN = OFF, CLKOUT function is disabled. I/O or oscillator function on the CLKOUT 
      +                          pin
  1473                           ;	Internal/External Switchover Mode
  1474                           ;	IESO = OFF, Internal/External Switchover Mode is disabled
  1475                           ;	Fail-Safe Clock Monitor Enable
  1476                           ;	FCMEN = OFF, Fail-Safe Clock Monitor is disabled
  1477  8007                     	org	32775
  1478  8007  09E2               	dw	2530
  1479                           
  1480                           ;Config register CONFIG2 @ 0x8008
  1481                           ;	Flash Memory Self-Write Protection
  1482                           ;	WRT = OFF, Write protection off
  1483                           ;	Stack Overflow/Underflow Reset Enable
  1484                           ;	STVREN = ON, Stack Overflow or Underflow will cause a Reset
  1485                           ;	Brown-out Reset Voltage Selection
  1486                           ;	BORV = LO, Brown-out Reset Voltage (Vbor), low trip point selected.
  1487                           ;	Low-Power Brown Out Reset
  1488                           ;	LPBOR = OFF, Low-Power BOR is disabled
  1489                           ;	Low-Voltage Programming Enable
  1490                           ;	LVP = ON, Low-voltage programming enabled
  1491  8008                     	org	32776
  1492  8008  3FFF               	dw	16383

Data Sizes:
    Strings     0
    Constant    0
    Data        0
    BSS         1
    Persistent  33
    Stack       0

Auto Spaces:
    Space          Size  Autos    Used
    COMMON           14      2       4
    BANK0            80      0       0
    BANK1            80      0       0
    BANK2            80      0       0
    BANK3            80      0       0
    BANK4            80      0       0
    BANK5            80      0       0
    BANK6            16      0       0

Pointer List with Targets:

    None.

Critical Paths under _main in COMMON

    _main->_TMR0_Initialize
    _SYSTEM_Initialize->_TMR0_Initialize

Critical Paths under _main in BANK0

    None.

Critical Paths under _main in BANK1

    None.

Critical Paths under _main in BANK2

    None.

Critical Paths under _main in BANK3

    None.

Critical Paths under _main in BANK4

    None.

Critical Paths under _main in BANK5

    None.

Critical Paths under _main in BANK6

    None.

Call Graph Tables:

 ---------------------------------------------------------------------------------
 (Depth) Function   	        Calls       Base Space   Used Autos Params    Refs
 ---------------------------------------------------------------------------------
 (0) _main                                                 1     1      0       0
                                              1 COMMON     1     1      0
                  _SYSTEM_Initialize
            _TMR0_HasOverflowOccured
                    _TMR0_Initialize
                        _TMR0_Reload
 ---------------------------------------------------------------------------------
 (1) _TMR0_Reload                                          0     0      0       0
 ---------------------------------------------------------------------------------
 (1) _TMR0_HasOverflowOccured                              0     0      0       0
 ---------------------------------------------------------------------------------
 (1) _SYSTEM_Initialize                                    0     0      0       0
              _OSCILLATOR_Initialize
             _PIN_MANAGER_Initialize
                    _TMR0_Initialize
                     _WDT_Initialize
 ---------------------------------------------------------------------------------
 (2) _WDT_Initialize                                       0     0      0       0
 ---------------------------------------------------------------------------------
 (1) _TMR0_Initialize                                      1     1      0       0
                                              0 COMMON     1     1      0
 ---------------------------------------------------------------------------------
 (2) _PIN_MANAGER_Initialize                               0     0      0       0
 ---------------------------------------------------------------------------------
 (2) _OSCILLATOR_Initialize                                0     0      0       0
 ---------------------------------------------------------------------------------
 Estimated maximum stack depth 2
 ---------------------------------------------------------------------------------

 Call Graph Graphs:

 _main (ROOT)
   _SYSTEM_Initialize
     _OSCILLATOR_Initialize
     _PIN_MANAGER_Initialize
     _TMR0_Initialize
     _WDT_Initialize
   _TMR0_HasOverflowOccured
   _TMR0_Initialize
   _TMR0_Reload

 Address spaces:
Name               Size   Autos  Total    Cost      Usage
BIGRAM             1F0      0       0       0        0.0%
NULL                 0      0       0       0        0.0%
CODE                 0      0       0       0        0.0%
BITCOMMON            E      0       0       1        0.0%
BITSFR0              0      0       0       1        0.0%
SFR0                 0      0       0       1        0.0%
COMMON               E      2       4       2       28.6%
BITSFR1              0      0       0       2        0.0%
SFR1                 0      0       0       2        0.0%
BITSFR2              0      0       0       3        0.0%
SFR2                 0      0       0       3        0.0%
STACK                0      0       0       3        0.0%
BITSFR3              0      0       0       4        0.0%
SFR3                 0      0       0       4        0.0%
ABS                  0      0       4       4        0.0%
BITBANK0            50      0       0       5        0.0%
BITSFR4              0      0       0       5        0.0%
SFR4                 0      0       0       5        0.0%
BANK0               50      0       0       6        0.0%
BITSFR5              0      0       0       6        0.0%
SFR5                 0      0       0       6        0.0%
BITBANK1            50      0       0       7        0.0%
BITSFR6              0      0       0       7        0.0%
SFR6                 0      0       0       7        0.0%
BANK1               50      0       0       8        0.0%
BITSFR7              0      0       0       8        0.0%
SFR7                 0      0       0       8        0.0%
BITBANK2            50      0       0       9        0.0%
BITSFR8              0      0       0       9        0.0%
SFR8                 0      0       0       9        0.0%
BANK2               50      0       0      10        0.0%
BITSFR9              0      0       0      10        0.0%
SFR9                 0      0       0      10        0.0%
BITBANK3            50      0       0      11        0.0%
BITSFR10             0      0       0      11        0.0%
SFR10                0      0       0      11        0.0%
BANK3               50      0       0      12        0.0%
BITSFR11             0      0       0      12        0.0%
SFR11                0      0       0      12        0.0%
BITBANK4            50      0       0      13        0.0%
BITSFR12             0      0       0      13        0.0%
SFR12                0      0       0      13        0.0%
BANK4               50      0       0      14        0.0%
BITSFR13             0      0       0      14        0.0%
SFR13                0      0       0      14        0.0%
BITBANK5            50      0       0      15        0.0%
BITSFR14             0      0       0      15        0.0%
SFR14                0      0       0      15        0.0%
BANK5               50      0       0      16        0.0%
BITSFR15             0      0       0      16        0.0%
SFR15                0      0       0      16        0.0%
BITBANK6            10      0       0      17        0.0%
BITSFR16             0      0       0      17        0.0%
SFR16                0      0       0      17        0.0%
BANK6               10      0       0      18        0.0%
BITSFR17             0      0       0      18        0.0%
SFR17                0      0       0      18        0.0%
BITSFR18             0      0       0      19        0.0%
SFR18                0      0       0      19        0.0%
DATA                 0      0       4      19        0.0%
BITSFR19             0      0       0      20        0.0%
SFR19                0      0       0      20        0.0%
BITSFR20             0      0       0      21        0.0%
SFR20                0      0       0      21        0.0%
BITSFR21             0      0       0      22        0.0%
SFR21                0      0       0      22        0.0%
BITSFR22             0      0       0      23        0.0%
SFR22                0      0       0      23        0.0%
BITSFR23             0      0       0      24        0.0%
SFR23                0      0       0      24        0.0%
BITSFR24             0      0       0      25        0.0%
SFR24                0      0       0      25        0.0%
BITSFR25             0      0       0      26        0.0%
SFR25                0      0       0      26        0.0%
BITSFR26             0      0       0      27        0.0%
SFR26                0      0       0      27        0.0%
BITSFR27             0      0       0      28        0.0%
SFR27                0      0       0      28        0.0%
BITSFR28             0      0       0      29        0.0%
SFR28                0      0       0      29        0.0%
BITSFR29             0      0       0      30        0.0%
SFR29                0      0       0      30        0.0%
BITSFR30             0      0       0      31        0.0%
SFR30                0      0       0      31        0.0%
BITSFR31             0      0       0      32        0.0%
SFR31                0      0       0      32        0.0%


Microchip Technology PIC Macro Assembler V2.36 build 20220127204148 
Symbol Table                                                                                   Sun Mar 20 17:23:42 2022

__end_of_TMR0_HasOverflowOccured 078F                               l20 0798                               l23 078A  
                             l17 07A5                               l42 07D6                               l90 07B3  
                             l76 07CD                               l99 0792                               u10 07DE  
                             u11 07DD                               u20 07EC                               u21 07EB  
                             u30 07F6                               u31 07F3                               u44 07F8  
                _timer0ReloadVal 0072                              l102 078E                              l630 07B8  
                            l640 07C4                              l632 07BB                              l642 07C9  
                            l634 07BD                              l650 07A6                              l644 0793  
                            l636 07BF                              l628 07B4                              l652 07AB  
                            l660 078B                              l646 0796                              l638 07C2  
                            l654 07AE                              l670 07DE                              l656 07B2  
                            l648 0787                              l664 078F                              l680 07F8  
                            l672 07DF                              l658 0799                              l674 07E2  
                            l666 07CE                              l676 07E6                              l668 07D4  
                            l678 07EC                              wreg 0009                             _LATA 010C  
                           _LATB 010D                             _LATC 010E                             _TMR0 0015  
                           _WPUA 020C                             _WPUB 020D                             _main 07CE  
                           btemp 007E                             start 0002          __end_of_TMR0_Initialize 07B4  
  __end_of_OSCILLATOR_Initialize 0799                            ?_main 0070                            _TRISA 008C  
                          _TRISB 008D                            _TRISC 008E                   _WDT_Initialize 0787  
                          status 0003                            wtemp0 007E                  __initialization 07FC  
                   __end_of_main 07FC                           ??_main 0071           __end_of_WDT_Initialize 078B  
                         _APFCON 011D                           _ANSELA 018C                           _ANSELB 018D  
                         _ANSELC 018E                           _BORCON 0116                           _OSCCON 0099  
                         _WDTCON 0097                     ?_TMR0_Reload 0070                 ?_TMR0_Initialize 0070  
                ?_WDT_Initialize 0070                _SYSTEM_Initialize 0799          __end_of__initialization 07FD  
             ?_SYSTEM_Initialize 0070                   __pcstackCOMMON 0070              ??_SYSTEM_Initialize 0071  
                 _OPTION_REGbits 0095        __end_of_SYSTEM_Initialize 07A6                       __pnvCOMMON 0072  
                     __pmaintext 07CE          _TMR0_HasOverflowOccured 078B                          __ptext1 078F  
                        __ptext2 078B                          __ptext3 0799                          __ptext4 0787  
                        __ptext5 07A6                          __ptext6 07B4                          __ptext7 0793  
                        _counter 0073            _OSCILLATOR_Initialize 0793         ??_PIN_MANAGER_Initialize 0070  
           end_of_initialization 07FD                 ??_WDT_Initialize 0070                        _PORTCbits 000E  
      ??_TMR0_HasOverflowOccured 0070           ?_OSCILLATOR_Initialize 0070              start_initialization 07FC  
                    __pbssCOMMON 0073                        ___latbits 0002           _PIN_MANAGER_Initialize 07B4  
              ??_TMR0_Initialize 0070                    ??_TMR0_Reload 0070          ??_OSCILLATOR_Initialize 0070  
            __end_of_TMR0_Reload 0793         ?_TMR0_HasOverflowOccured 0070                       _INTCONbits 000B  
        ?_PIN_MANAGER_Initialize 0070                      _TMR0_Reload 078F                       _OPTION_REG 0095  
                _TMR0_Initialize 07A6   __end_of_PIN_MANAGER_Initialize 07CE  
